<!DOCTYPE html>
<html>
<head>
  
<meta http-equiv="Content-Type" content="text/html; charset=UTF-8" />

<script type="text/javascript" src="js/jquery.min.js"></script>
<script type="text/javascript" src="js/jquery.tablesorter.min.js"></script>
<script type="text/javascript" src="js/Chart.min.js"></script>
<script type="text/javascript" src="js/bootstrap.min.js"></script>

<link rel="stylesheet" href="css/bootstrap.min.css" type="text/css"/>
<link rel="stylesheet" href="css/reporting.css" type="text/css"/>
<link rel="stylesheet" href="css/font-awesome.min.css"/>
<link rel="shortcut icon" href="images/favicon.png"/>

<script type="text/javascript">
$(document).ready(function() {
    // this will tell tablesorter to try looking for the data-value attribute
    // if present, it'll sort by that instead
    // otherwise, it'll sort by the text content of the table cell
    $("#tablesorter").tablesorter({
        textAttribute: 'data-value',
        // ignores the first row of the header, the 'scenario', 'steps', since
        // sorting those doesn't make sense
        selectorHeaders: '> thead tr:not(.dont-sort) th',
        // use a stable sort
        sortStable: true
    });
});
</script>












  
<title>Cucumber-JVM Reports  - Feature: 19 Floor Tests</title>

</head>
<body>

<nav class="navbar navbar-default navbar-fixed-top" id="navigation">
  <div class="container-fluid">
    <div class="collapse navbar-collapse">
      <p class="navbar-text navbar-left">Cucumber-JVM Report</p>
      <ul class="nav navbar-nav navbar-right">
                <li role="presentation" ><a href="feature-overview.html">Features</a></li>
        <li role="presentation" ><a href="tag-overview.html">Tags</a></li>
        <li role="presentation" ><a href="step-overview.html">Steps</a></li>
        <li role="presentation" ><a href="failures-overview.html">Failures</a></li>
      </ul>
    </div>
  </div>
</nav>

<div class="container-fluid" id="build-info">
  <div class="row">
    <div class="col-md-6 col-md-offset-1">
      <table class="table table-bordered">
        <thead>
          <tr>
            <th>Project</th>
                          <th>Number</th>
                        <th>Date</th>
          </tr>
        </thead>
        <tbody>
          <tr class="info">
            <td>KodeLabs Automation Tests</td>
                          <td>1</td>
                        <td>17 Dec 2019, 14:09</td>
          </tr>
        </tbody>
      </table>
    </div>
  </div>
</div>

<div id="report-lead" class="container-fluid>
  <div class="row">
    <div class="col-md-10 col-md-offset-1">
      <h2>Feature Report</h2>
          </div>
  </div>
</div>

<div class="container-fluid" id="summary">
  <div class="row">
    <div class="col-md-10 col-md-offset-1">
      <table class="stats-table">

        <thead>
  <tr class="header dont-sort">
        <th></th>
    <th colspan="3">Scenarios</th>
    <th colspan="6">Steps</th>
    <th colspan="2">Totals</th>
  </tr>
  <tr>
    <th>Feature</th>
        <th class="passed">Passed</th>
    <th class="failed">Failed</th>
    <th class="total">Total</th>
    <th class="passed">Passed</th>
    <th class="failed">Failed</th>
    <th class="skipped">Skipped</th>
    <th class="pending">Pending</th>
    <th class="undefined">Undefined</th>
    <th class="total">Total</th>
    <th>Duration</th>
    <th>Status</th>
  </tr>
</thead>

        <tbody>
        <tr>
          <td class="tagname">19 Floor Tests</td>
                    <td  class="passed"    >1</td>
          <td  class="failed"    >3</td>
          <td class="total">4</td>
          <td      class="passed"    >32</td>
          <td      class="failed"    >3</td>
          <td     class="skipped"   >5</td>
          <td >0</td>
          <td >0</td>
          <td class="total">40</td>
          <td class="duration" data-value="87195339400">1m 27s 195ms</td>
          <td class="failed">Failed</td>
        </tr>
        </tbody>

      </table>
    </div>
  </div>
</div>



<div class="container-fluid" id="report">
  <div class="row">
    <div class="col-md-10 col-md-offset-1">
      <div class="feature">
        
<div class="tags indention">
  </div>

        
<div class="brief failed">
  <span class="keyword indention">Feature</span>
  <span class="name">19 Floor Tests</span>
  

  </div>

        <div class="description indention">  Go To Floor, add plan, add zones, add devices at different tabs, check Hide Zones and Names etc.</div>

        <div class="elements inner-level">
                      
<div class="element">
  
  
<div class="tags indention">
  </div>


    <span data-toggle="collapse" class=" collapsed  collapsable-control" data-target="#element-1">
    
<div class="brief passed">
  <span class="keyword indention">Background</span>
  <span class="name">Steps That execute before every scenario</span>
  

       <i class="chevron fa fa-fw"></i>
  </div>

  </span>
  <div class="description indention"></div>

  <div id="element-1" class="collapse collapsable-details ">
    


    
<div class="steps inner-level">
    <div data-toggle="collapse" class=" collapsed  collapsable-control" data-target="#steps-2">
    
<div class="brief passed">
  <span class="keyword indention">Steps</span>
  <span class="name"></span>
  

       <i class="chevron fa fa-fw"></i>
  </div>

  </div>

  <div id="steps-2" class="inner-level collapse collapsable-details ">
          <div class="step">
        
<div class="brief passed">
  <span class="keyword indention">Given</span>
  <span class="name">Open KodeLabs Page</span>
  
  <span class="lead-duration duration">491ms</span>

  </div>

        


        
        

        

        

      </div>
          <div class="step">
        
<div class="brief passed">
  <span class="keyword indention">Then</span>
  <span class="name">Check if user is logged in</span>
  
  <span class="lead-duration duration">2s 127ms</span>

  </div>

        


        
        

        

        

      </div>
          <div class="step">
        
<div class="brief passed">
  <span class="keyword indention">And</span>
  <span class="name">User click twice on Automation Testing building</span>
  
  <span class="lead-duration duration">313ms</span>

  </div>

        


        
        

        

        

      </div>
          <div class="step">
        
<div class="brief passed">
  <span class="keyword indention">Then</span>
  <span class="name">Check if Automation Testing Dashboard appears</span>
  
  <span class="lead-duration duration">530ms</span>

  </div>

        


        
        

        

        

      </div>
          <div class="step">
        
<div class="brief passed">
  <span class="keyword indention">When</span>
  <span class="name">Clicks Basement from the list</span>
  
  <span class="lead-duration duration">097ms</span>

  </div>

        


        
        

        

        

      </div>
          <div class="step">
        
<div class="brief passed">
  <span class="keyword indention">Then</span>
  <span class="name">Check if Basement page is opened</span>
  
  <span class="lead-duration duration">074ms</span>

  </div>

        


        
        

        

        

      </div>
      </div>
</div>


    

  </div>
</div>

                      
<div class="element">
  
  
<div class="tags indention">
       <a href="SmokeTest.html">@SmokeTest</a>
       <a href="FloorPlan.html">@FloorPlan</a>
  </div>


    <span data-toggle="collapse" class=" collapsable-control" data-target="#element-3">
    
<div class="brief failed">
  <span class="keyword indention">Scenario</span>
  <span class="name">Add Floor plan</span>
  

       <i class="chevron fa fa-fw"></i>
  </div>

  </span>
  <div class="description indention"></div>

  <div id="element-3" class="collapse collapsable-details  in ">
    


    
<div class="steps inner-level">
    <div data-toggle="collapse" class=" collapsable-control" data-target="#steps-4">
    
<div class="brief failed">
  <span class="keyword indention">Steps</span>
  <span class="name"></span>
  

       <i class="chevron fa fa-fw"></i>
  </div>

  </div>

  <div id="steps-4" class="inner-level collapse collapsable-details  in ">
          <div class="step">
        
<div class="brief passed">
  <span class="keyword indention">When</span>
  <span class="name">User go to edit page</span>
  
  <span class="lead-duration duration">1s 081ms</span>

  </div>

        


        
        

        

        

      </div>
          <div class="step">
        
<div class="brief passed">
  <span class="keyword indention">And</span>
  <span class="name">User upload floor plan</span>
  
  <span class="lead-duration duration">4s 066ms</span>

  </div>

        


        
        

        

        

      </div>
          <div class="step">
        
<div class="brief passed">
  <span class="keyword indention">And</span>
  <span class="name">User save the changes at Floor</span>
  
  <span class="lead-duration duration">1s 656ms</span>

  </div>

        


        
        

        

        

      </div>
          <div class="step">
        
<div class="brief failed">
  <span class="keyword indention">Then</span>
  <span class="name">Check if floor plan appears</span>
  
  <span class="lead-duration duration">15s 309ms</span>

  </div>

        

  <div class="inner-level">
    <div class="message indention">
      <div data-toggle="collapse" class="collapsable-control" data-target="#msg-5">
          <a>Error message</a>
      </div>
      <div id="msg-5" class="collapse collapsable-details">
        <pre>org.openqa.selenium.TimeoutException: Expected condition failed: waiting for visibility of element located by By.xpath: //*[text()[contains(.,'Saved Successfully')]] (tried for 15 second(s) with 500 milliseconds interval)
	at org.openqa.selenium.support.ui.WebDriverWait.timeoutException(WebDriverWait.java:95)
	at org.openqa.selenium.support.ui.FluentWait.until(FluentWait.java:272)
	at pageobjects.pages.PageObjectUtils.IsElementVisible(PageObjectUtils.java:29)
	at stepdefs.FloorStepDefs.checkFloorPlan(FloorStepDefs.java:27)
	at ✽.Check if floor plan appears(src/test/resource/19_FloorDetails.feature:17)
Caused by: org.openqa.selenium.NoSuchElementException: no such element: Unable to locate element: {"method":"xpath","selector":"//*[text()[contains(.,'Saved Successfully')]]"}
  (Session info: headless chrome=79.0.3945.79)
For documentation on this error, please visit: https://www.seleniumhq.org/exceptions/no_such_element.html
Build info: version: '3.141.59', revision: 'e82be7d358', time: '2018-11-14T08:17:03'
System info: host: 'DESKTOP-E0L3QD7', ip: '192.168.1.124', os.name: 'Windows 10', os.arch: 'amd64', os.version: '10.0', java.version: '1.8.0_191'
Driver info: org.openqa.selenium.chrome.ChromeDriver
Capabilities {acceptInsecureCerts: false, browserName: chrome, browserVersion: 79.0.3945.79, chrome: {chromedriverVersion: 79.0.3945.36 (3582db32b3389..., userDataDir: C:\Users\sopja\AppData\Loca...}, goog:chromeOptions: {debuggerAddress: localhost:52322}, javascriptEnabled: true, networkConnectionEnabled: false, pageLoadStrategy: normal, platform: WINDOWS, platformName: WINDOWS, proxy: Proxy(), setWindowRect: true, strictFileInteractability: false, timeouts: {implicit: 0, pageLoad: 300000, script: 30000}, unhandledPromptBehavior: dismiss and notify}
Session ID: 3bf5f1f4c0e3c6e13741221527c01665
*** Element info: {Using=xpath, value=//*[text()[contains(.,'Saved Successfully')]]}
	at sun.reflect.GeneratedConstructorAccessor14.newInstance(Unknown Source)
	at sun.reflect.DelegatingConstructorAccessorImpl.newInstance(DelegatingConstructorAccessorImpl.java:45)
	at java.lang.reflect.Constructor.newInstance(Constructor.java:423)
	at org.openqa.selenium.remote.http.W3CHttpResponseCodec.createException(W3CHttpResponseCodec.java:187)
	at org.openqa.selenium.remote.http.W3CHttpResponseCodec.decode(W3CHttpResponseCodec.java:122)
	at org.openqa.selenium.remote.http.W3CHttpResponseCodec.decode(W3CHttpResponseCodec.java:49)
	at org.openqa.selenium.remote.HttpCommandExecutor.execute(HttpCommandExecutor.java:158)
	at org.openqa.selenium.remote.service.DriverCommandExecutor.execute(DriverCommandExecutor.java:83)
	at org.openqa.selenium.remote.RemoteWebDriver.execute(RemoteWebDriver.java:552)
	at org.openqa.selenium.remote.RemoteWebDriver.findElement(RemoteWebDriver.java:323)
	at org.openqa.selenium.remote.RemoteWebDriver.findElementByXPath(RemoteWebDriver.java:428)
	at org.openqa.selenium.By$ByXPath.findElement(By.java:353)
	at org.openqa.selenium.remote.RemoteWebDriver.findElement(RemoteWebDriver.java:315)
	at org.openqa.selenium.support.ui.ExpectedConditions$7.apply(ExpectedConditions.java:205)
	at org.openqa.selenium.support.ui.ExpectedConditions$7.apply(ExpectedConditions.java:201)
	at org.openqa.selenium.support.ui.FluentWait.until(FluentWait.java:249)
	at pageobjects.pages.PageObjectUtils.IsElementVisible(PageObjectUtils.java:29)
	at stepdefs.FloorStepDefs.checkFloorPlan(FloorStepDefs.java:27)
	at sun.reflect.NativeMethodAccessorImpl.invoke0(Native Method)
	at sun.reflect.NativeMethodAccessorImpl.invoke(NativeMethodAccessorImpl.java:62)
	at sun.reflect.DelegatingMethodAccessorImpl.invoke(DelegatingMethodAccessorImpl.java:43)
	at java.lang.reflect.Method.invoke(Method.java:498)
	at cucumber.runtime.Utils$1.call(Utils.java:32)
	at cucumber.runtime.Timeout.timeout(Timeout.java:16)
	at cucumber.runtime.Utils.invoke(Utils.java:26)
	at cucumber.runtime.java.JavaStepDefinition.execute(JavaStepDefinition.java:37)
	at cucumber.runtime.StepDefinitionMatch.runStep(StepDefinitionMatch.java:40)
	at cucumber.api.TestStep.executeStep(TestStep.java:102)
	at cucumber.api.TestStep.run(TestStep.java:83)
	at cucumber.api.TestCase.run(TestCase.java:58)
	at cucumber.runner.Runner.runPickle(Runner.java:80)
	at cucumber.runtime.junit.PickleRunners$NoStepDescriptions.run(PickleRunners.java:140)
	at cucumber.runtime.junit.FeatureRunner.runChild(FeatureRunner.java:68)
	at cucumber.runtime.junit.FeatureRunner.runChild(FeatureRunner.java:23)
	at org.junit.runners.ParentRunner$4.run(ParentRunner.java:330)
	at org.junit.runners.ParentRunner$1.schedule(ParentRunner.java:78)
	at org.junit.runners.ParentRunner.runChildren(ParentRunner.java:328)
	at org.junit.runners.ParentRunner.access$100(ParentRunner.java:65)
	at org.junit.runners.ParentRunner$2.evaluate(ParentRunner.java:292)
	at org.junit.runners.ParentRunner$3.evaluate(ParentRunner.java:305)
	at org.junit.runners.ParentRunner.run(ParentRunner.java:412)
	at cucumber.runtime.junit.FeatureRunner.run(FeatureRunner.java:73)
	at cucumber.api.junit.Cucumber.runChild(Cucumber.java:117)
	at cucumber.api.junit.Cucumber.runChild(Cucumber.java:55)
	at org.junit.runners.ParentRunner$4.run(ParentRunner.java:330)
	at org.junit.runners.ParentRunner$1.schedule(ParentRunner.java:78)
	at org.junit.runners.ParentRunner.runChildren(ParentRunner.java:328)
	at org.junit.runners.ParentRunner.access$100(ParentRunner.java:65)
	at org.junit.runners.ParentRunner$2.evaluate(ParentRunner.java:292)
	at cucumber.api.junit.Cucumber$1.evaluate(Cucumber.java:126)
	at org.junit.internal.runners.statements.RunAfters.evaluate(RunAfters.java:27)
	at org.junit.runners.ParentRunner$3.evaluate(ParentRunner.java:305)
	at org.junit.runners.ParentRunner.run(ParentRunner.java:412)
	at org.apache.maven.surefire.junit4.JUnit4Provider.execute(JUnit4Provider.java:365)
	at org.apache.maven.surefire.junit4.JUnit4Provider.executeWithRerun(JUnit4Provider.java:273)
	at org.apache.maven.surefire.junit4.JUnit4Provider.executeTestSet(JUnit4Provider.java:238)
	at org.apache.maven.surefire.junit4.JUnit4Provider.invoke(JUnit4Provider.java:159)
	at org.apache.maven.surefire.booter.ForkedBooter.invokeProviderInSameClassLoader(ForkedBooter.java:383)
	at org.apache.maven.surefire.booter.ForkedBooter.runSuitesInProcess(ForkedBooter.java:344)
	at org.apache.maven.surefire.booter.ForkedBooter.execute(ForkedBooter.java:125)
	at org.apache.maven.surefire.booter.ForkedBooter.main(ForkedBooter.java:417)
</pre>
      </div>
    </div>
  </div>


        
        

        

        

      </div>
      </div>
</div>


    

  </div>
</div>

                      
<div class="element">
  
  
<div class="tags indention">
  </div>


    <span data-toggle="collapse" class=" collapsed  collapsable-control" data-target="#element-6">
    
<div class="brief passed">
  <span class="keyword indention">Background</span>
  <span class="name">Steps That execute before every scenario</span>
  

       <i class="chevron fa fa-fw"></i>
  </div>

  </span>
  <div class="description indention"></div>

  <div id="element-6" class="collapse collapsable-details ">
    


    
<div class="steps inner-level">
    <div data-toggle="collapse" class=" collapsed  collapsable-control" data-target="#steps-7">
    
<div class="brief passed">
  <span class="keyword indention">Steps</span>
  <span class="name"></span>
  

       <i class="chevron fa fa-fw"></i>
  </div>

  </div>

  <div id="steps-7" class="inner-level collapse collapsable-details ">
          <div class="step">
        
<div class="brief passed">
  <span class="keyword indention">Given</span>
  <span class="name">Open KodeLabs Page</span>
  
  <span class="lead-duration duration">435ms</span>

  </div>

        


        
        

        

        

      </div>
          <div class="step">
        
<div class="brief passed">
  <span class="keyword indention">Then</span>
  <span class="name">Check if user is logged in</span>
  
  <span class="lead-duration duration">2s 100ms</span>

  </div>

        


        
        

        

        

      </div>
          <div class="step">
        
<div class="brief passed">
  <span class="keyword indention">And</span>
  <span class="name">User click twice on Automation Testing building</span>
  
  <span class="lead-duration duration">305ms</span>

  </div>

        


        
        

        

        

      </div>
          <div class="step">
        
<div class="brief passed">
  <span class="keyword indention">Then</span>
  <span class="name">Check if Automation Testing Dashboard appears</span>
  
  <span class="lead-duration duration">532ms</span>

  </div>

        


        
        

        

        

      </div>
          <div class="step">
        
<div class="brief passed">
  <span class="keyword indention">When</span>
  <span class="name">Clicks Basement from the list</span>
  
  <span class="lead-duration duration">084ms</span>

  </div>

        


        
        

        

        

      </div>
          <div class="step">
        
<div class="brief passed">
  <span class="keyword indention">Then</span>
  <span class="name">Check if Basement page is opened</span>
  
  <span class="lead-duration duration">055ms</span>

  </div>

        


        
        

        

        

      </div>
      </div>
</div>


    

  </div>
</div>

                      
<div class="element">
  
  
<div class="tags indention">
       <a href="SmokeTest.html">@SmokeTest</a>
       <a href="FloorPlan.html">@FloorPlan</a>
  </div>


    <span data-toggle="collapse" class=" collapsable-control" data-target="#element-8">
    
<div class="brief failed">
  <span class="keyword indention">Scenario</span>
  <span class="name">Add Devices at Floor</span>
  

       <i class="chevron fa fa-fw"></i>
  </div>

  </span>
  <div class="description indention"></div>

  <div id="element-8" class="collapse collapsable-details  in ">
    


    
<div class="steps inner-level">
    <div data-toggle="collapse" class=" collapsable-control" data-target="#steps-9">
    
<div class="brief failed">
  <span class="keyword indention">Steps</span>
  <span class="name"></span>
  

       <i class="chevron fa fa-fw"></i>
  </div>

  </div>

  <div id="steps-9" class="inner-level collapse collapsable-details  in ">
          <div class="step">
        
<div class="brief passed">
  <span class="keyword indention">When</span>
  <span class="name">User go to edit page</span>
  
  <span class="lead-duration duration">1s 085ms</span>

  </div>

        


        
        

        

        

      </div>
          <div class="step">
        
<div class="brief passed">
  <span class="keyword indention">And</span>
  <span class="name">user go to list view</span>
  
  <span class="lead-duration duration">1s 564ms</span>

  </div>

        


        
        

        

        

      </div>
          <div class="step">
        
<div class="brief failed">
  <span class="keyword indention">And</span>
  <span class="name">user drag and drop the device to floor</span>
  
  <span class="lead-duration duration">30s 098ms</span>

  </div>

        

  <div class="inner-level">
    <div class="message indention">
      <div data-toggle="collapse" class="collapsable-control" data-target="#msg-10">
          <a>Error message</a>
      </div>
      <div id="msg-10" class="collapse collapsable-details">
        <pre>org.openqa.selenium.TimeoutException: Expected condition failed: waiting for visibility of element located by By.xpath: //*[text()[contains(.,'BR126')]] (tried for 30 second(s) with 500 milliseconds interval)
	at org.openqa.selenium.support.ui.WebDriverWait.timeoutException(WebDriverWait.java:95)
	at org.openqa.selenium.support.ui.FluentWait.until(FluentWait.java:272)
	at pageobjects.pages.PageObjectUtils.IsElementVisible(PageObjectUtils.java:29)
	at stepdefs.FloorStepDefs.dragDeviceToFloor(FloorStepDefs.java:62)
	at ✽.user drag and drop the device to floor(src/test/resource/19_FloorDetails.feature:23)
Caused by: org.openqa.selenium.NoSuchElementException: no such element: Unable to locate element: {"method":"xpath","selector":"//*[text()[contains(.,'BR126')]]"}
  (Session info: headless chrome=79.0.3945.79)
For documentation on this error, please visit: https://www.seleniumhq.org/exceptions/no_such_element.html
Build info: version: '3.141.59', revision: 'e82be7d358', time: '2018-11-14T08:17:03'
System info: host: 'DESKTOP-E0L3QD7', ip: '192.168.1.124', os.name: 'Windows 10', os.arch: 'amd64', os.version: '10.0', java.version: '1.8.0_191'
Driver info: org.openqa.selenium.chrome.ChromeDriver
Capabilities {acceptInsecureCerts: false, browserName: chrome, browserVersion: 79.0.3945.79, chrome: {chromedriverVersion: 79.0.3945.36 (3582db32b3389..., userDataDir: C:\Users\sopja\AppData\Loca...}, goog:chromeOptions: {debuggerAddress: localhost:52322}, javascriptEnabled: true, networkConnectionEnabled: false, pageLoadStrategy: normal, platform: WINDOWS, platformName: WINDOWS, proxy: Proxy(), setWindowRect: true, strictFileInteractability: false, timeouts: {implicit: 0, pageLoad: 300000, script: 30000}, unhandledPromptBehavior: dismiss and notify}
Session ID: 3bf5f1f4c0e3c6e13741221527c01665
*** Element info: {Using=xpath, value=//*[text()[contains(.,'BR126')]]}
	at sun.reflect.GeneratedConstructorAccessor14.newInstance(Unknown Source)
	at sun.reflect.DelegatingConstructorAccessorImpl.newInstance(DelegatingConstructorAccessorImpl.java:45)
	at java.lang.reflect.Constructor.newInstance(Constructor.java:423)
	at org.openqa.selenium.remote.http.W3CHttpResponseCodec.createException(W3CHttpResponseCodec.java:187)
	at org.openqa.selenium.remote.http.W3CHttpResponseCodec.decode(W3CHttpResponseCodec.java:122)
	at org.openqa.selenium.remote.http.W3CHttpResponseCodec.decode(W3CHttpResponseCodec.java:49)
	at org.openqa.selenium.remote.HttpCommandExecutor.execute(HttpCommandExecutor.java:158)
	at org.openqa.selenium.remote.service.DriverCommandExecutor.execute(DriverCommandExecutor.java:83)
	at org.openqa.selenium.remote.RemoteWebDriver.execute(RemoteWebDriver.java:552)
	at org.openqa.selenium.remote.RemoteWebDriver.findElement(RemoteWebDriver.java:323)
	at org.openqa.selenium.remote.RemoteWebDriver.findElementByXPath(RemoteWebDriver.java:428)
	at org.openqa.selenium.By$ByXPath.findElement(By.java:353)
	at org.openqa.selenium.remote.RemoteWebDriver.findElement(RemoteWebDriver.java:315)
	at org.openqa.selenium.support.ui.ExpectedConditions$7.apply(ExpectedConditions.java:205)
	at org.openqa.selenium.support.ui.ExpectedConditions$7.apply(ExpectedConditions.java:201)
	at org.openqa.selenium.support.ui.FluentWait.until(FluentWait.java:249)
	at pageobjects.pages.PageObjectUtils.IsElementVisible(PageObjectUtils.java:29)
	at stepdefs.FloorStepDefs.dragDeviceToFloor(FloorStepDefs.java:62)
	at sun.reflect.NativeMethodAccessorImpl.invoke0(Native Method)
	at sun.reflect.NativeMethodAccessorImpl.invoke(NativeMethodAccessorImpl.java:62)
	at sun.reflect.DelegatingMethodAccessorImpl.invoke(DelegatingMethodAccessorImpl.java:43)
	at java.lang.reflect.Method.invoke(Method.java:498)
	at cucumber.runtime.Utils$1.call(Utils.java:32)
	at cucumber.runtime.Timeout.timeout(Timeout.java:16)
	at cucumber.runtime.Utils.invoke(Utils.java:26)
	at cucumber.runtime.java.JavaStepDefinition.execute(JavaStepDefinition.java:37)
	at cucumber.runtime.StepDefinitionMatch.runStep(StepDefinitionMatch.java:40)
	at cucumber.api.TestStep.executeStep(TestStep.java:102)
	at cucumber.api.TestStep.run(TestStep.java:83)
	at cucumber.api.TestCase.run(TestCase.java:58)
	at cucumber.runner.Runner.runPickle(Runner.java:80)
	at cucumber.runtime.junit.PickleRunners$NoStepDescriptions.run(PickleRunners.java:140)
	at cucumber.runtime.junit.FeatureRunner.runChild(FeatureRunner.java:68)
	at cucumber.runtime.junit.FeatureRunner.runChild(FeatureRunner.java:23)
	at org.junit.runners.ParentRunner$4.run(ParentRunner.java:330)
	at org.junit.runners.ParentRunner$1.schedule(ParentRunner.java:78)
	at org.junit.runners.ParentRunner.runChildren(ParentRunner.java:328)
	at org.junit.runners.ParentRunner.access$100(ParentRunner.java:65)
	at org.junit.runners.ParentRunner$2.evaluate(ParentRunner.java:292)
	at org.junit.runners.ParentRunner$3.evaluate(ParentRunner.java:305)
	at org.junit.runners.ParentRunner.run(ParentRunner.java:412)
	at cucumber.runtime.junit.FeatureRunner.run(FeatureRunner.java:73)
	at cucumber.api.junit.Cucumber.runChild(Cucumber.java:117)
	at cucumber.api.junit.Cucumber.runChild(Cucumber.java:55)
	at org.junit.runners.ParentRunner$4.run(ParentRunner.java:330)
	at org.junit.runners.ParentRunner$1.schedule(ParentRunner.java:78)
	at org.junit.runners.ParentRunner.runChildren(ParentRunner.java:328)
	at org.junit.runners.ParentRunner.access$100(ParentRunner.java:65)
	at org.junit.runners.ParentRunner$2.evaluate(ParentRunner.java:292)
	at cucumber.api.junit.Cucumber$1.evaluate(Cucumber.java:126)
	at org.junit.internal.runners.statements.RunAfters.evaluate(RunAfters.java:27)
	at org.junit.runners.ParentRunner$3.evaluate(ParentRunner.java:305)
	at org.junit.runners.ParentRunner.run(ParentRunner.java:412)
	at org.apache.maven.surefire.junit4.JUnit4Provider.execute(JUnit4Provider.java:365)
	at org.apache.maven.surefire.junit4.JUnit4Provider.executeWithRerun(JUnit4Provider.java:273)
	at org.apache.maven.surefire.junit4.JUnit4Provider.executeTestSet(JUnit4Provider.java:238)
	at org.apache.maven.surefire.junit4.JUnit4Provider.invoke(JUnit4Provider.java:159)
	at org.apache.maven.surefire.booter.ForkedBooter.invokeProviderInSameClassLoader(ForkedBooter.java:383)
	at org.apache.maven.surefire.booter.ForkedBooter.runSuitesInProcess(ForkedBooter.java:344)
	at org.apache.maven.surefire.booter.ForkedBooter.execute(ForkedBooter.java:125)
	at org.apache.maven.surefire.booter.ForkedBooter.main(ForkedBooter.java:417)
</pre>
      </div>
    </div>
  </div>


        
        

        

        

      </div>
          <div class="step">
        
<div class="brief skipped">
  <span class="keyword indention">And</span>
  <span class="name">user drag and drop point to device</span>
  
  <span class="lead-duration duration">000ms</span>

  </div>

        


        
        

        

        

      </div>
          <div class="step">
        
<div class="brief skipped">
  <span class="keyword indention">And</span>
  <span class="name">User save the changes at Floor</span>
  
  <span class="lead-duration duration">000ms</span>

  </div>

        


        
        

        

        

      </div>
          <div class="step">
        
<div class="brief skipped">
  <span class="keyword indention">Then</span>
  <span class="name">Check if device appears at floor plan</span>
  
  <span class="lead-duration duration">000ms</span>

  </div>

        


        
        

        

        

      </div>
      </div>
</div>


    

  </div>
</div>

                      
<div class="element">
  
  
<div class="tags indention">
  </div>


    <span data-toggle="collapse" class=" collapsed  collapsable-control" data-target="#element-11">
    
<div class="brief passed">
  <span class="keyword indention">Background</span>
  <span class="name">Steps That execute before every scenario</span>
  

       <i class="chevron fa fa-fw"></i>
  </div>

  </span>
  <div class="description indention"></div>

  <div id="element-11" class="collapse collapsable-details ">
    


    
<div class="steps inner-level">
    <div data-toggle="collapse" class=" collapsed  collapsable-control" data-target="#steps-12">
    
<div class="brief passed">
  <span class="keyword indention">Steps</span>
  <span class="name"></span>
  

       <i class="chevron fa fa-fw"></i>
  </div>

  </div>

  <div id="steps-12" class="inner-level collapse collapsable-details ">
          <div class="step">
        
<div class="brief passed">
  <span class="keyword indention">Given</span>
  <span class="name">Open KodeLabs Page</span>
  
  <span class="lead-duration duration">565ms</span>

  </div>

        


        
        

        

        

      </div>
          <div class="step">
        
<div class="brief passed">
  <span class="keyword indention">Then</span>
  <span class="name">Check if user is logged in</span>
  
  <span class="lead-duration duration">2s 096ms</span>

  </div>

        


        
        

        

        

      </div>
          <div class="step">
        
<div class="brief passed">
  <span class="keyword indention">And</span>
  <span class="name">User click twice on Automation Testing building</span>
  
  <span class="lead-duration duration">307ms</span>

  </div>

        


        
        

        

        

      </div>
          <div class="step">
        
<div class="brief passed">
  <span class="keyword indention">Then</span>
  <span class="name">Check if Automation Testing Dashboard appears</span>
  
  <span class="lead-duration duration">530ms</span>

  </div>

        


        
        

        

        

      </div>
          <div class="step">
        
<div class="brief passed">
  <span class="keyword indention">When</span>
  <span class="name">Clicks Basement from the list</span>
  
  <span class="lead-duration duration">090ms</span>

  </div>

        


        
        

        

        

      </div>
          <div class="step">
        
<div class="brief passed">
  <span class="keyword indention">Then</span>
  <span class="name">Check if Basement page is opened</span>
  
  <span class="lead-duration duration">058ms</span>

  </div>

        


        
        

        

        

      </div>
      </div>
</div>


    

  </div>
</div>

                      
<div class="element">
  
  
<div class="tags indention">
       <a href="SmokeTest.html">@SmokeTest</a>
       <a href="FloorPlan.html">@FloorPlan</a>
  </div>


    <span data-toggle="collapse" class=" collapsed  collapsable-control" data-target="#element-13">
    
<div class="brief passed">
  <span class="keyword indention">Scenario</span>
  <span class="name">Hide Zones and Names at Floor</span>
  

       <i class="chevron fa fa-fw"></i>
  </div>

  </span>
  <div class="description indention"></div>

  <div id="element-13" class="collapse collapsable-details ">
    


    
<div class="steps inner-level">
    <div data-toggle="collapse" class=" collapsed  collapsable-control" data-target="#steps-14">
    
<div class="brief passed">
  <span class="keyword indention">Steps</span>
  <span class="name"></span>
  

       <i class="chevron fa fa-fw"></i>
  </div>

  </div>

  <div id="steps-14" class="inner-level collapse collapsable-details ">
          <div class="step">
        
<div class="brief passed">
  <span class="keyword indention">When</span>
  <span class="name">User click hide Names</span>
  
  <span class="lead-duration duration">079ms</span>

  </div>

        


        
        

        

        

      </div>
          <div class="step">
        
<div class="brief passed">
  <span class="keyword indention">Then</span>
  <span class="name">Check if Names are hided from Floor</span>
  
  <span class="lead-duration duration">500ms</span>

  </div>

        


        
        

        

        

      </div>
      </div>
</div>


    

  </div>
</div>

                      
<div class="element">
  
  
<div class="tags indention">
  </div>


    <span data-toggle="collapse" class=" collapsed  collapsable-control" data-target="#element-15">
    
<div class="brief passed">
  <span class="keyword indention">Background</span>
  <span class="name">Steps That execute before every scenario</span>
  

       <i class="chevron fa fa-fw"></i>
  </div>

  </span>
  <div class="description indention"></div>

  <div id="element-15" class="collapse collapsable-details ">
    


    
<div class="steps inner-level">
    <div data-toggle="collapse" class=" collapsed  collapsable-control" data-target="#steps-16">
    
<div class="brief passed">
  <span class="keyword indention">Steps</span>
  <span class="name"></span>
  

       <i class="chevron fa fa-fw"></i>
  </div>

  </div>

  <div id="steps-16" class="inner-level collapse collapsable-details ">
          <div class="step">
        
<div class="brief passed">
  <span class="keyword indention">Given</span>
  <span class="name">Open KodeLabs Page</span>
  
  <span class="lead-duration duration">408ms</span>

  </div>

        


        
        

        

        

      </div>
          <div class="step">
        
<div class="brief passed">
  <span class="keyword indention">Then</span>
  <span class="name">Check if user is logged in</span>
  
  <span class="lead-duration duration">2s 099ms</span>

  </div>

        


        
        

        

        

      </div>
          <div class="step">
        
<div class="brief passed">
  <span class="keyword indention">And</span>
  <span class="name">User click twice on Automation Testing building</span>
  
  <span class="lead-duration duration">299ms</span>

  </div>

        


        
        

        

        

      </div>
          <div class="step">
        
<div class="brief passed">
  <span class="keyword indention">Then</span>
  <span class="name">Check if Automation Testing Dashboard appears</span>
  
  <span class="lead-duration duration">532ms</span>

  </div>

        


        
        

        

        

      </div>
          <div class="step">
        
<div class="brief passed">
  <span class="keyword indention">When</span>
  <span class="name">Clicks Basement from the list</span>
  
  <span class="lead-duration duration">086ms</span>

  </div>

        


        
        

        

        

      </div>
          <div class="step">
        
<div class="brief passed">
  <span class="keyword indention">Then</span>
  <span class="name">Check if Basement page is opened</span>
  
  <span class="lead-duration duration">051ms</span>

  </div>

        


        
        

        

        

      </div>
      </div>
</div>


    

  </div>
</div>

                      
<div class="element">
  
  
<div class="tags indention">
       <a href="SmokeTest.html">@SmokeTest</a>
       <a href="FloorPlan.html">@FloorPlan</a>
  </div>


    <span data-toggle="collapse" class=" collapsable-control" data-target="#element-17">
    
<div class="brief failed">
  <span class="keyword indention">Scenario</span>
  <span class="name">Reset Floor to Default</span>
  

       <i class="chevron fa fa-fw"></i>
  </div>

  </span>
  <div class="description indention"></div>

  <div id="element-17" class="collapse collapsable-details  in ">
    


    
<div class="steps inner-level">
    <div data-toggle="collapse" class=" collapsable-control" data-target="#steps-18">
    
<div class="brief failed">
  <span class="keyword indention">Steps</span>
  <span class="name"></span>
  

       <i class="chevron fa fa-fw"></i>
  </div>

  </div>

  <div id="steps-18" class="inner-level collapse collapsable-details  in ">
          <div class="step">
        
<div class="brief passed">
  <span class="keyword indention">When</span>
  <span class="name">User go to edit page</span>
  
  <span class="lead-duration duration">1s 085ms</span>

  </div>

        


        
        

        

        

      </div>
          <div class="step">
        
<div class="brief failed">
  <span class="keyword indention">And</span>
  <span class="name">user Click reset floor to default</span>
  
  <span class="lead-duration duration">16s 390ms</span>

  </div>

        

  <div class="inner-level">
    <div class="message indention">
      <div data-toggle="collapse" class="collapsable-control" data-target="#msg-19">
          <a>Error message</a>
      </div>
      <div id="msg-19" class="collapse collapsable-details">
        <pre>org.openqa.selenium.TimeoutException: Expected condition failed: waiting for visibility of element located by By.xpath: //*[text()[contains(.,'Reset')]] (tried for 15 second(s) with 500 milliseconds interval)
	at org.openqa.selenium.support.ui.WebDriverWait.timeoutException(WebDriverWait.java:95)
	at org.openqa.selenium.support.ui.FluentWait.until(FluentWait.java:272)
	at pageobjects.pages.PageObjectUtils.IsElementVisible(PageObjectUtils.java:29)
	at stepdefs.FloorStepDefs.resetFloor(FloorStepDefs.java:118)
	at ✽.user Click reset floor to default(src/test/resource/19_FloorDetails.feature:36)
Caused by: org.openqa.selenium.NoSuchElementException: no such element: Unable to locate element: {"method":"xpath","selector":"//*[text()[contains(.,'Reset')]]"}
  (Session info: headless chrome=79.0.3945.79)
For documentation on this error, please visit: https://www.seleniumhq.org/exceptions/no_such_element.html
Build info: version: '3.141.59', revision: 'e82be7d358', time: '2018-11-14T08:17:03'
System info: host: 'DESKTOP-E0L3QD7', ip: '192.168.1.124', os.name: 'Windows 10', os.arch: 'amd64', os.version: '10.0', java.version: '1.8.0_191'
Driver info: org.openqa.selenium.chrome.ChromeDriver
Capabilities {acceptInsecureCerts: false, browserName: chrome, browserVersion: 79.0.3945.79, chrome: {chromedriverVersion: 79.0.3945.36 (3582db32b3389..., userDataDir: C:\Users\sopja\AppData\Loca...}, goog:chromeOptions: {debuggerAddress: localhost:52322}, javascriptEnabled: true, networkConnectionEnabled: false, pageLoadStrategy: normal, platform: WINDOWS, platformName: WINDOWS, proxy: Proxy(), setWindowRect: true, strictFileInteractability: false, timeouts: {implicit: 0, pageLoad: 300000, script: 30000}, unhandledPromptBehavior: dismiss and notify}
Session ID: 3bf5f1f4c0e3c6e13741221527c01665
*** Element info: {Using=xpath, value=//*[text()[contains(.,'Reset')]]}
	at sun.reflect.GeneratedConstructorAccessor14.newInstance(Unknown Source)
	at sun.reflect.DelegatingConstructorAccessorImpl.newInstance(DelegatingConstructorAccessorImpl.java:45)
	at java.lang.reflect.Constructor.newInstance(Constructor.java:423)
	at org.openqa.selenium.remote.http.W3CHttpResponseCodec.createException(W3CHttpResponseCodec.java:187)
	at org.openqa.selenium.remote.http.W3CHttpResponseCodec.decode(W3CHttpResponseCodec.java:122)
	at org.openqa.selenium.remote.http.W3CHttpResponseCodec.decode(W3CHttpResponseCodec.java:49)
	at org.openqa.selenium.remote.HttpCommandExecutor.execute(HttpCommandExecutor.java:158)
	at org.openqa.selenium.remote.service.DriverCommandExecutor.execute(DriverCommandExecutor.java:83)
	at org.openqa.selenium.remote.RemoteWebDriver.execute(RemoteWebDriver.java:552)
	at org.openqa.selenium.remote.RemoteWebDriver.findElement(RemoteWebDriver.java:323)
	at org.openqa.selenium.remote.RemoteWebDriver.findElementByXPath(RemoteWebDriver.java:428)
	at org.openqa.selenium.By$ByXPath.findElement(By.java:353)
	at org.openqa.selenium.remote.RemoteWebDriver.findElement(RemoteWebDriver.java:315)
	at org.openqa.selenium.support.ui.ExpectedConditions$7.apply(ExpectedConditions.java:205)
	at org.openqa.selenium.support.ui.ExpectedConditions$7.apply(ExpectedConditions.java:201)
	at org.openqa.selenium.support.ui.FluentWait.until(FluentWait.java:249)
	at pageobjects.pages.PageObjectUtils.IsElementVisible(PageObjectUtils.java:29)
	at stepdefs.FloorStepDefs.resetFloor(FloorStepDefs.java:118)
	at sun.reflect.NativeMethodAccessorImpl.invoke0(Native Method)
	at sun.reflect.NativeMethodAccessorImpl.invoke(NativeMethodAccessorImpl.java:62)
	at sun.reflect.DelegatingMethodAccessorImpl.invoke(DelegatingMethodAccessorImpl.java:43)
	at java.lang.reflect.Method.invoke(Method.java:498)
	at cucumber.runtime.Utils$1.call(Utils.java:32)
	at cucumber.runtime.Timeout.timeout(Timeout.java:16)
	at cucumber.runtime.Utils.invoke(Utils.java:26)
	at cucumber.runtime.java.JavaStepDefinition.execute(JavaStepDefinition.java:37)
	at cucumber.runtime.StepDefinitionMatch.runStep(StepDefinitionMatch.java:40)
	at cucumber.api.TestStep.executeStep(TestStep.java:102)
	at cucumber.api.TestStep.run(TestStep.java:83)
	at cucumber.api.TestCase.run(TestCase.java:58)
	at cucumber.runner.Runner.runPickle(Runner.java:80)
	at cucumber.runtime.junit.PickleRunners$NoStepDescriptions.run(PickleRunners.java:140)
	at cucumber.runtime.junit.FeatureRunner.runChild(FeatureRunner.java:68)
	at cucumber.runtime.junit.FeatureRunner.runChild(FeatureRunner.java:23)
	at org.junit.runners.ParentRunner$4.run(ParentRunner.java:330)
	at org.junit.runners.ParentRunner$1.schedule(ParentRunner.java:78)
	at org.junit.runners.ParentRunner.runChildren(ParentRunner.java:328)
	at org.junit.runners.ParentRunner.access$100(ParentRunner.java:65)
	at org.junit.runners.ParentRunner$2.evaluate(ParentRunner.java:292)
	at org.junit.runners.ParentRunner$3.evaluate(ParentRunner.java:305)
	at org.junit.runners.ParentRunner.run(ParentRunner.java:412)
	at cucumber.runtime.junit.FeatureRunner.run(FeatureRunner.java:73)
	at cucumber.api.junit.Cucumber.runChild(Cucumber.java:117)
	at cucumber.api.junit.Cucumber.runChild(Cucumber.java:55)
	at org.junit.runners.ParentRunner$4.run(ParentRunner.java:330)
	at org.junit.runners.ParentRunner$1.schedule(ParentRunner.java:78)
	at org.junit.runners.ParentRunner.runChildren(ParentRunner.java:328)
	at org.junit.runners.ParentRunner.access$100(ParentRunner.java:65)
	at org.junit.runners.ParentRunner$2.evaluate(ParentRunner.java:292)
	at cucumber.api.junit.Cucumber$1.evaluate(Cucumber.java:126)
	at org.junit.internal.runners.statements.RunAfters.evaluate(RunAfters.java:27)
	at org.junit.runners.ParentRunner$3.evaluate(ParentRunner.java:305)
	at org.junit.runners.ParentRunner.run(ParentRunner.java:412)
	at org.apache.maven.surefire.junit4.JUnit4Provider.execute(JUnit4Provider.java:365)
	at org.apache.maven.surefire.junit4.JUnit4Provider.executeWithRerun(JUnit4Provider.java:273)
	at org.apache.maven.surefire.junit4.JUnit4Provider.executeTestSet(JUnit4Provider.java:238)
	at org.apache.maven.surefire.junit4.JUnit4Provider.invoke(JUnit4Provider.java:159)
	at org.apache.maven.surefire.booter.ForkedBooter.invokeProviderInSameClassLoader(ForkedBooter.java:383)
	at org.apache.maven.surefire.booter.ForkedBooter.runSuitesInProcess(ForkedBooter.java:344)
	at org.apache.maven.surefire.booter.ForkedBooter.execute(ForkedBooter.java:125)
	at org.apache.maven.surefire.booter.ForkedBooter.main(ForkedBooter.java:417)
</pre>
      </div>
    </div>
  </div>


        
        

        

        

      </div>
          <div class="step">
        
<div class="brief skipped">
  <span class="keyword indention">And</span>
  <span class="name">User save the changes at Floor</span>
  
  <span class="lead-duration duration">000ms</span>

  </div>

        


        
        

        

        

      </div>
          <div class="step">
        
<div class="brief skipped">
  <span class="keyword indention">Then</span>
  <span class="name">Check if Floor is reseted to default</span>
  
  <span class="lead-duration duration">000ms</span>

  </div>

        


        
        

        

        

      </div>
      </div>
</div>


    

  </div>
</div>

                  </div>

      </div>
    </div>
  </div>
</div>
<br>

<nav class="navbar navbar-default" id="footer">
  <div class="container-fluid">
    <p class="navbar-text navbar-right">
        <small>generate Cucumber HTML reports via:&nbsp;</small>
        <a class="navbar-link" href="https://github.com/jenkinsci/cucumber-reports-plugin">Jenkins Plugin</a> |
        <a class="navbar-link" href="https://github.com/damianszczepanik/cucumber-reporting">Standalone</a> |
        <a class="navbar-link" href="https://github.com/damianszczepanik/cucumber-sandwich">Sandwich</a> |
        <a class="navbar-link" href="https://github.com/damianszczepanik/maven-cucumber-reporting">Maven</a>
        &nbsp;&nbsp;
    </p>
  </div>
</nav>

</body>
</html>
