<!DOCTYPE html PUBLIC "-//W3C//DTD HTML 4.01 Transitional//EN">
<html xmlns:lxslt="http://xml.apache.org/xslt" xmlns:stringutils="xalan://org.apache.tools.ant.util.StringUtils">
<head>
<META http-equiv="Content-Type" content="text/html; charset=US-ASCII">
<title>Unit Test Results</title>
<style type="text/css">
      body {
        font:normal 68% verdana,arial,helvetica;
        color:#000000;
      }
      table tr td, table tr th {
          font-size: 68%;
      }
      table.details tr th{
        font-weight: bold;
        text-align:left;
        background:#a6caf0;
      }
      table.details tr td{
        background:#eeeee0;
      }
      
      p {
        line-height:1.5em;
        margin-top:0.5em; margin-bottom:1.0em;
      }
      h1 {
        margin: 0px 0px 5px; font: 165% verdana,arial,helvetica
      }
      h2 {
        margin-top: 1em; margin-bottom: 0.5em; font: bold 125% verdana,arial,helvetica
      }
      h3 {
        margin-bottom: 0.5em; font: bold 115% verdana,arial,helvetica
      }
      h4 {
        margin-bottom: 0.5em; font: bold 100% verdana,arial,helvetica
      }
      h5 {
        margin-bottom: 0.5em; font: bold 100% verdana,arial,helvetica
      }
      h6 {
        margin-bottom: 0.5em; font: bold 100% verdana,arial,helvetica
      }
      .Error {
        font-weight:bold; color:red;
      }
      .Failure {
        font-weight:bold; color:purple;
      }
      .Properties {
        text-align:right;
      }
      </style>
<script type="text/javascript" language="JavaScript">
        var TestCases = new Array();
        var cur;
        
    cur = TestCases['.RunCukesTest'] = new Array();
    
        cur['awt.toolkit'] = 'sun.awt.windows.WToolkit';
    
        cur['basedir'] = 'C:\\KODE Labs Automation Framework';
    
        cur['cucumber.options'] = '--tags @SmokeTest';
    
        cur['file.encoding'] = 'Cp1250';
    
        cur['file.encoding.pkg'] = 'sun.io';
    
        cur['file.separator'] = '\\';
    
        cur['java.awt.graphicsenv'] = 'sun.awt.Win32GraphicsEnvironment';
    
        cur['java.awt.printerjob'] = 'sun.awt.windows.WPrinterJob';
    
        cur['java.class.path'] = 'C:\\KODE Labs Automation Framework\\target\\test-classes;C:\\KODE Labs Automation Framework\\target\\classes;C:\\Users\\sopja\\.m2\\repository\\io\\cucumber\\cucumber-java\\2.3.1\\cucumber-java-2.3.1.jar;C:\\Users\\sopja\\.m2\\repository\\io\\cucumber\\cucumber-core\\2.3.1\\cucumber-core-2.3.1.jar;C:\\Users\\sopja\\.m2\\repository\\info\\cukes\\cucumber-html\\0.2.6\\cucumber-html-0.2.6.jar;C:\\Users\\sopja\\.m2\\repository\\io\\cucumber\\cucumber-jvm-deps\\1.0.6\\cucumber-jvm-deps-1.0.6.jar;C:\\Users\\sopja\\.m2\\repository\\io\\cucumber\\gherkin\\5.0.0\\gherkin-5.0.0.jar;C:\\Users\\sopja\\.m2\\repository\\io\\cucumber\\tag-expressions\\1.1.1\\tag-expressions-1.1.1.jar;C:\\Users\\sopja\\.m2\\repository\\io\\cucumber\\cucumber-junit\\2.3.1\\cucumber-junit-2.3.1.jar;C:\\Users\\sopja\\.m2\\repository\\junit\\junit\\4.13-beta-2\\junit-4.13-beta-2.jar;C:\\Users\\sopja\\.m2\\repository\\org\\hamcrest\\hamcrest-core\\1.3\\hamcrest-core-1.3.jar;C:\\Users\\sopja\\.m2\\repository\\org\\apache\\commons\\commons-lang3\\3.5\\commons-lang3-3.5.jar;C:\\Users\\sopja\\.m2\\repository\\org\\seleniumhq\\selenium\\selenium-api\\3.141.59\\selenium-api-3.141.59.jar;C:\\Users\\sopja\\.m2\\repository\\org\\seleniumhq\\selenium\\selenium-support\\3.141.59\\selenium-support-3.141.59.jar;C:\\Users\\sopja\\.m2\\repository\\org\\seleniumhq\\selenium\\selenium-remote-driver\\3.141.59\\selenium-remote-driver-3.141.59.jar;C:\\Users\\sopja\\.m2\\repository\\net\\bytebuddy\\byte-buddy\\1.8.15\\byte-buddy-1.8.15.jar;C:\\Users\\sopja\\.m2\\repository\\org\\apache\\commons\\commons-exec\\1.3\\commons-exec-1.3.jar;C:\\Users\\sopja\\.m2\\repository\\com\\google\\guava\\guava\\25.0-jre\\guava-25.0-jre.jar;C:\\Users\\sopja\\.m2\\repository\\com\\google\\code\\findbugs\\jsr305\\1.3.9\\jsr305-1.3.9.jar;C:\\Users\\sopja\\.m2\\repository\\org\\checkerframework\\checker-compat-qual\\2.0.0\\checker-compat-qual-2.0.0.jar;C:\\Users\\sopja\\.m2\\repository\\com\\google\\errorprone\\error_prone_annotations\\2.1.3\\error_prone_annotations-2.1.3.jar;C:\\Users\\sopja\\.m2\\repository\\com\\google\\j2objc\\j2objc-annotations\\1.1\\j2objc-annotations-1.1.jar;C:\\Users\\sopja\\.m2\\repository\\org\\codehaus\\mojo\\animal-sniffer-annotations\\1.14\\animal-sniffer-annotations-1.14.jar;C:\\Users\\sopja\\.m2\\repository\\com\\squareup\\okhttp3\\okhttp\\3.11.0\\okhttp-3.11.0.jar;C:\\Users\\sopja\\.m2\\repository\\com\\squareup\\okio\\okio\\1.14.0\\okio-1.14.0.jar;C:\\Users\\sopja\\.m2\\repository\\org\\apache\\httpcomponents\\httpclient\\4.5.2\\httpclient-4.5.2.jar;C:\\Users\\sopja\\.m2\\repository\\org\\apache\\httpcomponents\\httpcore\\4.4.4\\httpcore-4.4.4.jar;C:\\Users\\sopja\\.m2\\repository\\commons-logging\\commons-logging\\1.2\\commons-logging-1.2.jar;C:\\Users\\sopja\\.m2\\repository\\commons-codec\\commons-codec\\1.9\\commons-codec-1.9.jar;C:\\Users\\sopja\\.m2\\repository\\com\\googlecode\\json-simple\\json-simple\\1.1.1\\json-simple-1.1.1.jar;C:\\Users\\sopja\\.m2\\repository\\org\\apache\\httpcomponents\\httpmime\\4.5.2\\httpmime-4.5.2.jar;C:\\Users\\sopja\\.m2\\repository\\org\\json\\json\\20160810\\json-20160810.jar;C:\\Users\\sopja\\.m2\\repository\\org\\seleniumhq\\selenium\\selenium-chrome-driver\\3.3.1\\selenium-chrome-driver-3.3.1.jar;C:\\Users\\sopja\\.m2\\repository\\org\\seleniumhq\\selenium\\selenium-firefox-driver\\3.141.59\\selenium-firefox-driver-3.141.59.jar;C:\\Users\\sopja\\.m2\\repository\\org\\seleniumhq\\selenium\\selenium-safari-driver\\3.3.1\\selenium-safari-driver-3.3.1.jar;C:\\Users\\sopja\\.m2\\repository\\org\\seleniumhq\\selenium\\htmlunit-driver\\2.24\\htmlunit-driver-2.24.jar;C:\\Users\\sopja\\.m2\\repository\\net\\sourceforge\\htmlunit\\htmlunit\\2.24\\htmlunit-2.24.jar;C:\\Users\\sopja\\.m2\\repository\\xalan\\xalan\\2.7.2\\xalan-2.7.2.jar;C:\\Users\\sopja\\.m2\\repository\\xalan\\serializer\\2.7.2\\serializer-2.7.2.jar;C:\\Users\\sopja\\.m2\\repository\\net\\sourceforge\\htmlunit\\htmlunit-core-js\\2.23\\htmlunit-core-js-2.23.jar;C:\\Users\\sopja\\.m2\\repository\\net\\sourceforge\\htmlunit\\neko-htmlunit\\2.24\\neko-htmlunit-2.24.jar;C:\\Users\\sopja\\.m2\\repository\\xerces\\xercesImpl\\2.11.0\\xercesImpl-2.11.0.jar;C:\\Users\\sopja\\.m2\\repository\\xml-apis\\xml-apis\\1.4.01\\xml-apis-1.4.01.jar;C:\\Users\\sopja\\.m2\\repository\\net\\sourceforge\\cssparser\\cssparser\\0.9.21\\cssparser-0.9.21.jar;C:\\Users\\sopja\\.m2\\repository\\org\\w3c\\css\\sac\\1.3\\sac-1.3.jar;C:\\Users\\sopja\\.m2\\repository\\org\\eclipse\\jetty\\websocket\\websocket-client\\9.2.20.v20161216\\websocket-client-9.2.20.v20161216.jar;C:\\Users\\sopja\\.m2\\repository\\org\\eclipse\\jetty\\jetty-util\\9.2.20.v20161216\\jetty-util-9.2.20.v20161216.jar;C:\\Users\\sopja\\.m2\\repository\\org\\eclipse\\jetty\\jetty-io\\9.2.20.v20161216\\jetty-io-9.2.20.v20161216.jar;C:\\Users\\sopja\\.m2\\repository\\org\\eclipse\\jetty\\websocket\\websocket-common\\9.2.20.v20161216\\websocket-common-9.2.20.v20161216.jar;C:\\Users\\sopja\\.m2\\repository\\org\\eclipse\\jetty\\websocket\\websocket-api\\9.2.20.v20161216\\websocket-api-9.2.20.v20161216.jar;C:\\Users\\sopja\\.m2\\repository\\org\\seleniumhq\\selenium\\selenium-ie-driver\\3.3.1\\selenium-ie-driver-3.3.1.jar;C:\\Users\\sopja\\.m2\\repository\\io\\appium\\java-client\\5.0.0-BETA6\\java-client-5.0.0-BETA6.jar;C:\\Users\\sopja\\.m2\\repository\\org\\seleniumhq\\selenium\\selenium-java\\3.3.1\\selenium-java-3.3.1.jar;C:\\Users\\sopja\\.m2\\repository\\org\\seleniumhq\\selenium\\selenium-edge-driver\\3.3.1\\selenium-edge-driver-3.3.1.jar;C:\\Users\\sopja\\.m2\\repository\\org\\seleniumhq\\selenium\\selenium-opera-driver\\3.3.1\\selenium-opera-driver-3.3.1.jar;C:\\Users\\sopja\\.m2\\repository\\com\\codeborne\\phantomjsdriver\\1.4.0\\phantomjsdriver-1.4.0.jar;C:\\Users\\sopja\\.m2\\repository\\com\\google\\code\\gson\\gson\\2.8.0\\gson-2.8.0.jar;C:\\Users\\sopja\\.m2\\repository\\cglib\\cglib\\3.2.4\\cglib-3.2.4.jar;C:\\Users\\sopja\\.m2\\repository\\org\\ow2\\asm\\asm\\5.1\\asm-5.1.jar;C:\\Users\\sopja\\.m2\\repository\\org\\apache\\ant\\ant\\1.9.6\\ant-1.9.6.jar;C:\\Users\\sopja\\.m2\\repository\\org\\apache\\ant\\ant-launcher\\1.9.6\\ant-launcher-1.9.6.jar;C:\\Users\\sopja\\.m2\\repository\\commons-validator\\commons-validator\\1.5.1\\commons-validator-1.5.1.jar;C:\\Users\\sopja\\.m2\\repository\\commons-beanutils\\commons-beanutils\\1.9.2\\commons-beanutils-1.9.2.jar;C:\\Users\\sopja\\.m2\\repository\\commons-digester\\commons-digester\\1.8.1\\commons-digester-1.8.1.jar;C:\\Users\\sopja\\.m2\\repository\\commons-collections\\commons-collections\\3.2.2\\commons-collections-3.2.2.jar;C:\\Users\\sopja\\.m2\\repository\\commons-io\\commons-io\\2.5\\commons-io-2.5.jar;C:\\Users\\sopja\\.m2\\repository\\org\\springframework\\spring-context\\4.3.5.RELEASE\\spring-context-4.3.5.RELEASE.jar;C:\\Users\\sopja\\.m2\\repository\\org\\springframework\\spring-aop\\4.3.5.RELEASE\\spring-aop-4.3.5.RELEASE.jar;C:\\Users\\sopja\\.m2\\repository\\org\\springframework\\spring-beans\\4.3.5.RELEASE\\spring-beans-4.3.5.RELEASE.jar;C:\\Users\\sopja\\.m2\\repository\\org\\springframework\\spring-core\\4.3.5.RELEASE\\spring-core-4.3.5.RELEASE.jar;C:\\Users\\sopja\\.m2\\repository\\org\\springframework\\spring-expression\\4.3.5.RELEASE\\spring-expression-4.3.5.RELEASE.jar;C:\\Users\\sopja\\.m2\\repository\\org\\aspectj\\aspectjweaver\\1.8.10\\aspectjweaver-1.8.10.jar;C:\\Users\\sopja\\.m2\\repository\\org\\hamcrest\\hamcrest-library\\1.3\\hamcrest-library-1.3.jar;C:\\Users\\sopja\\.m2\\repository\\backport-util-concurrent\\backport-util-concurrent\\3.1\\backport-util-concurrent-3.1.jar;C:\\Users\\sopja\\.m2\\repository\\org\\apache\\maven\\maven-plugin-api\\3.0\\maven-plugin-api-3.0.jar;C:\\Users\\sopja\\.m2\\repository\\org\\apache\\maven\\maven-model\\3.0\\maven-model-3.0.jar;C:\\Users\\sopja\\.m2\\repository\\org\\codehaus\\plexus\\plexus-utils\\2.0.4\\plexus-utils-2.0.4.jar;C:\\Users\\sopja\\.m2\\repository\\org\\apache\\maven\\maven-artifact\\3.0\\maven-artifact-3.0.jar;C:\\Users\\sopja\\.m2\\repository\\org\\sonatype\\sisu\\sisu-inject-plexus\\1.4.2\\sisu-inject-plexus-1.4.2.jar;C:\\Users\\sopja\\.m2\\repository\\org\\codehaus\\plexus\\plexus-component-annotations\\1.5.4\\plexus-component-annotations-1.5.4.jar;C:\\Users\\sopja\\.m2\\repository\\org\\codehaus\\plexus\\plexus-classworlds\\2.2.3\\plexus-classworlds-2.2.3.jar;C:\\Users\\sopja\\.m2\\repository\\org\\sonatype\\sisu\\sisu-inject-bean\\1.4.2\\sisu-inject-bean-1.4.2.jar;C:\\Users\\sopja\\.m2\\repository\\org\\sonatype\\sisu\\sisu-guice\\2.1.7\\sisu-guice-2.1.7-noaop.jar;C:\\Users\\sopja\\.m2\\repository\\info\\cukes\\gherkin\\2.12.2\\gherkin-2.12.2.jar;';
    
        cur['java.class.version'] = '52.0';
    
        cur['java.endorsed.dirs'] = 'C:\\Program Files\\Java\\jdk1.8.0_191\\jre\\lib\\endorsed';
    
        cur['java.ext.dirs'] = 'C:\\Program Files\\Java\\jdk1.8.0_191\\jre\\lib\\ext;C:\\WINDOWS\\Sun\\Java\\lib\\ext';
    
        cur['java.home'] = 'C:\\Program Files\\Java\\jdk1.8.0_191\\jre';
    
        cur['java.io.tmpdir'] = 'C:\\Users\\sopja\\AppData\\Local\\Temp\\';
    
        cur['java.library.path'] = 'C:\\Program Files\\Java\\jdk1.8.0_191\\jre\\bin;C:\\WINDOWS\\Sun\\Java\\bin;C:\\WINDOWS\\system32;C:\\WINDOWS;C:\\Program Files (x86)\\Common Files\\Oracle\\Java\\javapath;C:\\Windows\\system32;C:\\Windows;C:\\Windows\\System32\\Wbem;C:\\Windows\\System32\\WindowsPowerShell\\v1.0\\;C:\\Windows\\System32\\OpenSSH\\;C:\\Program Files (x86)\\NVIDIA Corporation\\PhysX\\Common;C:\\Program Files\\Java\\jdk1.8.0_191\\bin;C:\\Program Files\\Git\\cmd;C:\\Program Files\\nodejs\\;C:\\Program Files\\NVIDIA Corporation\\NVIDIA NvDLISR;C:\\Users\\sopja\\OneDrive\\Documents\\apache-maven-3.6.0\\bin;C:\\Users\\sopja\\AppData\\Local\\Android\\Sdk\\platform-tools;C:\\Users\\sopja\\AppData\\Local\\Android\\Sdk\\platform-tools\\;C:\\src\\flutter\\bin;C:\\Program Files (x86)\\Intel\\Intel(R) Management Engine Components\\DAL;C:\\Program Files\\Intel\\Intel(R) Management Engine Components\\DAL;C:\\Program Files\\Intel\\WiFi\\bin\\;C:\\Program Files\\Common Files\\Intel\\WirelessCommon\\;%SystemRoot%\\system32;%SystemRoot%;%SystemRoot%\\System32\\Wbem;%SYSTEMROOT%\\System32\\WindowsPowerShell\\v1.0\\;%SYSTEMROOT%\\System32\\OpenSSH\\;C:\\Users\\sopja\\AppData\\Local\\Microsoft\\WindowsApps;C:\\Users\\sopja\\AppData\\Roaming\\npm;C:\\src\\flutter\\bin;;.';
    
        cur['java.runtime.name'] = 'Java(TM) SE Runtime Environment';
    
        cur['java.runtime.version'] = '1.8.0_191-b12';
    
        cur['java.specification.name'] = 'Java Platform API Specification';
    
        cur['java.specification.vendor'] = 'Oracle Corporation';
    
        cur['java.specification.version'] = '1.8';
    
        cur['java.vendor'] = 'Oracle Corporation';
    
        cur['java.vendor.url'] = 'http://java.oracle.com/';
    
        cur['java.vendor.url.bug'] = 'http://bugreport.sun.com/bugreport/';
    
        cur['java.version'] = '1.8.0_191';
    
        cur['java.vm.info'] = 'mixed mode';
    
        cur['java.vm.name'] = 'Java HotSpot(TM) 64-Bit Server VM';
    
        cur['java.vm.specification.name'] = 'Java Virtual Machine Specification';
    
        cur['java.vm.specification.vendor'] = 'Oracle Corporation';
    
        cur['java.vm.specification.version'] = '1.8';
    
        cur['java.vm.vendor'] = 'Oracle Corporation';
    
        cur['java.vm.version'] = '25.191-b12';
    
        cur['line.separator'] = '
';
    
        cur['localRepository'] = 'C:\\Users\\sopja\\.m2\\repository';
    
        cur['os.arch'] = 'amd64';
    
        cur['os.name'] = 'Windows 10';
    
        cur['os.version'] = '10.0';
    
        cur['path.separator'] = ';';
    
        cur['sun.arch.data.model'] = '64';
    
        cur['sun.boot.class.path'] = 'C:\\Program Files\\Java\\jdk1.8.0_191\\jre\\lib\\resources.jar;C:\\Program Files\\Java\\jdk1.8.0_191\\jre\\lib\\rt.jar;C:\\Program Files\\Java\\jdk1.8.0_191\\jre\\lib\\sunrsasign.jar;C:\\Program Files\\Java\\jdk1.8.0_191\\jre\\lib\\jsse.jar;C:\\Program Files\\Java\\jdk1.8.0_191\\jre\\lib\\jce.jar;C:\\Program Files\\Java\\jdk1.8.0_191\\jre\\lib\\charsets.jar;C:\\Program Files\\Java\\jdk1.8.0_191\\jre\\lib\\jfr.jar;C:\\Program Files\\Java\\jdk1.8.0_191\\jre\\classes';
    
        cur['sun.boot.library.path'] = 'C:\\Program Files\\Java\\jdk1.8.0_191\\jre\\bin';
    
        cur['sun.cpu.endian'] = 'little';
    
        cur['sun.cpu.isalist'] = 'amd64';
    
        cur['sun.desktop'] = 'windows';
    
        cur['sun.io.unicode.encoding'] = 'UnicodeLittle';
    
        cur['sun.java.command'] = 'C:\\Users\\sopja\\AppData\\Local\\Temp\\surefire2666739647318928659\\surefirebooter6444142511326496610.jar C:\\Users\\sopja\\AppData\\Local\\Temp\\surefire2666739647318928659 2019-09-17T12-17-57_366-jvmRun1 surefire5917020227991208134tmp surefire_0284355205486339314tmp';
    
        cur['sun.java.launcher'] = 'SUN_STANDARD';
    
        cur['sun.jnu.encoding'] = 'Cp1250';
    
        cur['sun.management.compiler'] = 'HotSpot 64-Bit Tiered Compilers';
    
        cur['sun.os.patch.level'] = '';
    
        cur['surefire.real.class.path'] = 'C:\\Users\\sopja\\AppData\\Local\\Temp\\surefire2666739647318928659\\surefirebooter6444142511326496610.jar';
    
        cur['surefire.test.class.path'] = 'C:\\KODE Labs Automation Framework\\target\\test-classes;C:\\KODE Labs Automation Framework\\target\\classes;C:\\Users\\sopja\\.m2\\repository\\io\\cucumber\\cucumber-java\\2.3.1\\cucumber-java-2.3.1.jar;C:\\Users\\sopja\\.m2\\repository\\io\\cucumber\\cucumber-core\\2.3.1\\cucumber-core-2.3.1.jar;C:\\Users\\sopja\\.m2\\repository\\info\\cukes\\cucumber-html\\0.2.6\\cucumber-html-0.2.6.jar;C:\\Users\\sopja\\.m2\\repository\\io\\cucumber\\cucumber-jvm-deps\\1.0.6\\cucumber-jvm-deps-1.0.6.jar;C:\\Users\\sopja\\.m2\\repository\\io\\cucumber\\gherkin\\5.0.0\\gherkin-5.0.0.jar;C:\\Users\\sopja\\.m2\\repository\\io\\cucumber\\tag-expressions\\1.1.1\\tag-expressions-1.1.1.jar;C:\\Users\\sopja\\.m2\\repository\\io\\cucumber\\cucumber-junit\\2.3.1\\cucumber-junit-2.3.1.jar;C:\\Users\\sopja\\.m2\\repository\\junit\\junit\\4.13-beta-2\\junit-4.13-beta-2.jar;C:\\Users\\sopja\\.m2\\repository\\org\\hamcrest\\hamcrest-core\\1.3\\hamcrest-core-1.3.jar;C:\\Users\\sopja\\.m2\\repository\\org\\apache\\commons\\commons-lang3\\3.5\\commons-lang3-3.5.jar;C:\\Users\\sopja\\.m2\\repository\\org\\seleniumhq\\selenium\\selenium-api\\3.141.59\\selenium-api-3.141.59.jar;C:\\Users\\sopja\\.m2\\repository\\org\\seleniumhq\\selenium\\selenium-support\\3.141.59\\selenium-support-3.141.59.jar;C:\\Users\\sopja\\.m2\\repository\\org\\seleniumhq\\selenium\\selenium-remote-driver\\3.141.59\\selenium-remote-driver-3.141.59.jar;C:\\Users\\sopja\\.m2\\repository\\net\\bytebuddy\\byte-buddy\\1.8.15\\byte-buddy-1.8.15.jar;C:\\Users\\sopja\\.m2\\repository\\org\\apache\\commons\\commons-exec\\1.3\\commons-exec-1.3.jar;C:\\Users\\sopja\\.m2\\repository\\com\\google\\guava\\guava\\25.0-jre\\guava-25.0-jre.jar;C:\\Users\\sopja\\.m2\\repository\\com\\google\\code\\findbugs\\jsr305\\1.3.9\\jsr305-1.3.9.jar;C:\\Users\\sopja\\.m2\\repository\\org\\checkerframework\\checker-compat-qual\\2.0.0\\checker-compat-qual-2.0.0.jar;C:\\Users\\sopja\\.m2\\repository\\com\\google\\errorprone\\error_prone_annotations\\2.1.3\\error_prone_annotations-2.1.3.jar;C:\\Users\\sopja\\.m2\\repository\\com\\google\\j2objc\\j2objc-annotations\\1.1\\j2objc-annotations-1.1.jar;C:\\Users\\sopja\\.m2\\repository\\org\\codehaus\\mojo\\animal-sniffer-annotations\\1.14\\animal-sniffer-annotations-1.14.jar;C:\\Users\\sopja\\.m2\\repository\\com\\squareup\\okhttp3\\okhttp\\3.11.0\\okhttp-3.11.0.jar;C:\\Users\\sopja\\.m2\\repository\\com\\squareup\\okio\\okio\\1.14.0\\okio-1.14.0.jar;C:\\Users\\sopja\\.m2\\repository\\org\\apache\\httpcomponents\\httpclient\\4.5.2\\httpclient-4.5.2.jar;C:\\Users\\sopja\\.m2\\repository\\org\\apache\\httpcomponents\\httpcore\\4.4.4\\httpcore-4.4.4.jar;C:\\Users\\sopja\\.m2\\repository\\commons-logging\\commons-logging\\1.2\\commons-logging-1.2.jar;C:\\Users\\sopja\\.m2\\repository\\commons-codec\\commons-codec\\1.9\\commons-codec-1.9.jar;C:\\Users\\sopja\\.m2\\repository\\com\\googlecode\\json-simple\\json-simple\\1.1.1\\json-simple-1.1.1.jar;C:\\Users\\sopja\\.m2\\repository\\org\\apache\\httpcomponents\\httpmime\\4.5.2\\httpmime-4.5.2.jar;C:\\Users\\sopja\\.m2\\repository\\org\\json\\json\\20160810\\json-20160810.jar;C:\\Users\\sopja\\.m2\\repository\\org\\seleniumhq\\selenium\\selenium-chrome-driver\\3.3.1\\selenium-chrome-driver-3.3.1.jar;C:\\Users\\sopja\\.m2\\repository\\org\\seleniumhq\\selenium\\selenium-firefox-driver\\3.141.59\\selenium-firefox-driver-3.141.59.jar;C:\\Users\\sopja\\.m2\\repository\\org\\seleniumhq\\selenium\\selenium-safari-driver\\3.3.1\\selenium-safari-driver-3.3.1.jar;C:\\Users\\sopja\\.m2\\repository\\org\\seleniumhq\\selenium\\htmlunit-driver\\2.24\\htmlunit-driver-2.24.jar;C:\\Users\\sopja\\.m2\\repository\\net\\sourceforge\\htmlunit\\htmlunit\\2.24\\htmlunit-2.24.jar;C:\\Users\\sopja\\.m2\\repository\\xalan\\xalan\\2.7.2\\xalan-2.7.2.jar;C:\\Users\\sopja\\.m2\\repository\\xalan\\serializer\\2.7.2\\serializer-2.7.2.jar;C:\\Users\\sopja\\.m2\\repository\\net\\sourceforge\\htmlunit\\htmlunit-core-js\\2.23\\htmlunit-core-js-2.23.jar;C:\\Users\\sopja\\.m2\\repository\\net\\sourceforge\\htmlunit\\neko-htmlunit\\2.24\\neko-htmlunit-2.24.jar;C:\\Users\\sopja\\.m2\\repository\\xerces\\xercesImpl\\2.11.0\\xercesImpl-2.11.0.jar;C:\\Users\\sopja\\.m2\\repository\\xml-apis\\xml-apis\\1.4.01\\xml-apis-1.4.01.jar;C:\\Users\\sopja\\.m2\\repository\\net\\sourceforge\\cssparser\\cssparser\\0.9.21\\cssparser-0.9.21.jar;C:\\Users\\sopja\\.m2\\repository\\org\\w3c\\css\\sac\\1.3\\sac-1.3.jar;C:\\Users\\sopja\\.m2\\repository\\org\\eclipse\\jetty\\websocket\\websocket-client\\9.2.20.v20161216\\websocket-client-9.2.20.v20161216.jar;C:\\Users\\sopja\\.m2\\repository\\org\\eclipse\\jetty\\jetty-util\\9.2.20.v20161216\\jetty-util-9.2.20.v20161216.jar;C:\\Users\\sopja\\.m2\\repository\\org\\eclipse\\jetty\\jetty-io\\9.2.20.v20161216\\jetty-io-9.2.20.v20161216.jar;C:\\Users\\sopja\\.m2\\repository\\org\\eclipse\\jetty\\websocket\\websocket-common\\9.2.20.v20161216\\websocket-common-9.2.20.v20161216.jar;C:\\Users\\sopja\\.m2\\repository\\org\\eclipse\\jetty\\websocket\\websocket-api\\9.2.20.v20161216\\websocket-api-9.2.20.v20161216.jar;C:\\Users\\sopja\\.m2\\repository\\org\\seleniumhq\\selenium\\selenium-ie-driver\\3.3.1\\selenium-ie-driver-3.3.1.jar;C:\\Users\\sopja\\.m2\\repository\\io\\appium\\java-client\\5.0.0-BETA6\\java-client-5.0.0-BETA6.jar;C:\\Users\\sopja\\.m2\\repository\\org\\seleniumhq\\selenium\\selenium-java\\3.3.1\\selenium-java-3.3.1.jar;C:\\Users\\sopja\\.m2\\repository\\org\\seleniumhq\\selenium\\selenium-edge-driver\\3.3.1\\selenium-edge-driver-3.3.1.jar;C:\\Users\\sopja\\.m2\\repository\\org\\seleniumhq\\selenium\\selenium-opera-driver\\3.3.1\\selenium-opera-driver-3.3.1.jar;C:\\Users\\sopja\\.m2\\repository\\com\\codeborne\\phantomjsdriver\\1.4.0\\phantomjsdriver-1.4.0.jar;C:\\Users\\sopja\\.m2\\repository\\com\\google\\code\\gson\\gson\\2.8.0\\gson-2.8.0.jar;C:\\Users\\sopja\\.m2\\repository\\cglib\\cglib\\3.2.4\\cglib-3.2.4.jar;C:\\Users\\sopja\\.m2\\repository\\org\\ow2\\asm\\asm\\5.1\\asm-5.1.jar;C:\\Users\\sopja\\.m2\\repository\\org\\apache\\ant\\ant\\1.9.6\\ant-1.9.6.jar;C:\\Users\\sopja\\.m2\\repository\\org\\apache\\ant\\ant-launcher\\1.9.6\\ant-launcher-1.9.6.jar;C:\\Users\\sopja\\.m2\\repository\\commons-validator\\commons-validator\\1.5.1\\commons-validator-1.5.1.jar;C:\\Users\\sopja\\.m2\\repository\\commons-beanutils\\commons-beanutils\\1.9.2\\commons-beanutils-1.9.2.jar;C:\\Users\\sopja\\.m2\\repository\\commons-digester\\commons-digester\\1.8.1\\commons-digester-1.8.1.jar;C:\\Users\\sopja\\.m2\\repository\\commons-collections\\commons-collections\\3.2.2\\commons-collections-3.2.2.jar;C:\\Users\\sopja\\.m2\\repository\\commons-io\\commons-io\\2.5\\commons-io-2.5.jar;C:\\Users\\sopja\\.m2\\repository\\org\\springframework\\spring-context\\4.3.5.RELEASE\\spring-context-4.3.5.RELEASE.jar;C:\\Users\\sopja\\.m2\\repository\\org\\springframework\\spring-aop\\4.3.5.RELEASE\\spring-aop-4.3.5.RELEASE.jar;C:\\Users\\sopja\\.m2\\repository\\org\\springframework\\spring-beans\\4.3.5.RELEASE\\spring-beans-4.3.5.RELEASE.jar;C:\\Users\\sopja\\.m2\\repository\\org\\springframework\\spring-core\\4.3.5.RELEASE\\spring-core-4.3.5.RELEASE.jar;C:\\Users\\sopja\\.m2\\repository\\org\\springframework\\spring-expression\\4.3.5.RELEASE\\spring-expression-4.3.5.RELEASE.jar;C:\\Users\\sopja\\.m2\\repository\\org\\aspectj\\aspectjweaver\\1.8.10\\aspectjweaver-1.8.10.jar;C:\\Users\\sopja\\.m2\\repository\\org\\hamcrest\\hamcrest-library\\1.3\\hamcrest-library-1.3.jar;C:\\Users\\sopja\\.m2\\repository\\backport-util-concurrent\\backport-util-concurrent\\3.1\\backport-util-concurrent-3.1.jar;C:\\Users\\sopja\\.m2\\repository\\org\\apache\\maven\\maven-plugin-api\\3.0\\maven-plugin-api-3.0.jar;C:\\Users\\sopja\\.m2\\repository\\org\\apache\\maven\\maven-model\\3.0\\maven-model-3.0.jar;C:\\Users\\sopja\\.m2\\repository\\org\\codehaus\\plexus\\plexus-utils\\2.0.4\\plexus-utils-2.0.4.jar;C:\\Users\\sopja\\.m2\\repository\\org\\apache\\maven\\maven-artifact\\3.0\\maven-artifact-3.0.jar;C:\\Users\\sopja\\.m2\\repository\\org\\sonatype\\sisu\\sisu-inject-plexus\\1.4.2\\sisu-inject-plexus-1.4.2.jar;C:\\Users\\sopja\\.m2\\repository\\org\\codehaus\\plexus\\plexus-component-annotations\\1.5.4\\plexus-component-annotations-1.5.4.jar;C:\\Users\\sopja\\.m2\\repository\\org\\codehaus\\plexus\\plexus-classworlds\\2.2.3\\plexus-classworlds-2.2.3.jar;C:\\Users\\sopja\\.m2\\repository\\org\\sonatype\\sisu\\sisu-inject-bean\\1.4.2\\sisu-inject-bean-1.4.2.jar;C:\\Users\\sopja\\.m2\\repository\\org\\sonatype\\sisu\\sisu-guice\\2.1.7\\sisu-guice-2.1.7-noaop.jar;C:\\Users\\sopja\\.m2\\repository\\info\\cukes\\gherkin\\2.12.2\\gherkin-2.12.2.jar;';
    
        cur['user.country'] = 'US';
    
        cur['user.dir'] = 'C:\\KODE Labs Automation Framework';
    
        cur['user.home'] = 'C:\\Users\\sopja';
    
        cur['user.language'] = 'en';
    
        cur['user.name'] = 'sopja';
    
        cur['user.script'] = '';
    
        cur['user.timezone'] = 'Europe/Prague';
    
        cur['user.variant'] = '';
    
        cur['websiteBrowser'] = 'headless';
    
        cur['websiteUrl'] = 'https://qa-kode.kode-dev.com/real-estate/buildings';
    </script><script type="text/javascript" language="JavaScript">
        function displayProperties (name) {
          var win = window.open('','JUnitSystemProperties','scrollbars=1,resizable=1');
          var doc = win.document.open();
          doc.write("<html><head><title>Properties of " + name + "</title>");
          doc.write("<style>")
          doc.write("body {font:normal 68% verdana,arial,helvetica; color:#000000; }");
          doc.write("table tr td, table tr th { font-size: 68%; }");
          doc.write("table.properties { border-collapse:collapse; border-left:solid 1 #cccccc; border-top:solid 1 #cccccc; padding:5px; }");
          doc.write("table.properties th { text-align:left; border-right:solid 1 #cccccc; border-bottom:solid 1 #cccccc; background-color:#eeeeee; }");
          doc.write("table.properties td { font:normal; text-align:left; border-right:solid 1 #cccccc; border-bottom:solid 1 #cccccc; background-color:#fffffff; }");
          doc.write("h3 { margin-bottom: 0.5em; font: bold 115% verdana,arial,helvetica }");
          doc.write("</style>");
          doc.write("</head><body>");
          doc.write("<h3>Properties of " + name + "</h3>");
          doc.write("<div align=\"right\"><a href=\"javascript:window.close();\">Close</a></div>");
          doc.write("<table class='properties'>");
          doc.write("<tr><th>Name</th><th>Value</th></tr>");
          for (prop in TestCases[name]) {
            doc.write("<tr><th>" + prop + "</th><td>" + TestCases[name][prop] + "</td></tr>");
          }
          doc.write("</table>");
          doc.write("</body></html>");
          doc.close();
          win.focus();
        }
        
      </script>
</head>
<body>
<a name="top"></a>
<h1>Unit Test Results</h1>
<table width="100%">
<tr>
<td align="left"></td><td align="right">Designed for use with <a href="http://www.junit.org">JUnit</a> and <a href="http://jakarta.apache.org/ant">Ant</a>.</td>
</tr>
</table>
<hr size="1">
<h2>Summary</h2>
<table class="details" border="0" cellpadding="5" cellspacing="2" width="95%">
<tr valign="top">
<th>Tests</th><th>Failures</th><th>Errors</th><th>Success rate</th><th>Time</th>
</tr>
<tr valign="top" class="Failure">
<td>126</td><td>1</td><td>11</td><td>90.48%</td><td>NaN</td>
</tr>
</table>
<table border="0" width="95%">
<tr>
<td style="text-align: justify;">
        Note: <i>failures</i> are anticipated and checked for with assertions while <i>errors</i> are unanticipated.
        </td>
</tr>
</table>
<hr size="1" width="95%" align="left">
<h2>Packages</h2>
        Note: package statistics are not computed recursively, they only sum up all of its testsuites numbers.
        <table class="details" border="0" cellpadding="5" cellspacing="2" width="95%">
<tr valign="top">
<th width="80%">Name</th><th>Tests</th><th>Errors</th><th>Failures</th><th nowrap>Time(s)</th>
</tr>
<tr valign="top" class="Failure">
<td><a href="#"></a></td><td>126</td><td>11</td><td>1</td><td>NaN</td>
</tr>
</table>
<hr size="1" width="95%" align="left">
<a name=""></a>
<h3>Package </h3>
<table class="details" border="0" cellpadding="5" cellspacing="2" width="95%">
<tr valign="top">
<th width="80%">Name</th><th>Tests</th><th>Errors</th><th>Failures</th><th nowrap>Time(s)</th>
</tr>
<tr valign="top" class="Failure">
<td><a href="#RunCukesTest">RunCukesTest</a></td><td>126</td><td>11</td><td>1</td><td>NaN</td>
</tr>
</table>
<a href="#top">Back to top</a>
<p></p>
<p></p>
<hr size="1" width="95%" align="left">
<a name="RunCukesTest"></a>
<h3>TestCase RunCukesTest</h3>
<table class="details" border="0" cellpadding="5" cellspacing="2" width="95%">
<tr valign="top">
<th>Name</th><th>Status</th><th width="80%">Type</th><th nowrap>Time(s)</th>
</tr>
<tr valign="top" class="">
<td>Create Specific Building Audit Template</td><td>Success</td><td></td><td>52.685</td>
</tr>
<tr valign="top" class="Error">
<td>Create Global Audit Template</td><td>Error</td><td>Expected condition failed: waiting for visibility of element located by By.xpath: //*[contains(text(), 'AHU')] (tried for 50 second(s) with 500 milliseconds interval)<code>
<br>
<br>org.openqa.selenium.TimeoutException: Expected condition failed: waiting for visibility of element located by By.xpath: //*[contains(text(), 'AHU')] (tried for 50 second(s) with 500 milliseconds interval)Caused by: org.openqa.selenium.NoSuchElementException: no such element: Unable to locate element: {"method":"xpath","selector":"//*[contains(text(), 'AHU')]"}  (Session info: headless chrome=76.0.3809.132)For documentation on this error, please visit: https://www.seleniumhq.org/exceptions/no_such_element.htmlBuild info: version: '3.141.59', revision: 'e82be7d358', time: '2018-11-14T08:17:03'System info: host: 'DESKTOP-E0L3QD7', ip: '192.168.1.124', os.name: 'Windows 10', os.arch: 'amd64', os.version: '10.0', java.version: '1.8.0_191'Driver info: org.openqa.selenium.chrome.ChromeDriverCapabilities {acceptInsecureCerts: false, browserName: chrome, browserVersion: 76.0.3809.132, chrome: {chromedriverVersion: 75.0.3770.90 (a6dcaf7e3ec6f..., userDataDir: C:\Users\sopja\AppData\Loca...}, goog:chromeOptions: {debuggerAddress: localhost:52343}, javascriptEnabled: true, networkConnectionEnabled: false, pageLoadStrategy: normal, platform: XP, platformName: XP, proxy: Proxy(), setWindowRect: true, strictFileInteractability: false, timeouts: {implicit: 0, pageLoad: 300000, script: 30000}, unhandledPromptBehavior: dismiss and notify}Session ID: df891a332dcfb96cc559a42801d7cc25*** Element info: {Using=xpath, value=//*[contains(text(), 'AHU')]}</code></td><td>61.952</td>
</tr>
<tr valign="top" class="">
<td>Create VAV Template with Alarm Filter</td><td>Success</td><td></td><td>11.708</td>
</tr>
<tr valign="top" class="Error">
<td>Edit Specific Audit Template</td><td>Error</td><td>element click intercepted: Element &lt;label _ngcontent-nqy-c23="" class="inner-item-label temp-flex-2 first-col-element main"&gt;...&lt;/label&gt; is not clickable at point (401, 808). Other element would receive the click: &lt;div class="cdk-overlay-backdrop cdk-overlay-dark-backdrop cdk-overlay-backdrop-showing"&gt;&lt;/div&gt;
  (Session info: headless chrome=76.0.3809.132)
Build info: version: '3.141.59', revision: 'e82be7d358', time: '2018-11-14T08:17:03'
System info: host: 'DESKTOP-E0L3QD7', ip: '192.168.1.124', os.name: 'Windows 10', os.arch: 'amd64', os.version: '10.0', java.version: '1.8.0_191'
Driver info: org.openqa.selenium.chrome.ChromeDriver
Capabilities {acceptInsecureCerts: false, browserName: chrome, browserVersion: 76.0.3809.132, chrome: {chromedriverVersion: 75.0.3770.90 (a6dcaf7e3ec6f..., userDataDir: C:\Users\sopja\AppData\Loca...}, goog:chromeOptions: {debuggerAddress: localhost:52343}, javascriptEnabled: true, networkConnectionEnabled: false, pageLoadStrategy: normal, platform: XP, platformName: XP, proxy: Proxy(), setWindowRect: true, strictFileInteractability: false, timeouts: {implicit: 0, pageLoad: 300000, script: 30000}, unhandledPromptBehavior: dismiss and notify}
Session ID: df891a332dcfb96cc559a42801d7cc25<code>
<br>
<br>org.openqa.selenium.ElementClickInterceptedException: element click intercepted: Element &lt;label _ngcontent-nqy-c23="" class="inner-item-label temp-flex-2 first-col-element main"&gt;...&lt;/label&gt; is not clickable at point (401, 808). Other element would receive the click: &lt;div class="cdk-overlay-backdrop cdk-overlay-dark-backdrop cdk-overlay-backdrop-showing"&gt;&lt;/div&gt;  (Session info: headless chrome=76.0.3809.132)Build info: version: '3.141.59', revision: 'e82be7d358', time: '2018-11-14T08:17:03'System info: host: 'DESKTOP-E0L3QD7', ip: '192.168.1.124', os.name: 'Windows 10', os.arch: 'amd64', os.version: '10.0', java.version: '1.8.0_191'Driver info: org.openqa.selenium.chrome.ChromeDriverCapabilities {acceptInsecureCerts: false, browserName: chrome, browserVersion: 76.0.3809.132, chrome: {chromedriverVersion: 75.0.3770.90 (a6dcaf7e3ec6f..., userDataDir: C:\Users\sopja\AppData\Loca...}, goog:chromeOptions: {debuggerAddress: localhost:52343}, javascriptEnabled: true, networkConnectionEnabled: false, pageLoadStrategy: normal, platform: XP, platformName: XP, proxy: Proxy(), setWindowRect: true, strictFileInteractability: false, timeouts: {implicit: 0, pageLoad: 300000, script: 30000}, unhandledPromptBehavior: dismiss and notify}Session ID: df891a332dcfb96cc559a42801d7cc25</code></td><td>11.022</td>
</tr>
<tr valign="top" class="">
<td>Delete Specific Audit Template</td><td>Success</td><td></td><td>10.976</td>
</tr>
<tr valign="top" class="Error">
<td>Delete Specific Audit Template</td><td>Error</td><td>Expected condition failed: waiting for visibility of element located by By.xpath: //*[contains(text(), 'Edited Template')] (tried for 50 second(s) with 500 milliseconds interval)<code>
<br>
<br>org.openqa.selenium.TimeoutException: Expected condition failed: waiting for visibility of element located by By.xpath: //*[contains(text(), 'Edited Template')] (tried for 50 second(s) with 500 milliseconds interval)Caused by: org.openqa.selenium.NoSuchElementException: no such element: Unable to locate element: {"method":"xpath","selector":"//*[contains(text(), 'Edited Template')]"}  (Session info: headless chrome=76.0.3809.132)For documentation on this error, please visit: https://www.seleniumhq.org/exceptions/no_such_element.htmlBuild info: version: '3.141.59', revision: 'e82be7d358', time: '2018-11-14T08:17:03'System info: host: 'DESKTOP-E0L3QD7', ip: '192.168.1.124', os.name: 'Windows 10', os.arch: 'amd64', os.version: '10.0', java.version: '1.8.0_191'Driver info: org.openqa.selenium.chrome.ChromeDriverCapabilities {acceptInsecureCerts: false, browserName: chrome, browserVersion: 76.0.3809.132, chrome: {chromedriverVersion: 75.0.3770.90 (a6dcaf7e3ec6f..., userDataDir: C:\Users\sopja\AppData\Loca...}, goog:chromeOptions: {debuggerAddress: localhost:52343}, javascriptEnabled: true, networkConnectionEnabled: false, pageLoadStrategy: normal, platform: XP, platformName: XP, proxy: Proxy(), setWindowRect: true, strictFileInteractability: false, timeouts: {implicit: 0, pageLoad: 300000, script: 30000}, unhandledPromptBehavior: dismiss and notify}Session ID: df891a332dcfb96cc559a42801d7cc25*** Element info: {Using=xpath, value=//*[contains(text(), 'Edited Template')]}</code></td><td>57.264</td>
</tr>
<tr valign="top" class="Error">
<td>Delete Global Audit Template</td><td>Error</td><td>Expected condition failed: waiting for visibility of element located by By.xpath: //*[text()[contains(.,'more_horiz')]] (tried for 15 second(s) with 500 milliseconds interval)<code>
<br>
<br>org.openqa.selenium.TimeoutException: Expected condition failed: waiting for visibility of element located by By.xpath: //*[text()[contains(.,'more_horiz')]] (tried for 15 second(s) with 500 milliseconds interval)Caused by: org.openqa.selenium.NoSuchElementException: no such element: Unable to locate element: {"method":"xpath","selector":"//*[text()[contains(.,'more_horiz')]]"}  (Session info: headless chrome=76.0.3809.132)For documentation on this error, please visit: https://www.seleniumhq.org/exceptions/no_such_element.htmlBuild info: version: '3.141.59', revision: 'e82be7d358', time: '2018-11-14T08:17:03'System info: host: 'DESKTOP-E0L3QD7', ip: '192.168.1.124', os.name: 'Windows 10', os.arch: 'amd64', os.version: '10.0', java.version: '1.8.0_191'Driver info: org.openqa.selenium.chrome.ChromeDriverCapabilities {acceptInsecureCerts: false, browserName: chrome, browserVersion: 76.0.3809.132, chrome: {chromedriverVersion: 75.0.3770.90 (a6dcaf7e3ec6f..., userDataDir: C:\Users\sopja\AppData\Loca...}, goog:chromeOptions: {debuggerAddress: localhost:52343}, javascriptEnabled: true, networkConnectionEnabled: false, pageLoadStrategy: normal, platform: XP, platformName: XP, proxy: Proxy(), setWindowRect: true, strictFileInteractability: false, timeouts: {implicit: 0, pageLoad: 300000, script: 30000}, unhandledPromptBehavior: dismiss and notify}Session ID: df891a332dcfb96cc559a42801d7cc25*** Element info: {Using=xpath, value=//*[text()[contains(.,'more_horiz')]]}</code></td><td>22.049</td>
</tr>
<tr valign="top" class="">
<td>Go to one Floor from the list</td><td>Success</td><td></td><td>8.900</td>
</tr>
<tr valign="top" class="">
<td>Go to one Floor from the Floors button</td><td>Success</td><td></td><td>14.034</td>
</tr>
<tr valign="top" class="">
<td>Go to one Device from the Devices button</td><td>Success</td><td></td><td>7.429</td>
</tr>
<tr valign="top" class="">
<td>Add Widget on Dashboard</td><td>Success</td><td></td><td>8.642</td>
</tr>
<tr valign="top" class="">
<td>Edit Navigation Widget on Dashboard</td><td>Success</td><td></td><td>8.571</td>
</tr>
<tr valign="top" class="">
<td>Edit Summary Widget on Dashboard</td><td>Success</td><td></td><td>13.544</td>
</tr>
<tr valign="top" class="">
<td>Go to one Device from Summary Widget</td><td>Success</td><td></td><td>6.109</td>
</tr>
<tr valign="top" class="">
<td>Go to one Device from Navigation Widget</td><td>Success</td><td></td><td>5.275</td>
</tr>
<tr valign="top" class="">
<td>Remove Widget from Dashboard</td><td>Success</td><td></td><td>13.333</td>
</tr>
<tr valign="top" class="">
<td>Add New Building</td><td>Success</td><td></td><td>8.726</td>
</tr>
<tr valign="top" class="">
<td>Edit Building</td><td>Success</td><td></td><td>8.911</td>
</tr>
<tr valign="top" class="">
<td>Add New Floor</td><td>Success</td><td></td><td>14.022</td>
</tr>
<tr valign="top" class="">
<td>Add Multiple Floors</td><td>Success</td><td></td><td>14.153</td>
</tr>
<tr valign="top" class="">
<td>Edit Floors</td><td>Success</td><td></td><td>17.294</td>
</tr>
<tr valign="top" class="">
<td>Delete Floors</td><td>Success</td><td></td><td>17.352</td>
</tr>
<tr valign="top" class="">
<td>Assign Users</td><td>Success</td><td></td><td>11.387</td>
</tr>
<tr valign="top" class="">
<td>Delete Assign Users</td><td>Success</td><td></td><td>14.413</td>
</tr>
<tr valign="top" class="">
<td>Add Connector</td><td>Success</td><td></td><td>13.468</td>
</tr>
<tr valign="top" class="Error">
<td>Test Connector</td><td>Error</td><td>Expected condition failed: waiting for visibility of element located by By.xpath: //*[text()[contains(.,'check_circle')]] (tried for 15 second(s) with 500 milliseconds interval)<code>
<br>
<br>org.openqa.selenium.TimeoutException: Expected condition failed: waiting for visibility of element located by By.xpath: //*[text()[contains(.,'check_circle')]] (tried for 15 second(s) with 500 milliseconds interval)Caused by: org.openqa.selenium.NoSuchElementException: no such element: Unable to locate element: {"method":"xpath","selector":"//*[text()[contains(.,'check_circle')]]"}  (Session info: headless chrome=76.0.3809.132)For documentation on this error, please visit: https://www.seleniumhq.org/exceptions/no_such_element.htmlBuild info: version: '3.141.59', revision: 'e82be7d358', time: '2018-11-14T08:17:03'System info: host: 'DESKTOP-E0L3QD7', ip: '192.168.1.124', os.name: 'Windows 10', os.arch: 'amd64', os.version: '10.0', java.version: '1.8.0_191'Driver info: org.openqa.selenium.chrome.ChromeDriverCapabilities {acceptInsecureCerts: false, browserName: chrome, browserVersion: 76.0.3809.132, chrome: {chromedriverVersion: 75.0.3770.90 (a6dcaf7e3ec6f..., userDataDir: C:\Users\sopja\AppData\Loca...}, goog:chromeOptions: {debuggerAddress: localhost:52343}, javascriptEnabled: true, networkConnectionEnabled: false, pageLoadStrategy: normal, platform: XP, platformName: XP, proxy: Proxy(), setWindowRect: true, strictFileInteractability: false, timeouts: {implicit: 0, pageLoad: 300000, script: 30000}, unhandledPromptBehavior: dismiss and notify}Session ID: df891a332dcfb96cc559a42801d7cc25*** Element info: {Using=xpath, value=//*[text()[contains(.,'check_circle')]]}</code></td><td>24.194</td>
</tr>
<tr valign="top" class="">
<td>Edit Connector</td><td>Success</td><td></td><td>11.273</td>
</tr>
<tr valign="top" class="">
<td>Delete Connector</td><td>Success</td><td></td><td>10.293</td>
</tr>
<tr valign="top" class="">
<td>Delete Building</td><td>Success</td><td></td><td>10.460</td>
</tr>
<tr valign="top" class="">
<td>Search For Device</td><td>Success</td><td></td><td>11.429</td>
</tr>
<tr valign="top" class="">
<td>Filter By Type</td><td>Success</td><td></td><td>7.930</td>
</tr>
<tr valign="top" class="">
<td>Filter by Area</td><td>Success</td><td></td><td>7.681</td>
</tr>
<tr valign="top" class="">
<td>Go to Device Details Page</td><td>Success</td><td></td><td>7.255</td>
</tr>
<tr valign="top" class="">
<td>Update Device using Batch Update</td><td>Success</td><td></td><td>18.937</td>
</tr>
<tr valign="top" class="">
<td>Add point to Template from Point Batch Update</td><td>Success</td><td></td><td>24.441</td>
</tr>
<tr valign="top" class="">
<td>Remove point from Template at Point Batch Update</td><td>Success</td><td></td><td>22.347</td>
</tr>
<tr valign="top" class="">
<td>Update Device from device page</td><td>Success</td><td></td><td>19.696</td>
</tr>
<tr valign="top" class="">
<td>Update Device from Details page</td><td>Success</td><td></td><td>19.654</td>
</tr>
<tr valign="top" class="">
<td>Show Device References on Details page</td><td>Success</td><td></td><td>12.971</td>
</tr>
<tr valign="top" class="">
<td>Change Default view to Dashboard view</td><td>Success</td><td></td><td>12.259</td>
</tr>
<tr valign="top" class="">
<td>Add New Event Class</td><td>Success</td><td></td><td>9.757</td>
</tr>
<tr valign="top" class="">
<td>Delete Event Class</td><td>Success</td><td></td><td>9.728</td>
</tr>
<tr valign="top" class="">
<td>Add New Event Type</td><td>Success</td><td></td><td>11.338</td>
</tr>
<tr valign="top" class="">
<td>Delete Event Type</td><td>Success</td><td></td><td>11.573</td>
</tr>
<tr valign="top" class="Error">
<td>Create Event and check if it appears on Event Dashboard</td><td>Error</td><td>Expected condition failed: waiting for visibility of element located by By.xpath: //div[@class='selection-control' and text()[contains(.,'Inactive')]] (tried for 15 second(s) with 500 milliseconds interval)<code>
<br>
<br>org.openqa.selenium.TimeoutException: Expected condition failed: waiting for visibility of element located by By.xpath: //div[@class='selection-control' and text()[contains(.,'Inactive')]] (tried for 15 second(s) with 500 milliseconds interval)Caused by: org.openqa.selenium.NoSuchElementException: no such element: Unable to locate element: {"method":"xpath","selector":"//div[@class='selection-control' and text()[contains(.,'Inactive')]]"}  (Session info: headless chrome=76.0.3809.132)For documentation on this error, please visit: https://www.seleniumhq.org/exceptions/no_such_element.htmlBuild info: version: '3.141.59', revision: 'e82be7d358', time: '2018-11-14T08:17:03'System info: host: 'DESKTOP-E0L3QD7', ip: '192.168.1.124', os.name: 'Windows 10', os.arch: 'amd64', os.version: '10.0', java.version: '1.8.0_191'Driver info: org.openqa.selenium.chrome.ChromeDriverCapabilities {acceptInsecureCerts: false, browserName: chrome, browserVersion: 76.0.3809.132, chrome: {chromedriverVersion: 75.0.3770.90 (a6dcaf7e3ec6f..., userDataDir: C:\Users\sopja\AppData\Loca...}, goog:chromeOptions: {debuggerAddress: localhost:52343}, javascriptEnabled: true, networkConnectionEnabled: false, pageLoadStrategy: normal, platform: XP, platformName: XP, proxy: Proxy(), setWindowRect: true, strictFileInteractability: false, timeouts: {implicit: 0, pageLoad: 300000, script: 30000}, unhandledPromptBehavior: dismiss and notify}Session ID: df891a332dcfb96cc559a42801d7cc25*** Element info: {Using=xpath, value=//div[@class='selection-control' and text()[contains(.,'Inactive')]]}</code></td><td>20.666</td>
</tr>
<tr valign="top" class="">
<td>Acknowledge Event</td><td>Success</td><td></td><td>8.076</td>
</tr>
<tr valign="top" class="">
<td>Go To Event Details</td><td>Success</td><td></td><td>4.636</td>
</tr>
<tr valign="top" class="">
<td>Disable/Enable event configuration</td><td>Success</td><td></td><td>9.938</td>
</tr>
<tr valign="top" class="">
<td>Create/Delete Event Configuration</td><td>Success</td><td></td><td>12.902</td>
</tr>
<tr valign="top" class="">
<td>Add Floor plan</td><td>Success</td><td></td><td>17.179</td>
</tr>
<tr valign="top" class="Error">
<td>Add Devices at Floor</td><td>Error</td><td>Expected condition failed: waiting for visibility of element located by By.xpath: //*[text()[contains(.,'BR126')]] (tried for 30 second(s) with 500 milliseconds interval)<code>
<br>
<br>org.openqa.selenium.TimeoutException: Expected condition failed: waiting for visibility of element located by By.xpath: //*[text()[contains(.,'BR126')]] (tried for 30 second(s) with 500 milliseconds interval)Caused by: org.openqa.selenium.NoSuchElementException: no such element: Unable to locate element: {"method":"xpath","selector":"//*[text()[contains(.,'BR126')]]"}  (Session info: headless chrome=76.0.3809.132)For documentation on this error, please visit: https://www.seleniumhq.org/exceptions/no_such_element.htmlBuild info: version: '3.141.59', revision: 'e82be7d358', time: '2018-11-14T08:17:03'System info: host: 'DESKTOP-E0L3QD7', ip: '192.168.1.124', os.name: 'Windows 10', os.arch: 'amd64', os.version: '10.0', java.version: '1.8.0_191'Driver info: org.openqa.selenium.chrome.ChromeDriverCapabilities {acceptInsecureCerts: false, browserName: chrome, browserVersion: 76.0.3809.132, chrome: {chromedriverVersion: 75.0.3770.90 (a6dcaf7e3ec6f..., userDataDir: C:\Users\sopja\AppData\Loca...}, goog:chromeOptions: {debuggerAddress: localhost:52343}, javascriptEnabled: true, networkConnectionEnabled: false, pageLoadStrategy: normal, platform: XP, platformName: XP, proxy: Proxy(), setWindowRect: true, strictFileInteractability: false, timeouts: {implicit: 0, pageLoad: 300000, script: 30000}, unhandledPromptBehavior: dismiss and notify}Session ID: df891a332dcfb96cc559a42801d7cc25*** Element info: {Using=xpath, value=//*[text()[contains(.,'BR126')]]}</code></td><td>40.777</td>
</tr>
<tr valign="top" class="">
<td>Hide Zones and Names at Floor</td><td>Success</td><td></td><td>8.649</td>
</tr>
<tr valign="top" class="Error">
<td>Reset Floor to Default</td><td>Error</td><td>Expected condition failed: waiting for visibility of element located by By.xpath: //*[text()[contains(.,'Reset')]] (tried for 15 second(s) with 500 milliseconds interval)<code>
<br>
<br>org.openqa.selenium.TimeoutException: Expected condition failed: waiting for visibility of element located by By.xpath: //*[text()[contains(.,'Reset')]] (tried for 15 second(s) with 500 milliseconds interval)Caused by: org.openqa.selenium.NoSuchElementException: no such element: Unable to locate element: {"method":"xpath","selector":"//*[text()[contains(.,'Reset')]]"}  (Session info: headless chrome=76.0.3809.132)For documentation on this error, please visit: https://www.seleniumhq.org/exceptions/no_such_element.htmlBuild info: version: '3.141.59', revision: 'e82be7d358', time: '2018-11-14T08:17:03'System info: host: 'DESKTOP-E0L3QD7', ip: '192.168.1.124', os.name: 'Windows 10', os.arch: 'amd64', os.version: '10.0', java.version: '1.8.0_191'Driver info: org.openqa.selenium.chrome.ChromeDriverCapabilities {acceptInsecureCerts: false, browserName: chrome, browserVersion: 76.0.3809.132, chrome: {chromedriverVersion: 75.0.3770.90 (a6dcaf7e3ec6f..., userDataDir: C:\Users\sopja\AppData\Loca...}, goog:chromeOptions: {debuggerAddress: localhost:52343}, javascriptEnabled: true, networkConnectionEnabled: false, pageLoadStrategy: normal, platform: XP, platformName: XP, proxy: Proxy(), setWindowRect: true, strictFileInteractability: false, timeouts: {implicit: 0, pageLoad: 300000, script: 30000}, unhandledPromptBehavior: dismiss and notify}Session ID: df891a332dcfb96cc559a42801d7cc25*** Element info: {Using=xpath, value=//*[text()[contains(.,'Reset')]]}</code></td><td>25.773</td>
</tr>
<tr valign="top" class="">
<td>Connect Points from Edit Points page</td><td>Success</td><td></td><td>24.445</td>
</tr>
<tr valign="top" class="Error">
<td>Write Point on Device details</td><td>Error</td><td>Expected condition failed: waiting for visibility of element located by By.xpath: //div[@class='selection-control' and text()[contains(.,'Active')]] (tried for 15 second(s) with 500 milliseconds interval)<code>
<br>
<br>org.openqa.selenium.TimeoutException: Expected condition failed: waiting for visibility of element located by By.xpath: //div[@class='selection-control' and text()[contains(.,'Active')]] (tried for 15 second(s) with 500 milliseconds interval)Caused by: org.openqa.selenium.NoSuchElementException: no such element: Unable to locate element: {"method":"xpath","selector":"//div[@class='selection-control' and text()[contains(.,'Active')]]"}  (Session info: headless chrome=76.0.3809.132)For documentation on this error, please visit: https://www.seleniumhq.org/exceptions/no_such_element.htmlBuild info: version: '3.141.59', revision: 'e82be7d358', time: '2018-11-14T08:17:03'System info: host: 'DESKTOP-E0L3QD7', ip: '192.168.1.124', os.name: 'Windows 10', os.arch: 'amd64', os.version: '10.0', java.version: '1.8.0_191'Driver info: org.openqa.selenium.chrome.ChromeDriverCapabilities {acceptInsecureCerts: false, browserName: chrome, browserVersion: 76.0.3809.132, chrome: {chromedriverVersion: 75.0.3770.90 (a6dcaf7e3ec6f..., userDataDir: C:\Users\sopja\AppData\Loca...}, goog:chromeOptions: {debuggerAddress: localhost:52343}, javascriptEnabled: true, networkConnectionEnabled: false, pageLoadStrategy: normal, platform: XP, platformName: XP, proxy: Proxy(), setWindowRect: true, strictFileInteractability: false, timeouts: {implicit: 0, pageLoad: 300000, script: 30000}, unhandledPromptBehavior: dismiss and notify}Session ID: df891a332dcfb96cc559a42801d7cc25*** Element info: {Using=xpath, value=//div[@class='selection-control' and text()[contains(.,'Active')]]}</code></td><td>30.237</td>
</tr>
<tr valign="top" class="">
<td>Edit Point Using Point batch Update</td><td>Success</td><td></td><td>28.920</td>
</tr>
<tr valign="top" class="">
<td>Edit Point at Device Details page</td><td>Success</td><td></td><td>27.212</td>
</tr>
<tr valign="top" class="">
<td>Open Point detail pop-up</td><td>Success</td><td></td><td>14.363</td>
</tr>
<tr valign="top" class="">
<td>Login as Super Admin</td><td>Success</td><td></td><td>10.782</td>
</tr>
<tr valign="top" class="">
<td>Login as System Admin</td><td>Success</td><td></td><td>7.230</td>
</tr>
<tr valign="top" class="">
<td>Login as User Admin</td><td>Success</td><td></td><td>7.020</td>
</tr>
<tr valign="top" class="">
<td>Login as User Admin can't add Units</td><td>Success</td><td></td><td>8.298</td>
</tr>
<tr valign="top" class="">
<td>Login as System Admin can't add Units</td><td>Success</td><td></td><td>8.247</td>
</tr>
<tr valign="top" class="">
<td>Login as User Admin can't add Tags</td><td>Success</td><td></td><td>8.229</td>
</tr>
<tr valign="top" class="">
<td>Login as System Admin can't add Tags</td><td>Success</td><td></td><td>7.642</td>
</tr>
<tr valign="top" class="">
<td>Login as User Admin can't see unassigned buildings</td><td>Success</td><td></td><td>6.473</td>
</tr>
<tr valign="top" class="">
<td>Login as User Only can't see unassigned buildings</td><td>Success</td><td></td><td>6.364</td>
</tr>
<tr valign="top" class="">
<td>Login as ViewOnly User can't see unassigned buildings</td><td>Success</td><td></td><td>6.506</td>
</tr>
<tr valign="top" class="">
<td>Login as User Admin can't edit building dashboard</td><td>Success</td><td></td><td>8.512</td>
</tr>
<tr valign="top" class="">
<td>Login as User Only can't edit building dashboard</td><td>Success</td><td></td><td>8.565</td>
</tr>
<tr valign="top" class="">
<td>Login as ViewOnly User can't edit building dashboard</td><td>Success</td><td></td><td>8.701</td>
</tr>
<tr valign="top" class="">
<td>Login as User Admin can't see Templates on Admin Panel</td><td>Success</td><td></td><td>7.004</td>
</tr>
<tr valign="top" class="">
<td>Login as System Admin can't see Templates on Admin Panel</td><td>Success</td><td></td><td>7.043</td>
</tr>
<tr valign="top" class="">
<td>Login as User</td><td>Success</td><td></td><td>6.919</td>
</tr>
<tr valign="top" class="">
<td>Login as User can't see Admin Panel</td><td>Success</td><td></td><td>6.484</td>
</tr>
<tr valign="top" class="">
<td>Login as ViewOnly</td><td>Success</td><td></td><td>6.909</td>
</tr>
<tr valign="top" class="">
<td>Login as ViewOnly can't see Admin Panel</td><td>Success</td><td></td><td>6.461</td>
</tr>
<tr valign="top" class="">
<td>Discover Schedulers</td><td>Success</td><td></td><td>11.058</td>
</tr>
<tr valign="top" class="Error">
<td>Add Time-Period on Scheduler</td><td>Error</td><td>element click intercepted: Element &lt;a _ngcontent-jwf-c15="" class="calendar-button" href="/real-estate/schedulers/5c1cbd2c7fb20f5d9b7f637f/calendar"&gt;...&lt;/a&gt; is not clickable at point (1777, 97). Other element would receive the click: &lt;div class="cdk-overlay-backdrop cdk-overlay-dark-backdrop cdk-overlay-backdrop-showing"&gt;&lt;/div&gt;
  (Session info: headless chrome=76.0.3809.132)
Build info: version: '3.141.59', revision: 'e82be7d358', time: '2018-11-14T08:17:03'
System info: host: 'DESKTOP-E0L3QD7', ip: '192.168.1.124', os.name: 'Windows 10', os.arch: 'amd64', os.version: '10.0', java.version: '1.8.0_191'
Driver info: org.openqa.selenium.chrome.ChromeDriver
Capabilities {acceptInsecureCerts: false, browserName: chrome, browserVersion: 76.0.3809.132, chrome: {chromedriverVersion: 75.0.3770.90 (a6dcaf7e3ec6f..., userDataDir: C:\Users\sopja\AppData\Loca...}, goog:chromeOptions: {debuggerAddress: localhost:52343}, javascriptEnabled: true, networkConnectionEnabled: false, pageLoadStrategy: normal, platform: XP, platformName: XP, proxy: Proxy(), setWindowRect: true, strictFileInteractability: false, timeouts: {implicit: 0, pageLoad: 300000, script: 30000}, unhandledPromptBehavior: dismiss and notify}
Session ID: df891a332dcfb96cc559a42801d7cc25<code>
<br>
<br>org.openqa.selenium.ElementClickInterceptedException: element click intercepted: Element &lt;a _ngcontent-jwf-c15="" class="calendar-button" href="/real-estate/schedulers/5c1cbd2c7fb20f5d9b7f637f/calendar"&gt;...&lt;/a&gt; is not clickable at point (1777, 97). Other element would receive the click: &lt;div class="cdk-overlay-backdrop cdk-overlay-dark-backdrop cdk-overlay-backdrop-showing"&gt;&lt;/div&gt;  (Session info: headless chrome=76.0.3809.132)Build info: version: '3.141.59', revision: 'e82be7d358', time: '2018-11-14T08:17:03'System info: host: 'DESKTOP-E0L3QD7', ip: '192.168.1.124', os.name: 'Windows 10', os.arch: 'amd64', os.version: '10.0', java.version: '1.8.0_191'Driver info: org.openqa.selenium.chrome.ChromeDriverCapabilities {acceptInsecureCerts: false, browserName: chrome, browserVersion: 76.0.3809.132, chrome: {chromedriverVersion: 75.0.3770.90 (a6dcaf7e3ec6f..., userDataDir: C:\Users\sopja\AppData\Loca...}, goog:chromeOptions: {debuggerAddress: localhost:52343}, javascriptEnabled: true, networkConnectionEnabled: false, pageLoadStrategy: normal, platform: XP, platformName: XP, proxy: Proxy(), setWindowRect: true, strictFileInteractability: false, timeouts: {implicit: 0, pageLoad: 300000, script: 30000}, unhandledPromptBehavior: dismiss and notify}Session ID: df891a332dcfb96cc559a42801d7cc25</code></td><td>14.395</td>
</tr>
<tr valign="top" class="Error">
<td>Delete Time-Period on Scheduler</td><td>Error</td><td>Expected condition failed: waiting for visibility of element located by By.xpath: //mat-icon[text()[contains(.,'remove_circle')]] (tried for 15 second(s) with 500 milliseconds interval)<code>
<br>
<br>org.openqa.selenium.TimeoutException: Expected condition failed: waiting for visibility of element located by By.xpath: //mat-icon[text()[contains(.,'remove_circle')]] (tried for 15 second(s) with 500 milliseconds interval)Caused by: org.openqa.selenium.NoSuchElementException: no such element: Unable to locate element: {"method":"xpath","selector":"//mat-icon[text()[contains(.,'remove_circle')]]"}  (Session info: headless chrome=76.0.3809.132)For documentation on this error, please visit: https://www.seleniumhq.org/exceptions/no_such_element.htmlBuild info: version: '3.141.59', revision: 'e82be7d358', time: '2018-11-14T08:17:03'System info: host: 'DESKTOP-E0L3QD7', ip: '192.168.1.124', os.name: 'Windows 10', os.arch: 'amd64', os.version: '10.0', java.version: '1.8.0_191'Driver info: org.openqa.selenium.chrome.ChromeDriverCapabilities {acceptInsecureCerts: false, browserName: chrome, browserVersion: 76.0.3809.132, chrome: {chromedriverVersion: 75.0.3770.90 (a6dcaf7e3ec6f..., userDataDir: C:\Users\sopja\AppData\Loca...}, goog:chromeOptions: {debuggerAddress: localhost:52343}, javascriptEnabled: true, networkConnectionEnabled: false, pageLoadStrategy: normal, platform: XP, platformName: XP, proxy: Proxy(), setWindowRect: true, strictFileInteractability: false, timeouts: {implicit: 0, pageLoad: 300000, script: 30000}, unhandledPromptBehavior: dismiss and notify}Session ID: df891a332dcfb96cc559a42801d7cc25*** Element info: {Using=xpath, value=//mat-icon[text()[contains(.,'remove_circle')]]}</code></td><td>23.244</td>
</tr>
<tr valign="top" class="">
<td>Search has 3 different part</td><td>Success</td><td></td><td>2.694</td>
</tr>
<tr valign="top" class="">
<td>View all for Buildings</td><td>Success</td><td></td><td>4.789</td>
</tr>
<tr valign="top" class="">
<td>View all for Floors</td><td>Success</td><td></td><td>4.813</td>
</tr>
<tr valign="top" class="">
<td>View all for Devices</td><td>Success</td><td></td><td>4.958</td>
</tr>
<tr valign="top" class="">
<td>User Search with Building name</td><td>Success</td><td></td><td>3.919</td>
</tr>
<tr valign="top" class="">
<td>User Search with Floor name</td><td>Success</td><td></td><td>3.983</td>
</tr>
<tr valign="top" class="">
<td>User Search with Devices name</td><td>Success</td><td></td><td>3.828</td>
</tr>
<tr valign="top" class="">
<td>User Search with Point name</td><td>Success</td><td></td><td>3.980</td>
</tr>
<tr valign="top" class="">
<td>Search for Building</td><td>Success</td><td></td><td>3.853</td>
</tr>
<tr valign="top" class="">
<td>Go To Building Dashboard</td><td>Success</td><td></td><td>5.013</td>
</tr>
<tr valign="top" class="">
<td>Create System</td><td>Success</td><td></td><td>14.833</td>
</tr>
<tr valign="top" class="">
<td>Add content to System</td><td>Success</td><td></td><td>18.146</td>
</tr>
<tr valign="top" class="">
<td>Edit System</td><td>Success</td><td></td><td>17.897</td>
</tr>
<tr valign="top" class="">
<td>Delete Systems</td><td>Success</td><td></td><td>12.482</td>
</tr>
<tr valign="top" class="">
<td>Add New Tag</td><td>Success</td><td></td><td>6.351</td>
</tr>
<tr valign="top" class="">
<td>Search Tag</td><td>Success</td><td></td><td>7.486</td>
</tr>
<tr valign="top" class="">
<td>Edit Tag</td><td>Success</td><td></td><td>11.552</td>
</tr>
<tr valign="top" class="">
<td>Delete Tag</td><td>Success</td><td></td><td>13.019</td>
</tr>
<tr valign="top" class="">
<td>Add New Section and Add new Point</td><td>Success</td><td></td><td>10.981</td>
</tr>
<tr valign="top" class="">
<td>Edit Section Name</td><td>Success</td><td></td><td>16.310</td>
</tr>
<tr valign="top" class="">
<td>Edit Point</td><td>Success</td><td></td><td>5.542</td>
</tr>
<tr valign="top" class="">
<td>Link Points</td><td>Success</td><td></td><td>7.012</td>
</tr>
<tr valign="top" class="">
<td>Delete Point</td><td>Success</td><td></td><td>13.409</td>
</tr>
<tr valign="top" class="">
<td>Delete Section</td><td>Success</td><td></td><td>10.129</td>
</tr>
<tr valign="top" class="">
<td>Add New Unit Category</td><td>Success</td><td></td><td>5.652</td>
</tr>
<tr valign="top" class="">
<td>Add new Unit</td><td>Success</td><td></td><td>13.592</td>
</tr>
<tr valign="top" class="">
<td>Edit Unit</td><td>Success</td><td></td><td>10.264</td>
</tr>
<tr valign="top" class="">
<td>Delete Unit</td><td>Success</td><td></td><td>8.435</td>
</tr>
<tr valign="top" class="">
<td>Add New User</td><td>Success</td><td></td><td>8.301</td>
</tr>
<tr valign="top" class="">
<td>Add New User Account</td><td>Success</td><td></td><td>9.998</td>
</tr>
<tr valign="top" class="">
<td>Update User Account Role</td><td>Success</td><td></td><td>5.034</td>
</tr>
<tr valign="top" class="">
<td>Update User Account Email</td><td>Success</td><td></td><td>5.746</td>
</tr>
<tr valign="top" class="">
<td>Update User Account Password</td><td>Success</td><td></td><td>4.771</td>
</tr>
<tr valign="top" class="">
<td>Deactivate User Account</td><td>Success</td><td></td><td>5.395</td>
</tr>
<tr valign="top" class="">
<td>Update User to User Account</td><td>Success</td><td></td><td>5.298</td>
</tr>
<tr valign="top" class="">
<td>Edit User</td><td>Success</td><td></td><td>6.536</td>
</tr>
<tr valign="top" class="">
<td>Assign Buildings to User</td><td>Success</td><td></td><td>9.463</td>
</tr>
<tr valign="top" class="Error">
<td>Remove Building from User</td><td>Failure</td><td>Building is still on list<code>
<br>
<br>java.lang.AssertionError: Building is still on list</code></td><td>14.501</td>
</tr>
<tr valign="top" class="">
<td>Delete Users</td><td>Success</td><td></td><td>8.730</td>
</tr>
<tr valign="top" class="">
<td>Delete Users Account</td><td>Success</td><td></td><td>8.717</td>
</tr>
<tr valign="top" class="">
<td>Change Password</td><td>Success</td><td></td><td>8.732</td>
</tr>
<tr valign="top" class="">
<td>Logout</td><td>Success</td><td></td><td>4.884</td>
</tr>
<tr valign="top" class="">
<td>Terminate Session</td><td>Success</td><td></td><td>7.677</td>
</tr>
<tr valign="top" class="">
<td>Create Virtual Device</td><td>Success</td><td></td><td>11.294</td>
</tr>
<tr valign="top" class="">
<td>Add Points to Virtual Device</td><td>Success</td><td></td><td>15.301</td>
</tr>
<tr valign="top" class="">
<td>Remove Points to Virtual Device</td><td>Success</td><td></td><td>12.285</td>
</tr>
</table>
<div class="Properties">
<a href="javascript:displayProperties('.RunCukesTest');">
                    Properties &raquo;
                </a>
</div>
<p></p>
<a href="#top">Back to top</a>
</body>
</html>
