<?xml version="1.0" encoding="UTF-8" ?>
<testsuites>
  <testsuite errors="11" failures="1" name="RunCukesTest" package="" skipped="0" tests="126" time="1,564.683" xmlns:xsi="http://www.w3.org/2001/XMLSchema-instance" xsi:noNamespaceSchemaLocation="https://maven.apache.org/surefire/maven-surefire-plugin/xsd/surefire-test-report.xsd">
      <properties>
          <property name="sun.desktop" value="windows" />

          <property name="awt.toolkit" value="sun.awt.windows.WToolkit" />

          <property name="file.encoding.pkg" value="sun.io" />

          <property name="java.specification.version" value="1.8" />

          <property name="sun.cpu.isalist" value="amd64" />

          <property name="sun.jnu.encoding" value="Cp1250" />

          <property name="java.class.path" value="C:\KODE Labs Automation Framework\target\test-classes;C:\KODE Labs Automation Framework\target\classes;C:\Users\sopja\.m2\repository\io\cucumber\cucumber-java\2.3.1\cucumber-java-2.3.1.jar;C:\Users\sopja\.m2\repository\io\cucumber\cucumber-core\2.3.1\cucumber-core-2.3.1.jar;C:\Users\sopja\.m2\repository\info\cukes\cucumber-html\0.2.6\cucumber-html-0.2.6.jar;C:\Users\sopja\.m2\repository\io\cucumber\cucumber-jvm-deps\1.0.6\cucumber-jvm-deps-1.0.6.jar;C:\Users\sopja\.m2\repository\io\cucumber\gherkin\5.0.0\gherkin-5.0.0.jar;C:\Users\sopja\.m2\repository\io\cucumber\tag-expressions\1.1.1\tag-expressions-1.1.1.jar;C:\Users\sopja\.m2\repository\io\cucumber\cucumber-junit\2.3.1\cucumber-junit-2.3.1.jar;C:\Users\sopja\.m2\repository\junit\junit\4.13-beta-2\junit-4.13-beta-2.jar;C:\Users\sopja\.m2\repository\org\hamcrest\hamcrest-core\1.3\hamcrest-core-1.3.jar;C:\Users\sopja\.m2\repository\org\apache\commons\commons-lang3\3.5\commons-lang3-3.5.jar;C:\Users\sopja\.m2\repository\org\seleniumhq\selenium\selenium-api\3.141.59\selenium-api-3.141.59.jar;C:\Users\sopja\.m2\repository\org\seleniumhq\selenium\selenium-support\3.141.59\selenium-support-3.141.59.jar;C:\Users\sopja\.m2\repository\org\seleniumhq\selenium\selenium-remote-driver\3.141.59\selenium-remote-driver-3.141.59.jar;C:\Users\sopja\.m2\repository\net\bytebuddy\byte-buddy\1.8.15\byte-buddy-1.8.15.jar;C:\Users\sopja\.m2\repository\org\apache\commons\commons-exec\1.3\commons-exec-1.3.jar;C:\Users\sopja\.m2\repository\com\google\guava\guava\25.0-jre\guava-25.0-jre.jar;C:\Users\sopja\.m2\repository\com\google\code\findbugs\jsr305\1.3.9\jsr305-1.3.9.jar;C:\Users\sopja\.m2\repository\org\checkerframework\checker-compat-qual\2.0.0\checker-compat-qual-2.0.0.jar;C:\Users\sopja\.m2\repository\com\google\errorprone\error_prone_annotations\2.1.3\error_prone_annotations-2.1.3.jar;C:\Users\sopja\.m2\repository\com\google\j2objc\j2objc-annotations\1.1\j2objc-annotations-1.1.jar;C:\Users\sopja\.m2\repository\org\codehaus\mojo\animal-sniffer-annotations\1.14\animal-sniffer-annotations-1.14.jar;C:\Users\sopja\.m2\repository\com\squareup\okhttp3\okhttp\3.11.0\okhttp-3.11.0.jar;C:\Users\sopja\.m2\repository\com\squareup\okio\okio\1.14.0\okio-1.14.0.jar;C:\Users\sopja\.m2\repository\org\apache\httpcomponents\httpclient\4.5.2\httpclient-4.5.2.jar;C:\Users\sopja\.m2\repository\org\apache\httpcomponents\httpcore\4.4.4\httpcore-4.4.4.jar;C:\Users\sopja\.m2\repository\commons-logging\commons-logging\1.2\commons-logging-1.2.jar;C:\Users\sopja\.m2\repository\commons-codec\commons-codec\1.9\commons-codec-1.9.jar;C:\Users\sopja\.m2\repository\com\googlecode\json-simple\json-simple\1.1.1\json-simple-1.1.1.jar;C:\Users\sopja\.m2\repository\org\apache\httpcomponents\httpmime\4.5.2\httpmime-4.5.2.jar;C:\Users\sopja\.m2\repository\org\json\json\20160810\json-20160810.jar;C:\Users\sopja\.m2\repository\org\seleniumhq\selenium\selenium-chrome-driver\3.3.1\selenium-chrome-driver-3.3.1.jar;C:\Users\sopja\.m2\repository\org\seleniumhq\selenium\selenium-firefox-driver\3.141.59\selenium-firefox-driver-3.141.59.jar;C:\Users\sopja\.m2\repository\org\seleniumhq\selenium\selenium-safari-driver\3.3.1\selenium-safari-driver-3.3.1.jar;C:\Users\sopja\.m2\repository\org\seleniumhq\selenium\htmlunit-driver\2.24\htmlunit-driver-2.24.jar;C:\Users\sopja\.m2\repository\net\sourceforge\htmlunit\htmlunit\2.24\htmlunit-2.24.jar;C:\Users\sopja\.m2\repository\xalan\xalan\2.7.2\xalan-2.7.2.jar;C:\Users\sopja\.m2\repository\xalan\serializer\2.7.2\serializer-2.7.2.jar;C:\Users\sopja\.m2\repository\net\sourceforge\htmlunit\htmlunit-core-js\2.23\htmlunit-core-js-2.23.jar;C:\Users\sopja\.m2\repository\net\sourceforge\htmlunit\neko-htmlunit\2.24\neko-htmlunit-2.24.jar;C:\Users\sopja\.m2\repository\xerces\xercesImpl\2.11.0\xercesImpl-2.11.0.jar;C:\Users\sopja\.m2\repository\xml-apis\xml-apis\1.4.01\xml-apis-1.4.01.jar;C:\Users\sopja\.m2\repository\net\sourceforge\cssparser\cssparser\0.9.21\cssparser-0.9.21.jar;C:\Users\sopja\.m2\repository\org\w3c\css\sac\1.3\sac-1.3.jar;C:\Users\sopja\.m2\repository\org\eclipse\jetty\websocket\websocket-client\9.2.20.v20161216\websocket-client-9.2.20.v20161216.jar;C:\Users\sopja\.m2\repository\org\eclipse\jetty\jetty-util\9.2.20.v20161216\jetty-util-9.2.20.v20161216.jar;C:\Users\sopja\.m2\repository\org\eclipse\jetty\jetty-io\9.2.20.v20161216\jetty-io-9.2.20.v20161216.jar;C:\Users\sopja\.m2\repository\org\eclipse\jetty\websocket\websocket-common\9.2.20.v20161216\websocket-common-9.2.20.v20161216.jar;C:\Users\sopja\.m2\repository\org\eclipse\jetty\websocket\websocket-api\9.2.20.v20161216\websocket-api-9.2.20.v20161216.jar;C:\Users\sopja\.m2\repository\org\seleniumhq\selenium\selenium-ie-driver\3.3.1\selenium-ie-driver-3.3.1.jar;C:\Users\sopja\.m2\repository\io\appium\java-client\5.0.0-BETA6\java-client-5.0.0-BETA6.jar;C:\Users\sopja\.m2\repository\org\seleniumhq\selenium\selenium-java\3.3.1\selenium-java-3.3.1.jar;C:\Users\sopja\.m2\repository\org\seleniumhq\selenium\selenium-edge-driver\3.3.1\selenium-edge-driver-3.3.1.jar;C:\Users\sopja\.m2\repository\org\seleniumhq\selenium\selenium-opera-driver\3.3.1\selenium-opera-driver-3.3.1.jar;C:\Users\sopja\.m2\repository\com\codeborne\phantomjsdriver\1.4.0\phantomjsdriver-1.4.0.jar;C:\Users\sopja\.m2\repository\com\google\code\gson\gson\2.8.0\gson-2.8.0.jar;C:\Users\sopja\.m2\repository\cglib\cglib\3.2.4\cglib-3.2.4.jar;C:\Users\sopja\.m2\repository\org\ow2\asm\asm\5.1\asm-5.1.jar;C:\Users\sopja\.m2\repository\org\apache\ant\ant\1.9.6\ant-1.9.6.jar;C:\Users\sopja\.m2\repository\org\apache\ant\ant-launcher\1.9.6\ant-launcher-1.9.6.jar;C:\Users\sopja\.m2\repository\commons-validator\commons-validator\1.5.1\commons-validator-1.5.1.jar;C:\Users\sopja\.m2\repository\commons-beanutils\commons-beanutils\1.9.2\commons-beanutils-1.9.2.jar;C:\Users\sopja\.m2\repository\commons-digester\commons-digester\1.8.1\commons-digester-1.8.1.jar;C:\Users\sopja\.m2\repository\commons-collections\commons-collections\3.2.2\commons-collections-3.2.2.jar;C:\Users\sopja\.m2\repository\commons-io\commons-io\2.5\commons-io-2.5.jar;C:\Users\sopja\.m2\repository\org\springframework\spring-context\4.3.5.RELEASE\spring-context-4.3.5.RELEASE.jar;C:\Users\sopja\.m2\repository\org\springframework\spring-aop\4.3.5.RELEASE\spring-aop-4.3.5.RELEASE.jar;C:\Users\sopja\.m2\repository\org\springframework\spring-beans\4.3.5.RELEASE\spring-beans-4.3.5.RELEASE.jar;C:\Users\sopja\.m2\repository\org\springframework\spring-core\4.3.5.RELEASE\spring-core-4.3.5.RELEASE.jar;C:\Users\sopja\.m2\repository\org\springframework\spring-expression\4.3.5.RELEASE\spring-expression-4.3.5.RELEASE.jar;C:\Users\sopja\.m2\repository\org\aspectj\aspectjweaver\1.8.10\aspectjweaver-1.8.10.jar;C:\Users\sopja\.m2\repository\org\hamcrest\hamcrest-library\1.3\hamcrest-library-1.3.jar;C:\Users\sopja\.m2\repository\backport-util-concurrent\backport-util-concurrent\3.1\backport-util-concurrent-3.1.jar;C:\Users\sopja\.m2\repository\org\apache\maven\maven-plugin-api\3.0\maven-plugin-api-3.0.jar;C:\Users\sopja\.m2\repository\org\apache\maven\maven-model\3.0\maven-model-3.0.jar;C:\Users\sopja\.m2\repository\org\codehaus\plexus\plexus-utils\2.0.4\plexus-utils-2.0.4.jar;C:\Users\sopja\.m2\repository\org\apache\maven\maven-artifact\3.0\maven-artifact-3.0.jar;C:\Users\sopja\.m2\repository\org\sonatype\sisu\sisu-inject-plexus\1.4.2\sisu-inject-plexus-1.4.2.jar;C:\Users\sopja\.m2\repository\org\codehaus\plexus\plexus-component-annotations\1.5.4\plexus-component-annotations-1.5.4.jar;C:\Users\sopja\.m2\repository\org\codehaus\plexus\plexus-classworlds\2.2.3\plexus-classworlds-2.2.3.jar;C:\Users\sopja\.m2\repository\org\sonatype\sisu\sisu-inject-bean\1.4.2\sisu-inject-bean-1.4.2.jar;C:\Users\sopja\.m2\repository\org\sonatype\sisu\sisu-guice\2.1.7\sisu-guice-2.1.7-noaop.jar;C:\Users\sopja\.m2\repository\info\cukes\gherkin\2.12.2\gherkin-2.12.2.jar;" />

          <property name="java.vm.vendor" value="Oracle Corporation" />

          <property name="sun.arch.data.model" value="64" />

          <property name="user.variant" value="" />

          <property name="java.vendor.url" value="http://java.oracle.com/" />

          <property name="user.timezone" value="Europe/Prague" />

          <property name="java.vm.specification.version" value="1.8" />

          <property name="os.name" value="Windows 10" />

          <property name="user.country" value="US" />

          <property name="sun.java.launcher" value="SUN_STANDARD" />

          <property name="sun.boot.library.path" value="C:\Program Files\Java\jdk1.8.0_191\jre\bin" />

          <property name="sun.java.command" value="C:\Users\sopja\AppData\Local\Temp\surefire2666739647318928659\surefirebooter6444142511326496610.jar C:\Users\sopja\AppData\Local\Temp\surefire2666739647318928659 2019-09-17T12-17-57_366-jvmRun1 surefire5917020227991208134tmp surefire_0284355205486339314tmp" />

          <property name="surefire.test.class.path" value="C:\KODE Labs Automation Framework\target\test-classes;C:\KODE Labs Automation Framework\target\classes;C:\Users\sopja\.m2\repository\io\cucumber\cucumber-java\2.3.1\cucumber-java-2.3.1.jar;C:\Users\sopja\.m2\repository\io\cucumber\cucumber-core\2.3.1\cucumber-core-2.3.1.jar;C:\Users\sopja\.m2\repository\info\cukes\cucumber-html\0.2.6\cucumber-html-0.2.6.jar;C:\Users\sopja\.m2\repository\io\cucumber\cucumber-jvm-deps\1.0.6\cucumber-jvm-deps-1.0.6.jar;C:\Users\sopja\.m2\repository\io\cucumber\gherkin\5.0.0\gherkin-5.0.0.jar;C:\Users\sopja\.m2\repository\io\cucumber\tag-expressions\1.1.1\tag-expressions-1.1.1.jar;C:\Users\sopja\.m2\repository\io\cucumber\cucumber-junit\2.3.1\cucumber-junit-2.3.1.jar;C:\Users\sopja\.m2\repository\junit\junit\4.13-beta-2\junit-4.13-beta-2.jar;C:\Users\sopja\.m2\repository\org\hamcrest\hamcrest-core\1.3\hamcrest-core-1.3.jar;C:\Users\sopja\.m2\repository\org\apache\commons\commons-lang3\3.5\commons-lang3-3.5.jar;C:\Users\sopja\.m2\repository\org\seleniumhq\selenium\selenium-api\3.141.59\selenium-api-3.141.59.jar;C:\Users\sopja\.m2\repository\org\seleniumhq\selenium\selenium-support\3.141.59\selenium-support-3.141.59.jar;C:\Users\sopja\.m2\repository\org\seleniumhq\selenium\selenium-remote-driver\3.141.59\selenium-remote-driver-3.141.59.jar;C:\Users\sopja\.m2\repository\net\bytebuddy\byte-buddy\1.8.15\byte-buddy-1.8.15.jar;C:\Users\sopja\.m2\repository\org\apache\commons\commons-exec\1.3\commons-exec-1.3.jar;C:\Users\sopja\.m2\repository\com\google\guava\guava\25.0-jre\guava-25.0-jre.jar;C:\Users\sopja\.m2\repository\com\google\code\findbugs\jsr305\1.3.9\jsr305-1.3.9.jar;C:\Users\sopja\.m2\repository\org\checkerframework\checker-compat-qual\2.0.0\checker-compat-qual-2.0.0.jar;C:\Users\sopja\.m2\repository\com\google\errorprone\error_prone_annotations\2.1.3\error_prone_annotations-2.1.3.jar;C:\Users\sopja\.m2\repository\com\google\j2objc\j2objc-annotations\1.1\j2objc-annotations-1.1.jar;C:\Users\sopja\.m2\repository\org\codehaus\mojo\animal-sniffer-annotations\1.14\animal-sniffer-annotations-1.14.jar;C:\Users\sopja\.m2\repository\com\squareup\okhttp3\okhttp\3.11.0\okhttp-3.11.0.jar;C:\Users\sopja\.m2\repository\com\squareup\okio\okio\1.14.0\okio-1.14.0.jar;C:\Users\sopja\.m2\repository\org\apache\httpcomponents\httpclient\4.5.2\httpclient-4.5.2.jar;C:\Users\sopja\.m2\repository\org\apache\httpcomponents\httpcore\4.4.4\httpcore-4.4.4.jar;C:\Users\sopja\.m2\repository\commons-logging\commons-logging\1.2\commons-logging-1.2.jar;C:\Users\sopja\.m2\repository\commons-codec\commons-codec\1.9\commons-codec-1.9.jar;C:\Users\sopja\.m2\repository\com\googlecode\json-simple\json-simple\1.1.1\json-simple-1.1.1.jar;C:\Users\sopja\.m2\repository\org\apache\httpcomponents\httpmime\4.5.2\httpmime-4.5.2.jar;C:\Users\sopja\.m2\repository\org\json\json\20160810\json-20160810.jar;C:\Users\sopja\.m2\repository\org\seleniumhq\selenium\selenium-chrome-driver\3.3.1\selenium-chrome-driver-3.3.1.jar;C:\Users\sopja\.m2\repository\org\seleniumhq\selenium\selenium-firefox-driver\3.141.59\selenium-firefox-driver-3.141.59.jar;C:\Users\sopja\.m2\repository\org\seleniumhq\selenium\selenium-safari-driver\3.3.1\selenium-safari-driver-3.3.1.jar;C:\Users\sopja\.m2\repository\org\seleniumhq\selenium\htmlunit-driver\2.24\htmlunit-driver-2.24.jar;C:\Users\sopja\.m2\repository\net\sourceforge\htmlunit\htmlunit\2.24\htmlunit-2.24.jar;C:\Users\sopja\.m2\repository\xalan\xalan\2.7.2\xalan-2.7.2.jar;C:\Users\sopja\.m2\repository\xalan\serializer\2.7.2\serializer-2.7.2.jar;C:\Users\sopja\.m2\repository\net\sourceforge\htmlunit\htmlunit-core-js\2.23\htmlunit-core-js-2.23.jar;C:\Users\sopja\.m2\repository\net\sourceforge\htmlunit\neko-htmlunit\2.24\neko-htmlunit-2.24.jar;C:\Users\sopja\.m2\repository\xerces\xercesImpl\2.11.0\xercesImpl-2.11.0.jar;C:\Users\sopja\.m2\repository\xml-apis\xml-apis\1.4.01\xml-apis-1.4.01.jar;C:\Users\sopja\.m2\repository\net\sourceforge\cssparser\cssparser\0.9.21\cssparser-0.9.21.jar;C:\Users\sopja\.m2\repository\org\w3c\css\sac\1.3\sac-1.3.jar;C:\Users\sopja\.m2\repository\org\eclipse\jetty\websocket\websocket-client\9.2.20.v20161216\websocket-client-9.2.20.v20161216.jar;C:\Users\sopja\.m2\repository\org\eclipse\jetty\jetty-util\9.2.20.v20161216\jetty-util-9.2.20.v20161216.jar;C:\Users\sopja\.m2\repository\org\eclipse\jetty\jetty-io\9.2.20.v20161216\jetty-io-9.2.20.v20161216.jar;C:\Users\sopja\.m2\repository\org\eclipse\jetty\websocket\websocket-common\9.2.20.v20161216\websocket-common-9.2.20.v20161216.jar;C:\Users\sopja\.m2\repository\org\eclipse\jetty\websocket\websocket-api\9.2.20.v20161216\websocket-api-9.2.20.v20161216.jar;C:\Users\sopja\.m2\repository\org\seleniumhq\selenium\selenium-ie-driver\3.3.1\selenium-ie-driver-3.3.1.jar;C:\Users\sopja\.m2\repository\io\appium\java-client\5.0.0-BETA6\java-client-5.0.0-BETA6.jar;C:\Users\sopja\.m2\repository\org\seleniumhq\selenium\selenium-java\3.3.1\selenium-java-3.3.1.jar;C:\Users\sopja\.m2\repository\org\seleniumhq\selenium\selenium-edge-driver\3.3.1\selenium-edge-driver-3.3.1.jar;C:\Users\sopja\.m2\repository\org\seleniumhq\selenium\selenium-opera-driver\3.3.1\selenium-opera-driver-3.3.1.jar;C:\Users\sopja\.m2\repository\com\codeborne\phantomjsdriver\1.4.0\phantomjsdriver-1.4.0.jar;C:\Users\sopja\.m2\repository\com\google\code\gson\gson\2.8.0\gson-2.8.0.jar;C:\Users\sopja\.m2\repository\cglib\cglib\3.2.4\cglib-3.2.4.jar;C:\Users\sopja\.m2\repository\org\ow2\asm\asm\5.1\asm-5.1.jar;C:\Users\sopja\.m2\repository\org\apache\ant\ant\1.9.6\ant-1.9.6.jar;C:\Users\sopja\.m2\repository\org\apache\ant\ant-launcher\1.9.6\ant-launcher-1.9.6.jar;C:\Users\sopja\.m2\repository\commons-validator\commons-validator\1.5.1\commons-validator-1.5.1.jar;C:\Users\sopja\.m2\repository\commons-beanutils\commons-beanutils\1.9.2\commons-beanutils-1.9.2.jar;C:\Users\sopja\.m2\repository\commons-digester\commons-digester\1.8.1\commons-digester-1.8.1.jar;C:\Users\sopja\.m2\repository\commons-collections\commons-collections\3.2.2\commons-collections-3.2.2.jar;C:\Users\sopja\.m2\repository\commons-io\commons-io\2.5\commons-io-2.5.jar;C:\Users\sopja\.m2\repository\org\springframework\spring-context\4.3.5.RELEASE\spring-context-4.3.5.RELEASE.jar;C:\Users\sopja\.m2\repository\org\springframework\spring-aop\4.3.5.RELEASE\spring-aop-4.3.5.RELEASE.jar;C:\Users\sopja\.m2\repository\org\springframework\spring-beans\4.3.5.RELEASE\spring-beans-4.3.5.RELEASE.jar;C:\Users\sopja\.m2\repository\org\springframework\spring-core\4.3.5.RELEASE\spring-core-4.3.5.RELEASE.jar;C:\Users\sopja\.m2\repository\org\springframework\spring-expression\4.3.5.RELEASE\spring-expression-4.3.5.RELEASE.jar;C:\Users\sopja\.m2\repository\org\aspectj\aspectjweaver\1.8.10\aspectjweaver-1.8.10.jar;C:\Users\sopja\.m2\repository\org\hamcrest\hamcrest-library\1.3\hamcrest-library-1.3.jar;C:\Users\sopja\.m2\repository\backport-util-concurrent\backport-util-concurrent\3.1\backport-util-concurrent-3.1.jar;C:\Users\sopja\.m2\repository\org\apache\maven\maven-plugin-api\3.0\maven-plugin-api-3.0.jar;C:\Users\sopja\.m2\repository\org\apache\maven\maven-model\3.0\maven-model-3.0.jar;C:\Users\sopja\.m2\repository\org\codehaus\plexus\plexus-utils\2.0.4\plexus-utils-2.0.4.jar;C:\Users\sopja\.m2\repository\org\apache\maven\maven-artifact\3.0\maven-artifact-3.0.jar;C:\Users\sopja\.m2\repository\org\sonatype\sisu\sisu-inject-plexus\1.4.2\sisu-inject-plexus-1.4.2.jar;C:\Users\sopja\.m2\repository\org\codehaus\plexus\plexus-component-annotations\1.5.4\plexus-component-annotations-1.5.4.jar;C:\Users\sopja\.m2\repository\org\codehaus\plexus\plexus-classworlds\2.2.3\plexus-classworlds-2.2.3.jar;C:\Users\sopja\.m2\repository\org\sonatype\sisu\sisu-inject-bean\1.4.2\sisu-inject-bean-1.4.2.jar;C:\Users\sopja\.m2\repository\org\sonatype\sisu\sisu-guice\2.1.7\sisu-guice-2.1.7-noaop.jar;C:\Users\sopja\.m2\repository\info\cukes\gherkin\2.12.2\gherkin-2.12.2.jar;" />

          <property name="sun.cpu.endian" value="little" />

          <property name="user.home" value="C:\Users\sopja" />

          <property name="user.language" value="en" />

          <property name="java.specification.vendor" value="Oracle Corporation" />

          <property name="java.home" value="C:\Program Files\Java\jdk1.8.0_191\jre" />

          <property name="basedir" value="C:\KODE Labs Automation Framework" />

          <property name="file.separator" value="\" />

          <property name="line.separator" value="
" />

          <property name="java.vm.specification.vendor" value="Oracle Corporation" />

          <property name="java.specification.name" value="Java Platform API Specification" />

          <property name="websiteBrowser" value="headless" />

          <property name="java.awt.graphicsenv" value="sun.awt.Win32GraphicsEnvironment" />

          <property name="surefire.real.class.path" value="C:\Users\sopja\AppData\Local\Temp\surefire2666739647318928659\surefirebooter6444142511326496610.jar" />

          <property name="sun.boot.class.path" value="C:\Program Files\Java\jdk1.8.0_191\jre\lib\resources.jar;C:\Program Files\Java\jdk1.8.0_191\jre\lib\rt.jar;C:\Program Files\Java\jdk1.8.0_191\jre\lib\sunrsasign.jar;C:\Program Files\Java\jdk1.8.0_191\jre\lib\jsse.jar;C:\Program Files\Java\jdk1.8.0_191\jre\lib\jce.jar;C:\Program Files\Java\jdk1.8.0_191\jre\lib\charsets.jar;C:\Program Files\Java\jdk1.8.0_191\jre\lib\jfr.jar;C:\Program Files\Java\jdk1.8.0_191\jre\classes" />

          <property name="user.script" value="" />

          <property name="sun.management.compiler" value="HotSpot 64-Bit Tiered Compilers" />

          <property name="java.runtime.version" value="1.8.0_191-b12" />

          <property name="user.name" value="sopja" />

          <property name="path.separator" value=";" />

          <property name="os.version" value="10.0" />

          <property name="java.endorsed.dirs" value="C:\Program Files\Java\jdk1.8.0_191\jre\lib\endorsed" />

          <property name="java.runtime.name" value="Java(TM) SE Runtime Environment" />

          <property name="file.encoding" value="Cp1250" />

          <property name="websiteUrl" value="https://qa-kode.kode-dev.com/real-estate/buildings" />

          <property name="java.vm.name" value="Java HotSpot(TM) 64-Bit Server VM" />

          <property name="localRepository" value="C:\Users\sopja\.m2\repository" />

          <property name="cucumber.options" value="--tags @SmokeTest" />

          <property name="java.vendor.url.bug" value="http://bugreport.sun.com/bugreport/" />

          <property name="java.io.tmpdir" value="C:\Users\sopja\AppData\Local\Temp\" />

          <property name="java.version" value="1.8.0_191" />

          <property name="user.dir" value="C:\KODE Labs Automation Framework" />

          <property name="os.arch" value="amd64" />

          <property name="java.vm.specification.name" value="Java Virtual Machine Specification" />

          <property name="java.awt.printerjob" value="sun.awt.windows.WPrinterJob" />

          <property name="sun.os.patch.level" value="" />

          <property name="java.library.path" value="C:\Program Files\Java\jdk1.8.0_191\jre\bin;C:\WINDOWS\Sun\Java\bin;C:\WINDOWS\system32;C:\WINDOWS;C:\Program Files (x86)\Common Files\Oracle\Java\javapath;C:\Windows\system32;C:\Windows;C:\Windows\System32\Wbem;C:\Windows\System32\WindowsPowerShell\v1.0\;C:\Windows\System32\OpenSSH\;C:\Program Files (x86)\NVIDIA Corporation\PhysX\Common;C:\Program Files\Java\jdk1.8.0_191\bin;C:\Program Files\Git\cmd;C:\Program Files\nodejs\;C:\Program Files\NVIDIA Corporation\NVIDIA NvDLISR;C:\Users\sopja\OneDrive\Documents\apache-maven-3.6.0\bin;C:\Users\sopja\AppData\Local\Android\Sdk\platform-tools;C:\Users\sopja\AppData\Local\Android\Sdk\platform-tools\;C:\src\flutter\bin;C:\Program Files (x86)\Intel\Intel(R) Management Engine Components\DAL;C:\Program Files\Intel\Intel(R) Management Engine Components\DAL;C:\Program Files\Intel\WiFi\bin\;C:\Program Files\Common Files\Intel\WirelessCommon\;%SystemRoot%\system32;%SystemRoot%;%SystemRoot%\System32\Wbem;%SYSTEMROOT%\System32\WindowsPowerShell\v1.0\;%SYSTEMROOT%\System32\OpenSSH\;C:\Users\sopja\AppData\Local\Microsoft\WindowsApps;C:\Users\sopja\AppData\Roaming\npm;C:\src\flutter\bin;;." />

          <property name="java.vm.info" value="mixed mode" />

          <property name="java.vendor" value="Oracle Corporation" />

          <property name="java.vm.version" value="25.191-b12" />

          <property name="java.ext.dirs" value="C:\Program Files\Java\jdk1.8.0_191\jre\lib\ext;C:\WINDOWS\Sun\Java\lib\ext" />

          <property name="sun.io.unicode.encoding" value="UnicodeLittle" />

          <property name="java.class.version" value="52.0" />

      </properties>

      <testcase classname="Audit Tests" name="Create Specific Building Audit Template" time="52.685" />

      <testcase classname="Audit Tests" name="Create Global Audit Template" time="61.952">
          <error message="Expected condition failed: waiting for visibility of element located by By.xpath: //*[contains(text(), &apos;AHU&apos;)] (tried for 50 second(s) with 500 milliseconds interval)" type="org.openqa.selenium.TimeoutException">org.openqa.selenium.TimeoutException: Expected condition failed: waiting for visibility of element located by By.xpath: //*[contains(text(), &apos;AHU&apos;)] (tried for 50 second(s) with 500 milliseconds interval)
Caused by: org.openqa.selenium.NoSuchElementException: 
no such element: Unable to locate element: {&quot;method&quot;:&quot;xpath&quot;,&quot;selector&quot;:&quot;//*[contains(text(), &apos;AHU&apos;)]&quot;}
  (Session info: headless chrome=76.0.3809.132)
For documentation on this error, please visit: https://www.seleniumhq.org/exceptions/no_such_element.html
Build info: version: &apos;3.141.59&apos;, revision: &apos;e82be7d358&apos;, time: &apos;2018-11-14T08:17:03&apos;
System info: host: &apos;DESKTOP-E0L3QD7&apos;, ip: &apos;192.168.1.124&apos;, os.name: &apos;Windows 10&apos;, os.arch: &apos;amd64&apos;, os.version: &apos;10.0&apos;, java.version: &apos;1.8.0_191&apos;
Driver info: org.openqa.selenium.chrome.ChromeDriver
Capabilities {acceptInsecureCerts: false, browserName: chrome, browserVersion: 76.0.3809.132, chrome: {chromedriverVersion: 75.0.3770.90 (a6dcaf7e3ec6f..., userDataDir: C:\Users\sopja\AppData\Loca...}, goog:chromeOptions: {debuggerAddress: localhost:52343}, javascriptEnabled: true, networkConnectionEnabled: false, pageLoadStrategy: normal, platform: XP, platformName: XP, proxy: Proxy(), setWindowRect: true, strictFileInteractability: false, timeouts: {implicit: 0, pageLoad: 300000, script: 30000}, unhandledPromptBehavior: dismiss and notify}
Session ID: df891a332dcfb96cc559a42801d7cc25
*** Element info: {Using=xpath, value=//*[contains(text(), &apos;AHU&apos;)]}
</error>

          <system-out><![CDATA[
  Background: Steps That execute before every scenario &amp#27;[90m# src/test/resource/Audit.feature:4&amp#27;[0m
    &amp#27;[32mGiven &amp#27;[0m&amp#27;[32mOpen KodeLabs Page&amp#27;[0m                           &amp#27;[90m# WebsiteStepDefs.thePreconditionForTheTestGoesToWebsiteOrLogsIn()&amp#27;[0m
    &amp#27;[32mThen &amp#27;[0m&amp#27;[32mCheck if user is logged in&amp#27;[0m                    &amp#27;[90m# WebsiteStepDefs.checkIfUserIsLoggedIn()&amp#27;[0m
    &amp#27;[32mAnd &amp#27;[0m&amp#27;[32mUser Click on Audit button&amp#27;[0m                     &amp#27;[90m# AuditStepDefs.clickAudit()&amp#27;[0m
    &amp#27;[32mAnd &amp#27;[0m&amp#27;[32mUser select &amp#27;[0m&amp#27;[32m&amp#27;[1mAutomation Testing&amp#27;[0m&amp#27;[32m building&amp#27;[0m        &amp#27;[90m# SchedulersStepDefs.selectBuilding(String)&amp#27;[0m
    &amp#27;[32mThen &amp#27;[0m&amp#27;[32mCheck if Audit page appears&amp#27;[0m                   &amp#27;[90m# AuditStepDefs.checkIfAuditPageAppears()&amp#27;[0m

  @Audit @SmokeTest
  Scenario: Create Global Audit Template                                                           &amp#27;[90m# src/test/resource/Audit.feature:21&amp#27;[0m
    &amp#27;[32mWhen &amp#27;[0m&amp#27;[32mUser click on threedots button&amp#27;[0m                                                            &amp#27;[90m# DeviceStepDefs.openThreeDot()&amp#27;[0m
    &amp#27;[32mAnd &amp#27;[0m&amp#27;[32mUser click Add Template Button&amp#27;[0m                                                             &amp#27;[90m# AuditStepDefs.addTemplate()&amp#27;[0m
    &amp#27;[31mAnd &amp#27;[0m&amp#27;[31mUser select &amp#27;[0m&amp#27;[31m&amp#27;[1mAHU&amp#27;[0m&amp#27;[31m type and select &amp#27;[0m&amp#27;[31m&amp#27;[1mChiller Water Temp Entering&amp#27;[0m&amp#27;[31m and &amp#27;[0m&amp#27;[31m&amp#27;[1mChiller Water Temp Leaving&amp#27;[0m &amp#27;[90m# AuditStepDefs.selectTypeAndPoints(String,String,String)&amp#27;[0m
      &amp#27;[31morg.openqa.selenium.TimeoutException: Expected condition failed: waiting for visibility of element located by By.xpath: //*[contains(text(), 'AHU')] (tried for 50 second(s) with 500 milliseconds interval)
	at org.openqa.selenium.support.ui.WebDriverWait.timeoutException(WebDriverWait.java:95)
	at org.openqa.selenium.support.ui.FluentWait.until(FluentWait.java:272)
	at pageobjects.pages.PageObjectUtils.IsElementVisible(PageObjectUtils.java:28)
	at pageobjects.pages.PageObjectUtils.CheckContainsText(PageObjectUtils.java:43)
	at stepdefs.AuditStepDefs.selectTypeAndPoints(AuditStepDefs.java:51)
	at ?.User select AHU type and select Chiller Water Temp Entering and Chiller Water Temp Leaving(src/test/resource/Audit.feature:24)
Caused by: org.openqa.selenium.NoSuchElementException: no such element: Unable to locate element: {"method":"xpath","selector":"//*[contains(text(), 'AHU')]"}
  (Session info: headless chrome=76.0.3809.132)
For documentation on this error, please visit: https://www.seleniumhq.org/exceptions/no_such_element.html
Build info: version: '3.141.59', revision: 'e82be7d358', time: '2018-11-14T08:17:03'
System info: host: 'DESKTOP-E0L3QD7', ip: '192.168.1.124', os.name: 'Windows 10', os.arch: 'amd64', os.version: '10.0', java.version: '1.8.0_191'
Driver info: org.openqa.selenium.chrome.ChromeDriver
Capabilities {acceptInsecureCerts: false, browserName: chrome, browserVersion: 76.0.3809.132, chrome: {chromedriverVersion: 75.0.3770.90 (a6dcaf7e3ec6f..., userDataDir: C:\Users\sopja\AppData\Loca...}, goog:chromeOptions: {debuggerAddress: localhost:52343}, javascriptEnabled: true, networkConnectionEnabled: false, pageLoadStrategy: normal, platform: XP, platformName: XP, proxy: Proxy(), setWindowRect: true, strictFileInteractability: false, timeouts: {implicit: 0, pageLoad: 300000, script: 30000}, unhandledPromptBehavior: dismiss and notify}
Session ID: df891a332dcfb96cc559a42801d7cc25
*** Element info: {Using=xpath, value=//*[contains(text(), 'AHU')]}
	at sun.reflect.GeneratedConstructorAccessor14.newInstance(Unknown Source)
	at sun.reflect.DelegatingConstructorAccessorImpl.newInstance(DelegatingConstructorAccessorImpl.java:45)
	at java.lang.reflect.Constructor.newInstance(Constructor.java:423)
	at org.openqa.selenium.remote.http.W3CHttpResponseCodec.createException(W3CHttpResponseCodec.java:187)
	at org.openqa.selenium.remote.http.W3CHttpResponseCodec.decode(W3CHttpResponseCodec.java:122)
	at org.openqa.selenium.remote.http.W3CHttpResponseCodec.decode(W3CHttpResponseCodec.java:49)
	at org.openqa.selenium.remote.HttpCommandExecutor.execute(HttpCommandExecutor.java:158)
	at org.openqa.selenium.remote.service.DriverCommandExecutor.execute(DriverCommandExecutor.java:83)
	at org.openqa.selenium.remote.RemoteWebDriver.execute(RemoteWebDriver.java:552)
	at org.openqa.selenium.remote.RemoteWebDriver.findElement(RemoteWebDriver.java:323)
	at org.openqa.selenium.remote.RemoteWebDriver.findElementByXPath(RemoteWebDriver.java:428)
	at org.openqa.selenium.By$ByXPath.findElement(By.java:353)
	at org.openqa.selenium.remote.RemoteWebDriver.findElement(RemoteWebDriver.java:315)
	at org.openqa.selenium.support.ui.ExpectedConditions$7.apply(ExpectedConditions.java:205)
	at org.openqa.selenium.support.ui.ExpectedConditions$7.apply(ExpectedConditions.java:201)
	at org.openqa.selenium.support.ui.FluentWait.until(FluentWait.java:249)
	at pageobjects.pages.PageObjectUtils.IsElementVisible(PageObjectUtils.java:28)
	at pageobjects.pages.PageObjectUtils.CheckContainsText(PageObjectUtils.java:43)
	at stepdefs.AuditStepDefs.selectTypeAndPoints(AuditStepDefs.java:51)
	at sun.reflect.NativeMethodAccessorImpl.invoke0(Native Method)
	at sun.reflect.NativeMethodAccessorImpl.invoke(NativeMethodAccessorImpl.java:62)
	at sun.reflect.DelegatingMethodAccessorImpl.invoke(DelegatingMethodAccessorImpl.java:43)
	at java.lang.reflect.Method.invoke(Method.java:498)
	at cucumber.runtime.Utils$1.call(Utils.java:32)
	at cucumber.runtime.Timeout.timeout(Timeout.java:16)
	at cucumber.runtime.Utils.invoke(Utils.java:26)
	at cucumber.runtime.java.JavaStepDefinition.execute(JavaStepDefinition.java:37)
	at cucumber.runtime.StepDefinitionMatch.runStep(StepDefinitionMatch.java:40)
	at cucumber.api.TestStep.executeStep(TestStep.java:102)
	at cucumber.api.TestStep.run(TestStep.java:83)
	at cucumber.api.TestCase.run(TestCase.java:58)
	at cucumber.runner.Runner.runPickle(Runner.java:80)
	at cucumber.runtime.junit.PickleRunners$NoStepDescriptions.run(PickleRunners.java:140)
	at cucumber.runtime.junit.FeatureRunner.runChild(FeatureRunner.java:68)
	at cucumber.runtime.junit.FeatureRunner.runChild(FeatureRunner.java:23)
	at org.junit.runners.ParentRunner$4.run(ParentRunner.java:330)
	at org.junit.runners.ParentRunner$1.schedule(ParentRunner.java:78)
	at org.junit.runners.ParentRunner.runChildren(ParentRunner.java:328)
	at org.junit.runners.ParentRunner.access$100(ParentRunner.java:65)
	at org.junit.runners.ParentRunner$2.evaluate(ParentRunner.java:292)
	at org.junit.runners.ParentRunner$3.evaluate(ParentRunner.java:305)
	at org.junit.runners.ParentRunner.run(ParentRunner.java:412)
	at cucumber.runtime.junit.FeatureRunner.run(FeatureRunner.java:73)
	at cucumber.api.junit.Cucumber.runChild(Cucumber.java:117)
	at cucumber.api.junit.Cucumber.runChild(Cucumber.java:55)
	at org.junit.runners.ParentRunner$4.run(ParentRunner.java:330)
	at org.junit.runners.ParentRunner$1.schedule(ParentRunner.java:78)
	at org.junit.runners.ParentRunner.runChildren(ParentRunner.java:328)
	at org.junit.runners.ParentRunner.access$100(ParentRunner.java:65)
	at org.junit.runners.ParentRunner$2.evaluate(ParentRunner.java:292)
	at cucumber.api.junit.Cucumber$1.evaluate(Cucumber.java:126)
	at org.junit.internal.runners.statements.RunAfters.evaluate(RunAfters.java:27)
	at org.junit.runners.ParentRunner$3.evaluate(ParentRunner.java:305)
	at org.junit.runners.ParentRunner.run(ParentRunner.java:412)
	at org.apache.maven.surefire.junit4.JUnit4Provider.execute(JUnit4Provider.java:365)
	at org.apache.maven.surefire.junit4.JUnit4Provider.executeWithRerun(JUnit4Provider.java:273)
	at org.apache.maven.surefire.junit4.JUnit4Provider.executeTestSet(JUnit4Provider.java:238)
	at org.apache.maven.surefire.junit4.JUnit4Provider.invoke(JUnit4Provider.java:159)
	at org.apache.maven.surefire.booter.ForkedBooter.invokeProviderInSameClassLoader(ForkedBooter.java:383)
	at org.apache.maven.surefire.booter.ForkedBooter.runSuitesInProcess(ForkedBooter.java:344)
	at org.apache.maven.surefire.booter.ForkedBooter.execute(ForkedBooter.java:125)
	at org.apache.maven.surefire.booter.ForkedBooter.main(ForkedBooter.java:417)
&amp#27;[0m
    &amp#27;[36mAnd &amp#27;[0m&amp#27;[36mUser click next button&amp#27;[0m                                                                     &amp#27;[90m# AuditStepDefs.clickNextButton()&amp#27;[0m
    &amp#27;[36mAnd &amp#27;[0m&amp#27;[36mUser Click All Buildings button&amp#27;[0m                                                            &amp#27;[90m# AuditStepDefs.clickAllBuildingsButton()&amp#27;[0m
    &amp#27;[36mAnd &amp#27;[0m&amp#27;[36mUser Add &amp#27;[0m&amp#27;[36m&amp#27;[1mGlobal Template&amp#27;[0m&amp#27;[36m as Template name&amp#27;[0m                                                  &amp#27;[90m# AuditStepDefs.addTemplateName(String)&amp#27;[0m
    &amp#27;[36mAnd &amp#27;[0m&amp#27;[36mUser click Save button&amp#27;[0m                                                                     &amp#27;[90m# WebsiteStepDefs.areaTabSaveButton()&amp#27;[0m
    &amp#27;[36mAnd &amp#27;[0m&amp#27;[36mUser select &amp#27;[0m&amp#27;[36m&amp#27;[1mKODE Labs&amp#27;[0m&amp#27;[36m building&amp#27;[0m                                                             &amp#27;[90m# SchedulersStepDefs.selectBuilding(String)&amp#27;[0m
    &amp#27;[36mThen &amp#27;[0m&amp#27;[36mCheck if &amp#27;[0m&amp#27;[36m&amp#27;[1mGlobal Template&amp#27;[0m&amp#27;[36m is created&amp#27;[0m                                                       &amp#27;[90m# SystemsStepDefs.checkSystem(String)&amp#27;[0m
]]></system-out>

      </testcase>

      <testcase classname="Audit Tests" name="Create VAV Template with Alarm Filter" time="11.708" />

      <testcase classname="Audit Tests" name="Edit Specific Audit Template" time="11.022">
          <error message="element click intercepted: Element &lt;label _ngcontent-nqy-c23=&quot;&quot; class=&quot;inner-item-label temp-flex-2 first-col-element main&quot;&gt;...&lt;/label&gt; is not clickable at point (401, 808). Other element would receive the click: &lt;div class=&quot;cdk-overlay-backdrop cdk-overlay-dark-backdrop cdk-overlay-backdrop-showing&quot;&gt;&lt;/div&gt;
  (Session info: headless chrome=76.0.3809.132)
Build info: version: &apos;3.141.59&apos;, revision: &apos;e82be7d358&apos;, time: &apos;2018-11-14T08:17:03&apos;
System info: host: &apos;DESKTOP-E0L3QD7&apos;, ip: &apos;192.168.1.124&apos;, os.name: &apos;Windows 10&apos;, os.arch: &apos;amd64&apos;, os.version: &apos;10.0&apos;, java.version: &apos;1.8.0_191&apos;
Driver info: org.openqa.selenium.chrome.ChromeDriver
Capabilities {acceptInsecureCerts: false, browserName: chrome, browserVersion: 76.0.3809.132, chrome: {chromedriverVersion: 75.0.3770.90 (a6dcaf7e3ec6f..., userDataDir: C:\Users\sopja\AppData\Loca...}, goog:chromeOptions: {debuggerAddress: localhost:52343}, javascriptEnabled: true, networkConnectionEnabled: false, pageLoadStrategy: normal, platform: XP, platformName: XP, proxy: Proxy(), setWindowRect: true, strictFileInteractability: false, timeouts: {implicit: 0, pageLoad: 300000, script: 30000}, unhandledPromptBehavior: dismiss and notify}
Session ID: df891a332dcfb96cc559a42801d7cc25" type="org.openqa.selenium.ElementClickInterceptedException"><![CDATA[org.openqa.selenium.ElementClickInterceptedException: 
element click intercepted: Element <label _ngcontent-nqy-c23="" class="inner-item-label temp-flex-2 first-col-element main">...</label> is not clickable at point (401, 808). Other element would receive the click: <div class="cdk-overlay-backdrop cdk-overlay-dark-backdrop cdk-overlay-backdrop-showing"></div>
  (Session info: headless chrome=76.0.3809.132)
Build info: version: '3.141.59', revision: 'e82be7d358', time: '2018-11-14T08:17:03'
System info: host: 'DESKTOP-E0L3QD7', ip: '192.168.1.124', os.name: 'Windows 10', os.arch: 'amd64', os.version: '10.0', java.version: '1.8.0_191'
Driver info: org.openqa.selenium.chrome.ChromeDriver
Capabilities {acceptInsecureCerts: false, browserName: chrome, browserVersion: 76.0.3809.132, chrome: {chromedriverVersion: 75.0.3770.90 (a6dcaf7e3ec6f..., userDataDir: C:\Users\sopja\AppData\Loca...}, goog:chromeOptions: {debuggerAddress: localhost:52343}, javascriptEnabled: true, networkConnectionEnabled: false, pageLoadStrategy: normal, platform: XP, platformName: XP, proxy: Proxy(), setWindowRect: true, strictFileInteractability: false, timeouts: {implicit: 0, pageLoad: 300000, script: 30000}, unhandledPromptBehavior: dismiss and notify}
Session ID: df891a332dcfb96cc559a42801d7cc25
]]></error>

          <system-out><![CDATA[
  Background: Steps That execute before every scenario &amp#27;[90m# src/test/resource/Audit.feature:4&amp#27;[0m
    &amp#27;[32mGiven &amp#27;[0m&amp#27;[32mOpen KodeLabs Page&amp#27;[0m                           &amp#27;[90m# WebsiteStepDefs.thePreconditionForTheTestGoesToWebsiteOrLogsIn()&amp#27;[0m
    &amp#27;[32mThen &amp#27;[0m&amp#27;[32mCheck if user is logged in&amp#27;[0m                    &amp#27;[90m# WebsiteStepDefs.checkIfUserIsLoggedIn()&amp#27;[0m
    &amp#27;[32mAnd &amp#27;[0m&amp#27;[32mUser Click on Audit button&amp#27;[0m                     &amp#27;[90m# AuditStepDefs.clickAudit()&amp#27;[0m
    &amp#27;[32mAnd &amp#27;[0m&amp#27;[32mUser select &amp#27;[0m&amp#27;[32m&amp#27;[1mAutomation Testing&amp#27;[0m&amp#27;[32m building&amp#27;[0m        &amp#27;[90m# SchedulersStepDefs.selectBuilding(String)&amp#27;[0m
    &amp#27;[32mThen &amp#27;[0m&amp#27;[32mCheck if Audit page appears&amp#27;[0m                   &amp#27;[90m# AuditStepDefs.checkIfAuditPageAppears()&amp#27;[0m

  @Audit @SmokeTest
  Scenario: Edit Specific Audit Template             &amp#27;[90m# src/test/resource/Audit.feature:44&amp#27;[0m
    &amp#27;[32mWhen &amp#27;[0m&amp#27;[32mUser click on &amp#27;[0m&amp#27;[32m&amp#27;[1mVAV Template&amp#27;[0m&amp#27;[32m template&amp#27;[0m         &amp#27;[90m# AuditStepDefs.clickVAVTemplate(String)&amp#27;[0m
    &amp#27;[32mAnd &amp#27;[0m&amp#27;[32mUser click on threedots button&amp#27;[0m               &amp#27;[90m# DeviceStepDefs.openThreeDot()&amp#27;[0m
    &amp#27;[32mAnd &amp#27;[0m&amp#27;[32mUser click Edit Template Button&amp#27;[0m              &amp#27;[90m# AuditStepDefs.editTemplate()&amp#27;[0m
    &amp#27;[32mAnd &amp#27;[0m&amp#27;[32mUser click Point Selection button&amp#27;[0m            &amp#27;[90m# AuditStepDefs.pointSelectionButton()&amp#27;[0m
    &amp#27;[31mAnd &amp#27;[0m&amp#27;[31mUser select &amp#27;[0m&amp#27;[31m&amp#27;[1mFilter Status&amp#27;[0m&amp#27;[31m point&amp#27;[0m              &amp#27;[90m# AuditStepDefs.selectSpecificPoint(String)&amp#27;[0m
      &amp#27;[31morg.openqa.selenium.ElementClickInterceptedException: element click intercepted: Element <label _ngcontent-nqy-c23="" class="inner-item-label temp-flex-2 first-col-element main">...</label> is not clickable at point (401, 808). Other element would receive the click: <div class="cdk-overlay-backdrop cdk-overlay-dark-backdrop cdk-overlay-backdrop-showing"></div>
  (Session info: headless chrome=76.0.3809.132)
Build info: version: '3.141.59', revision: 'e82be7d358', time: '2018-11-14T08:17:03'
System info: host: 'DESKTOP-E0L3QD7', ip: '192.168.1.124', os.name: 'Windows 10', os.arch: 'amd64', os.version: '10.0', java.version: '1.8.0_191'
Driver info: org.openqa.selenium.chrome.ChromeDriver
Capabilities {acceptInsecureCerts: false, browserName: chrome, browserVersion: 76.0.3809.132, chrome: {chromedriverVersion: 75.0.3770.90 (a6dcaf7e3ec6f..., userDataDir: C:\Users\sopja\AppData\Loca...}, goog:chromeOptions: {debuggerAddress: localhost:52343}, javascriptEnabled: true, networkConnectionEnabled: false, pageLoadStrategy: normal, platform: XP, platformName: XP, proxy: Proxy(), setWindowRect: true, strictFileInteractability: false, timeouts: {implicit: 0, pageLoad: 300000, script: 30000}, unhandledPromptBehavior: dismiss and notify}
Session ID: df891a332dcfb96cc559a42801d7cc25
	at sun.reflect.NativeConstructorAccessorImpl.newInstance0(Native Method)
	at sun.reflect.NativeConstructorAccessorImpl.newInstance(NativeConstructorAccessorImpl.java:62)
	at sun.reflect.DelegatingConstructorAccessorImpl.newInstance(DelegatingConstructorAccessorImpl.java:45)
	at java.lang.reflect.Constructor.newInstance(Constructor.java:423)
	at org.openqa.selenium.remote.http.W3CHttpResponseCodec.createException(W3CHttpResponseCodec.java:187)
	at org.openqa.selenium.remote.http.W3CHttpResponseCodec.decode(W3CHttpResponseCodec.java:122)
	at org.openqa.selenium.remote.http.W3CHttpResponseCodec.decode(W3CHttpResponseCodec.java:49)
	at org.openqa.selenium.remote.HttpCommandExecutor.execute(HttpCommandExecutor.java:158)
	at org.openqa.selenium.remote.service.DriverCommandExecutor.execute(DriverCommandExecutor.java:83)
	at org.openqa.selenium.remote.RemoteWebDriver.execute(RemoteWebDriver.java:552)
	at org.openqa.selenium.remote.RemoteWebElement.execute(RemoteWebElement.java:285)
	at org.openqa.selenium.remote.RemoteWebElement.click(RemoteWebElement.java:84)
	at stepdefs.AuditStepDefs.selectSpecificPoint(AuditStepDefs.java:151)
	at ?.User select Filter Status point(src/test/resource/Audit.feature:49)
&amp#27;[0m
    &amp#27;[36mAnd &amp#27;[0m&amp#27;[36mUser click next button&amp#27;[0m                       &amp#27;[90m# AuditStepDefs.clickNextButton()&amp#27;[0m
    &amp#27;[36mAnd &amp#27;[0m&amp#27;[36mUser change Template name to &amp#27;[0m&amp#27;[36m&amp#27;[1mEdited Template&amp#27;[0m &amp#27;[90m# AuditStepDefs.changeTempleteName(String)&amp#27;[0m
    &amp#27;[36mAnd &amp#27;[0m&amp#27;[36mUser click Save button&amp#27;[0m                       &amp#27;[90m# WebsiteStepDefs.areaTabSaveButton()&amp#27;[0m
    &amp#27;[36mThen &amp#27;[0m&amp#27;[36mCheck if &amp#27;[0m&amp#27;[36m&amp#27;[1mEdited Template&amp#27;[0m&amp#27;[36m is created&amp#27;[0m         &amp#27;[90m# SystemsStepDefs.checkSystem(String)&amp#27;[0m
]]></system-out>

      </testcase>

      <testcase classname="Audit Tests" name="Delete Specific Audit Template" time="10.976" />

      <testcase classname="Audit Tests" name="Delete Specific Audit Template" time="57.264">
          <error message="Expected condition failed: waiting for visibility of element located by By.xpath: //*[contains(text(), &apos;Edited Template&apos;)] (tried for 50 second(s) with 500 milliseconds interval)" type="org.openqa.selenium.TimeoutException">org.openqa.selenium.TimeoutException: Expected condition failed: waiting for visibility of element located by By.xpath: //*[contains(text(), &apos;Edited Template&apos;)] (tried for 50 second(s) with 500 milliseconds interval)
Caused by: org.openqa.selenium.NoSuchElementException: 
no such element: Unable to locate element: {&quot;method&quot;:&quot;xpath&quot;,&quot;selector&quot;:&quot;//*[contains(text(), &apos;Edited Template&apos;)]&quot;}
  (Session info: headless chrome=76.0.3809.132)
For documentation on this error, please visit: https://www.seleniumhq.org/exceptions/no_such_element.html
Build info: version: &apos;3.141.59&apos;, revision: &apos;e82be7d358&apos;, time: &apos;2018-11-14T08:17:03&apos;
System info: host: &apos;DESKTOP-E0L3QD7&apos;, ip: &apos;192.168.1.124&apos;, os.name: &apos;Windows 10&apos;, os.arch: &apos;amd64&apos;, os.version: &apos;10.0&apos;, java.version: &apos;1.8.0_191&apos;
Driver info: org.openqa.selenium.chrome.ChromeDriver
Capabilities {acceptInsecureCerts: false, browserName: chrome, browserVersion: 76.0.3809.132, chrome: {chromedriverVersion: 75.0.3770.90 (a6dcaf7e3ec6f..., userDataDir: C:\Users\sopja\AppData\Loca...}, goog:chromeOptions: {debuggerAddress: localhost:52343}, javascriptEnabled: true, networkConnectionEnabled: false, pageLoadStrategy: normal, platform: XP, platformName: XP, proxy: Proxy(), setWindowRect: true, strictFileInteractability: false, timeouts: {implicit: 0, pageLoad: 300000, script: 30000}, unhandledPromptBehavior: dismiss and notify}
Session ID: df891a332dcfb96cc559a42801d7cc25
*** Element info: {Using=xpath, value=//*[contains(text(), &apos;Edited Template&apos;)]}
</error>

          <system-out><![CDATA[
  Background: Steps That execute before every scenario &amp#27;[90m# src/test/resource/Audit.feature:4&amp#27;[0m
    &amp#27;[32mGiven &amp#27;[0m&amp#27;[32mOpen KodeLabs Page&amp#27;[0m                           &amp#27;[90m# WebsiteStepDefs.thePreconditionForTheTestGoesToWebsiteOrLogsIn()&amp#27;[0m
    &amp#27;[32mThen &amp#27;[0m&amp#27;[32mCheck if user is logged in&amp#27;[0m                    &amp#27;[90m# WebsiteStepDefs.checkIfUserIsLoggedIn()&amp#27;[0m
    &amp#27;[32mAnd &amp#27;[0m&amp#27;[32mUser Click on Audit button&amp#27;[0m                     &amp#27;[90m# AuditStepDefs.clickAudit()&amp#27;[0m
    &amp#27;[32mAnd &amp#27;[0m&amp#27;[32mUser select &amp#27;[0m&amp#27;[32m&amp#27;[1mAutomation Testing&amp#27;[0m&amp#27;[32m building&amp#27;[0m        &amp#27;[90m# SchedulersStepDefs.selectBuilding(String)&amp#27;[0m
    &amp#27;[32mThen &amp#27;[0m&amp#27;[32mCheck if Audit page appears&amp#27;[0m                   &amp#27;[90m# AuditStepDefs.checkIfAuditPageAppears()&amp#27;[0m

  @Audit @SmokeTest
  Scenario: Delete Specific Audit Template            &amp#27;[90m# src/test/resource/Audit.feature:64&amp#27;[0m
    &amp#27;[31mWhen &amp#27;[0m&amp#27;[31mUser click on &amp#27;[0m&amp#27;[31m&amp#27;[1mEdited Template&amp#27;[0m&amp#27;[31m template&amp#27;[0m       &amp#27;[90m# AuditStepDefs.clickVAVTemplate(String)&amp#27;[0m
      &amp#27;[31morg.openqa.selenium.TimeoutException: Expected condition failed: waiting for visibility of element located by By.xpath: //*[contains(text(), 'Edited Template')] (tried for 50 second(s) with 500 milliseconds interval)
	at org.openqa.selenium.support.ui.WebDriverWait.timeoutException(WebDriverWait.java:95)
	at org.openqa.selenium.support.ui.FluentWait.until(FluentWait.java:272)
	at pageobjects.pages.PageObjectUtils.IsElementVisible(PageObjectUtils.java:28)
	at pageobjects.pages.PageObjectUtils.CheckContainsText(PageObjectUtils.java:43)
	at stepdefs.AuditStepDefs.clickVAVTemplate(AuditStepDefs.java:96)
	at ?.User click on Edited Template template(src/test/resource/Audit.feature:65)
Caused by: org.openqa.selenium.NoSuchElementException: no such element: Unable to locate element: {"method":"xpath","selector":"//*[contains(text(), 'Edited Template')]"}
  (Session info: headless chrome=76.0.3809.132)
For documentation on this error, please visit: https://www.seleniumhq.org/exceptions/no_such_element.html
Build info: version: '3.141.59', revision: 'e82be7d358', time: '2018-11-14T08:17:03'
System info: host: 'DESKTOP-E0L3QD7', ip: '192.168.1.124', os.name: 'Windows 10', os.arch: 'amd64', os.version: '10.0', java.version: '1.8.0_191'
Driver info: org.openqa.selenium.chrome.ChromeDriver
Capabilities {acceptInsecureCerts: false, browserName: chrome, browserVersion: 76.0.3809.132, chrome: {chromedriverVersion: 75.0.3770.90 (a6dcaf7e3ec6f..., userDataDir: C:\Users\sopja\AppData\Loca...}, goog:chromeOptions: {debuggerAddress: localhost:52343}, javascriptEnabled: true, networkConnectionEnabled: false, pageLoadStrategy: normal, platform: XP, platformName: XP, proxy: Proxy(), setWindowRect: true, strictFileInteractability: false, timeouts: {implicit: 0, pageLoad: 300000, script: 30000}, unhandledPromptBehavior: dismiss and notify}
Session ID: df891a332dcfb96cc559a42801d7cc25
*** Element info: {Using=xpath, value=//*[contains(text(), 'Edited Template')]}
	at sun.reflect.GeneratedConstructorAccessor14.newInstance(Unknown Source)
	at sun.reflect.DelegatingConstructorAccessorImpl.newInstance(DelegatingConstructorAccessorImpl.java:45)
	at java.lang.reflect.Constructor.newInstance(Constructor.java:423)
	at org.openqa.selenium.remote.http.W3CHttpResponseCodec.createException(W3CHttpResponseCodec.java:187)
	at org.openqa.selenium.remote.http.W3CHttpResponseCodec.decode(W3CHttpResponseCodec.java:122)
	at org.openqa.selenium.remote.http.W3CHttpResponseCodec.decode(W3CHttpResponseCodec.java:49)
	at org.openqa.selenium.remote.HttpCommandExecutor.execute(HttpCommandExecutor.java:158)
	at org.openqa.selenium.remote.service.DriverCommandExecutor.execute(DriverCommandExecutor.java:83)
	at org.openqa.selenium.remote.RemoteWebDriver.execute(RemoteWebDriver.java:552)
	at org.openqa.selenium.remote.RemoteWebDriver.findElement(RemoteWebDriver.java:323)
	at org.openqa.selenium.remote.RemoteWebDriver.findElementByXPath(RemoteWebDriver.java:428)
	at org.openqa.selenium.By$ByXPath.findElement(By.java:353)
	at org.openqa.selenium.remote.RemoteWebDriver.findElement(RemoteWebDriver.java:315)
	at org.openqa.selenium.support.ui.ExpectedConditions$7.apply(ExpectedConditions.java:205)
	at org.openqa.selenium.support.ui.ExpectedConditions$7.apply(ExpectedConditions.java:201)
	at org.openqa.selenium.support.ui.FluentWait.until(FluentWait.java:249)
	at pageobjects.pages.PageObjectUtils.IsElementVisible(PageObjectUtils.java:28)
	at pageobjects.pages.PageObjectUtils.CheckContainsText(PageObjectUtils.java:43)
	at stepdefs.AuditStepDefs.clickVAVTemplate(AuditStepDefs.java:96)
	at sun.reflect.NativeMethodAccessorImpl.invoke0(Native Method)
	at sun.reflect.NativeMethodAccessorImpl.invoke(NativeMethodAccessorImpl.java:62)
	at sun.reflect.DelegatingMethodAccessorImpl.invoke(DelegatingMethodAccessorImpl.java:43)
	at java.lang.reflect.Method.invoke(Method.java:498)
	at cucumber.runtime.Utils$1.call(Utils.java:32)
	at cucumber.runtime.Timeout.timeout(Timeout.java:16)
	at cucumber.runtime.Utils.invoke(Utils.java:26)
	at cucumber.runtime.java.JavaStepDefinition.execute(JavaStepDefinition.java:37)
	at cucumber.runtime.StepDefinitionMatch.runStep(StepDefinitionMatch.java:40)
	at cucumber.api.TestStep.executeStep(TestStep.java:102)
	at cucumber.api.TestStep.run(TestStep.java:83)
	at cucumber.api.TestCase.run(TestCase.java:58)
	at cucumber.runner.Runner.runPickle(Runner.java:80)
	at cucumber.runtime.junit.PickleRunners$NoStepDescriptions.run(PickleRunners.java:140)
	at cucumber.runtime.junit.FeatureRunner.runChild(FeatureRunner.java:68)
	at cucumber.runtime.junit.FeatureRunner.runChild(FeatureRunner.java:23)
	at org.junit.runners.ParentRunner$4.run(ParentRunner.java:330)
	at org.junit.runners.ParentRunner$1.schedule(ParentRunner.java:78)
	at org.junit.runners.ParentRunner.runChildren(ParentRunner.java:328)
	at org.junit.runners.ParentRunner.access$100(ParentRunner.java:65)
	at org.junit.runners.ParentRunner$2.evaluate(ParentRunner.java:292)
	at org.junit.runners.ParentRunner$3.evaluate(ParentRunner.java:305)
	at org.junit.runners.ParentRunner.run(ParentRunner.java:412)
	at cucumber.runtime.junit.FeatureRunner.run(FeatureRunner.java:73)
	at cucumber.api.junit.Cucumber.runChild(Cucumber.java:117)
	at cucumber.api.junit.Cucumber.runChild(Cucumber.java:55)
	at org.junit.runners.ParentRunner$4.run(ParentRunner.java:330)
	at org.junit.runners.ParentRunner$1.schedule(ParentRunner.java:78)
	at org.junit.runners.ParentRunner.runChildren(ParentRunner.java:328)
	at org.junit.runners.ParentRunner.access$100(ParentRunner.java:65)
	at org.junit.runners.ParentRunner$2.evaluate(ParentRunner.java:292)
	at cucumber.api.junit.Cucumber$1.evaluate(Cucumber.java:126)
	at org.junit.internal.runners.statements.RunAfters.evaluate(RunAfters.java:27)
	at org.junit.runners.ParentRunner$3.evaluate(ParentRunner.java:305)
	at org.junit.runners.ParentRunner.run(ParentRunner.java:412)
	at org.apache.maven.surefire.junit4.JUnit4Provider.execute(JUnit4Provider.java:365)
	at org.apache.maven.surefire.junit4.JUnit4Provider.executeWithRerun(JUnit4Provider.java:273)
	at org.apache.maven.surefire.junit4.JUnit4Provider.executeTestSet(JUnit4Provider.java:238)
	at org.apache.maven.surefire.junit4.JUnit4Provider.invoke(JUnit4Provider.java:159)
	at org.apache.maven.surefire.booter.ForkedBooter.invokeProviderInSameClassLoader(ForkedBooter.java:383)
	at org.apache.maven.surefire.booter.ForkedBooter.runSuitesInProcess(ForkedBooter.java:344)
	at org.apache.maven.surefire.booter.ForkedBooter.execute(ForkedBooter.java:125)
	at org.apache.maven.surefire.booter.ForkedBooter.main(ForkedBooter.java:417)
&amp#27;[0m
    &amp#27;[36mAnd &amp#27;[0m&amp#27;[36mUser click on threedots button&amp#27;[0m                &amp#27;[90m# DeviceStepDefs.openThreeDot()&amp#27;[0m
    &amp#27;[36mAnd &amp#27;[0m&amp#27;[36mUser click Delete Template Button&amp#27;[0m             &amp#27;[90m# AuditStepDefs.deleteTemplate()&amp#27;[0m
    &amp#27;[36mAnd &amp#27;[0m&amp#27;[36mUser click yes button&amp#27;[0m                         &amp#27;[90m# AuditStepDefs.yesButton()&amp#27;[0m
    &amp#27;[36mThen &amp#27;[0m&amp#27;[36mCheck if &amp#27;[0m&amp#27;[36m&amp#27;[1mEdited Template&amp#27;[0m&amp#27;[36m Template is deleted&amp#27;[0m &amp#27;[90m# AuditStepDefs.checkIfTemplateIsDeleted(String)&amp#27;[0m
]]></system-out>

      </testcase>

      <testcase classname="Audit Tests" name="Delete Global Audit Template" time="22.049">
          <error message="Expected condition failed: waiting for visibility of element located by By.xpath: //*[text()[contains(.,&apos;more_horiz&apos;)]] (tried for 15 second(s) with 500 milliseconds interval)" type="org.openqa.selenium.TimeoutException">org.openqa.selenium.TimeoutException: Expected condition failed: waiting for visibility of element located by By.xpath: //*[text()[contains(.,&apos;more_horiz&apos;)]] (tried for 15 second(s) with 500 milliseconds interval)
Caused by: org.openqa.selenium.NoSuchElementException: 
no such element: Unable to locate element: {&quot;method&quot;:&quot;xpath&quot;,&quot;selector&quot;:&quot;//*[text()[contains(.,&apos;more_horiz&apos;)]]&quot;}
  (Session info: headless chrome=76.0.3809.132)
For documentation on this error, please visit: https://www.seleniumhq.org/exceptions/no_such_element.html
Build info: version: &apos;3.141.59&apos;, revision: &apos;e82be7d358&apos;, time: &apos;2018-11-14T08:17:03&apos;
System info: host: &apos;DESKTOP-E0L3QD7&apos;, ip: &apos;192.168.1.124&apos;, os.name: &apos;Windows 10&apos;, os.arch: &apos;amd64&apos;, os.version: &apos;10.0&apos;, java.version: &apos;1.8.0_191&apos;
Driver info: org.openqa.selenium.chrome.ChromeDriver
Capabilities {acceptInsecureCerts: false, browserName: chrome, browserVersion: 76.0.3809.132, chrome: {chromedriverVersion: 75.0.3770.90 (a6dcaf7e3ec6f..., userDataDir: C:\Users\sopja\AppData\Loca...}, goog:chromeOptions: {debuggerAddress: localhost:52343}, javascriptEnabled: true, networkConnectionEnabled: false, pageLoadStrategy: normal, platform: XP, platformName: XP, proxy: Proxy(), setWindowRect: true, strictFileInteractability: false, timeouts: {implicit: 0, pageLoad: 300000, script: 30000}, unhandledPromptBehavior: dismiss and notify}
Session ID: df891a332dcfb96cc559a42801d7cc25
*** Element info: {Using=xpath, value=//*[text()[contains(.,&apos;more_horiz&apos;)]]}
</error>

          <system-out><![CDATA[
  Background: Steps That execute before every scenario &amp#27;[90m# src/test/resource/Audit.feature:4&amp#27;[0m
    &amp#27;[32mGiven &amp#27;[0m&amp#27;[32mOpen KodeLabs Page&amp#27;[0m                           &amp#27;[90m# WebsiteStepDefs.thePreconditionForTheTestGoesToWebsiteOrLogsIn()&amp#27;[0m
    &amp#27;[32mThen &amp#27;[0m&amp#27;[32mCheck if user is logged in&amp#27;[0m                    &amp#27;[90m# WebsiteStepDefs.checkIfUserIsLoggedIn()&amp#27;[0m
    &amp#27;[32mAnd &amp#27;[0m&amp#27;[32mUser Click on Audit button&amp#27;[0m                     &amp#27;[90m# AuditStepDefs.clickAudit()&amp#27;[0m
    &amp#27;[32mAnd &amp#27;[0m&amp#27;[32mUser select &amp#27;[0m&amp#27;[32m&amp#27;[1mAutomation Testing&amp#27;[0m&amp#27;[32m building&amp#27;[0m        &amp#27;[90m# SchedulersStepDefs.selectBuilding(String)&amp#27;[0m
    &amp#27;[32mThen &amp#27;[0m&amp#27;[32mCheck if Audit page appears&amp#27;[0m                   &amp#27;[90m# AuditStepDefs.checkIfAuditPageAppears()&amp#27;[0m

  @Audit @SmokeTest
  Scenario: Delete Global Audit Template              &amp#27;[90m# src/test/resource/Audit.feature:72&amp#27;[0m
    &amp#27;[31mAnd &amp#27;[0m&amp#27;[31mUser click on threedots button&amp#27;[0m                &amp#27;[90m# DeviceStepDefs.openThreeDot()&amp#27;[0m
      &amp#27;[31morg.openqa.selenium.TimeoutException: Expected condition failed: waiting for visibility of element located by By.xpath: //*[text()[contains(.,'more_horiz')]] (tried for 15 second(s) with 500 milliseconds interval)
	at org.openqa.selenium.support.ui.WebDriverWait.timeoutException(WebDriverWait.java:95)
	at org.openqa.selenium.support.ui.FluentWait.until(FluentWait.java:272)
	at pageobjects.pages.PageObjectUtils.IsElementVisible(PageObjectUtils.java:28)
	at stepdefs.DeviceStepDefs.openThreeDot(DeviceStepDefs.java:117)
	at ?.User click on threedots button(src/test/resource/Audit.feature:73)
Caused by: org.openqa.selenium.NoSuchElementException: no such element: Unable to locate element: {"method":"xpath","selector":"//*[text()[contains(.,'more_horiz')]]"}
  (Session info: headless chrome=76.0.3809.132)
For documentation on this error, please visit: https://www.seleniumhq.org/exceptions/no_such_element.html
Build info: version: '3.141.59', revision: 'e82be7d358', time: '2018-11-14T08:17:03'
System info: host: 'DESKTOP-E0L3QD7', ip: '192.168.1.124', os.name: 'Windows 10', os.arch: 'amd64', os.version: '10.0', java.version: '1.8.0_191'
Driver info: org.openqa.selenium.chrome.ChromeDriver
Capabilities {acceptInsecureCerts: false, browserName: chrome, browserVersion: 76.0.3809.132, chrome: {chromedriverVersion: 75.0.3770.90 (a6dcaf7e3ec6f..., userDataDir: C:\Users\sopja\AppData\Loca...}, goog:chromeOptions: {debuggerAddress: localhost:52343}, javascriptEnabled: true, networkConnectionEnabled: false, pageLoadStrategy: normal, platform: XP, platformName: XP, proxy: Proxy(), setWindowRect: true, strictFileInteractability: false, timeouts: {implicit: 0, pageLoad: 300000, script: 30000}, unhandledPromptBehavior: dismiss and notify}
Session ID: df891a332dcfb96cc559a42801d7cc25
*** Element info: {Using=xpath, value=//*[text()[contains(.,'more_horiz')]]}
	at sun.reflect.GeneratedConstructorAccessor14.newInstance(Unknown Source)
	at sun.reflect.DelegatingConstructorAccessorImpl.newInstance(DelegatingConstructorAccessorImpl.java:45)
	at java.lang.reflect.Constructor.newInstance(Constructor.java:423)
	at org.openqa.selenium.remote.http.W3CHttpResponseCodec.createException(W3CHttpResponseCodec.java:187)
	at org.openqa.selenium.remote.http.W3CHttpResponseCodec.decode(W3CHttpResponseCodec.java:122)
	at org.openqa.selenium.remote.http.W3CHttpResponseCodec.decode(W3CHttpResponseCodec.java:49)
	at org.openqa.selenium.remote.HttpCommandExecutor.execute(HttpCommandExecutor.java:158)
	at org.openqa.selenium.remote.service.DriverCommandExecutor.execute(DriverCommandExecutor.java:83)
	at org.openqa.selenium.remote.RemoteWebDriver.execute(RemoteWebDriver.java:552)
	at org.openqa.selenium.remote.RemoteWebDriver.findElement(RemoteWebDriver.java:323)
	at org.openqa.selenium.remote.RemoteWebDriver.findElementByXPath(RemoteWebDriver.java:428)
	at org.openqa.selenium.By$ByXPath.findElement(By.java:353)
	at org.openqa.selenium.remote.RemoteWebDriver.findElement(RemoteWebDriver.java:315)
	at org.openqa.selenium.support.ui.ExpectedConditions$7.apply(ExpectedConditions.java:205)
	at org.openqa.selenium.support.ui.ExpectedConditions$7.apply(ExpectedConditions.java:201)
	at org.openqa.selenium.support.ui.FluentWait.until(FluentWait.java:249)
	at pageobjects.pages.PageObjectUtils.IsElementVisible(PageObjectUtils.java:28)
	at stepdefs.DeviceStepDefs.openThreeDot(DeviceStepDefs.java:117)
	at sun.reflect.NativeMethodAccessorImpl.invoke0(Native Method)
	at sun.reflect.NativeMethodAccessorImpl.invoke(NativeMethodAccessorImpl.java:62)
	at sun.reflect.DelegatingMethodAccessorImpl.invoke(DelegatingMethodAccessorImpl.java:43)
	at java.lang.reflect.Method.invoke(Method.java:498)
	at cucumber.runtime.Utils$1.call(Utils.java:32)
	at cucumber.runtime.Timeout.timeout(Timeout.java:16)
	at cucumber.runtime.Utils.invoke(Utils.java:26)
	at cucumber.runtime.java.JavaStepDefinition.execute(JavaStepDefinition.java:37)
	at cucumber.runtime.StepDefinitionMatch.runStep(StepDefinitionMatch.java:40)
	at cucumber.api.TestStep.executeStep(TestStep.java:102)
	at cucumber.api.TestStep.run(TestStep.java:83)
	at cucumber.api.TestCase.run(TestCase.java:58)
	at cucumber.runner.Runner.runPickle(Runner.java:80)
	at cucumber.runtime.junit.PickleRunners$NoStepDescriptions.run(PickleRunners.java:140)
	at cucumber.runtime.junit.FeatureRunner.runChild(FeatureRunner.java:68)
	at cucumber.runtime.junit.FeatureRunner.runChild(FeatureRunner.java:23)
	at org.junit.runners.ParentRunner$4.run(ParentRunner.java:330)
	at org.junit.runners.ParentRunner$1.schedule(ParentRunner.java:78)
	at org.junit.runners.ParentRunner.runChildren(ParentRunner.java:328)
	at org.junit.runners.ParentRunner.access$100(ParentRunner.java:65)
	at org.junit.runners.ParentRunner$2.evaluate(ParentRunner.java:292)
	at org.junit.runners.ParentRunner$3.evaluate(ParentRunner.java:305)
	at org.junit.runners.ParentRunner.run(ParentRunner.java:412)
	at cucumber.runtime.junit.FeatureRunner.run(FeatureRunner.java:73)
	at cucumber.api.junit.Cucumber.runChild(Cucumber.java:117)
	at cucumber.api.junit.Cucumber.runChild(Cucumber.java:55)
	at org.junit.runners.ParentRunner$4.run(ParentRunner.java:330)
	at org.junit.runners.ParentRunner$1.schedule(ParentRunner.java:78)
	at org.junit.runners.ParentRunner.runChildren(ParentRunner.java:328)
	at org.junit.runners.ParentRunner.access$100(ParentRunner.java:65)
	at org.junit.runners.ParentRunner$2.evaluate(ParentRunner.java:292)
	at cucumber.api.junit.Cucumber$1.evaluate(Cucumber.java:126)
	at org.junit.internal.runners.statements.RunAfters.evaluate(RunAfters.java:27)
	at org.junit.runners.ParentRunner$3.evaluate(ParentRunner.java:305)
	at org.junit.runners.ParentRunner.run(ParentRunner.java:412)
	at org.apache.maven.surefire.junit4.JUnit4Provider.execute(JUnit4Provider.java:365)
	at org.apache.maven.surefire.junit4.JUnit4Provider.executeWithRerun(JUnit4Provider.java:273)
	at org.apache.maven.surefire.junit4.JUnit4Provider.executeTestSet(JUnit4Provider.java:238)
	at org.apache.maven.surefire.junit4.JUnit4Provider.invoke(JUnit4Provider.java:159)
	at org.apache.maven.surefire.booter.ForkedBooter.invokeProviderInSameClassLoader(ForkedBooter.java:383)
	at org.apache.maven.surefire.booter.ForkedBooter.runSuitesInProcess(ForkedBooter.java:344)
	at org.apache.maven.surefire.booter.ForkedBooter.execute(ForkedBooter.java:125)
	at org.apache.maven.surefire.booter.ForkedBooter.main(ForkedBooter.java:417)
&amp#27;[0m
    &amp#27;[36mAnd &amp#27;[0m&amp#27;[36mUser click Delete Template Button&amp#27;[0m             &amp#27;[90m# AuditStepDefs.deleteTemplate()&amp#27;[0m
    &amp#27;[36mAnd &amp#27;[0m&amp#27;[36mUser click yes button&amp#27;[0m                         &amp#27;[90m# AuditStepDefs.yesButton()&amp#27;[0m
    &amp#27;[36mThen &amp#27;[0m&amp#27;[36mCheck if &amp#27;[0m&amp#27;[36m&amp#27;[1mGlobal Template&amp#27;[0m&amp#27;[36m Template is deleted&amp#27;[0m &amp#27;[90m# AuditStepDefs.checkIfTemplateIsDeleted(String)&amp#27;[0m
]]></system-out>

      </testcase>

      <testcase classname="Dashboard Tests" name="Go to one Floor from the list" time="8.9" />

      <testcase classname="Dashboard Tests" name="Go to one Floor from the Floors button" time="14.034" />

      <testcase classname="Dashboard Tests" name="Go to one Device from the Devices button" time="7.429" />

      <testcase classname="Dashboard Tests" name="Add Widget on Dashboard" time="8.642" />

      <testcase classname="Dashboard Tests" name="Edit Navigation Widget on Dashboard" time="8.571" />

      <testcase classname="Dashboard Tests" name="Edit Summary Widget on Dashboard" time="13.544" />

      <testcase classname="Dashboard Tests" name="Go to one Device from Summary Widget" time="6.109" />

      <testcase classname="Dashboard Tests" name="Go to one Device from Navigation Widget" time="5.275" />

      <testcase classname="Dashboard Tests" name="Remove Widget from Dashboard" time="13.333" />

      <testcase classname="Building Panel Tests" name="Add New Building" time="8.726" />

      <testcase classname="Building Panel Tests" name="Edit Building" time="8.911" />

      <testcase classname="Building Panel Tests" name="Add New Floor" time="14.022" />

      <testcase classname="Building Panel Tests" name="Add Multiple Floors" time="14.153" />

      <testcase classname="Building Panel Tests" name="Edit Floors" time="17.294" />

      <testcase classname="Building Panel Tests" name="Delete Floors" time="17.352" />

      <testcase classname="Building Panel Tests" name="Assign Users" time="11.387" />

      <testcase classname="Building Panel Tests" name="Delete Assign Users" time="14.413" />

      <testcase classname="Building Panel Tests" name="Add Connector" time="13.468" />

      <testcase classname="Building Panel Tests" name="Test Connector" time="24.194">
          <error message="Expected condition failed: waiting for visibility of element located by By.xpath: //*[text()[contains(.,&apos;check_circle&apos;)]] (tried for 15 second(s) with 500 milliseconds interval)" type="org.openqa.selenium.TimeoutException">org.openqa.selenium.TimeoutException: Expected condition failed: waiting for visibility of element located by By.xpath: //*[text()[contains(.,&apos;check_circle&apos;)]] (tried for 15 second(s) with 500 milliseconds interval)
Caused by: org.openqa.selenium.NoSuchElementException: 
no such element: Unable to locate element: {&quot;method&quot;:&quot;xpath&quot;,&quot;selector&quot;:&quot;//*[text()[contains(.,&apos;check_circle&apos;)]]&quot;}
  (Session info: headless chrome=76.0.3809.132)
For documentation on this error, please visit: https://www.seleniumhq.org/exceptions/no_such_element.html
Build info: version: &apos;3.141.59&apos;, revision: &apos;e82be7d358&apos;, time: &apos;2018-11-14T08:17:03&apos;
System info: host: &apos;DESKTOP-E0L3QD7&apos;, ip: &apos;192.168.1.124&apos;, os.name: &apos;Windows 10&apos;, os.arch: &apos;amd64&apos;, os.version: &apos;10.0&apos;, java.version: &apos;1.8.0_191&apos;
Driver info: org.openqa.selenium.chrome.ChromeDriver
Capabilities {acceptInsecureCerts: false, browserName: chrome, browserVersion: 76.0.3809.132, chrome: {chromedriverVersion: 75.0.3770.90 (a6dcaf7e3ec6f..., userDataDir: C:\Users\sopja\AppData\Loca...}, goog:chromeOptions: {debuggerAddress: localhost:52343}, javascriptEnabled: true, networkConnectionEnabled: false, pageLoadStrategy: normal, platform: XP, platformName: XP, proxy: Proxy(), setWindowRect: true, strictFileInteractability: false, timeouts: {implicit: 0, pageLoad: 300000, script: 30000}, unhandledPromptBehavior: dismiss and notify}
Session ID: df891a332dcfb96cc559a42801d7cc25
*** Element info: {Using=xpath, value=//*[text()[contains(.,&apos;check_circle&apos;)]]}
</error>

          <system-out><![CDATA[
  Background: Steps That execute before every scenario &amp#27;[90m# src/test/resource/BuildingPanel.feature:3&amp#27;[0m
    &amp#27;[32mGiven &amp#27;[0m&amp#27;[32mOpen KodeLabs Page&amp#27;[0m                           &amp#27;[90m# WebsiteStepDefs.thePreconditionForTheTestGoesToWebsiteOrLogsIn()&amp#27;[0m
    &amp#27;[32mThen &amp#27;[0m&amp#27;[32mCheck if user is logged in&amp#27;[0m                    &amp#27;[90m# WebsiteStepDefs.checkIfUserIsLoggedIn()&amp#27;[0m
    &amp#27;[32mAnd &amp#27;[0m&amp#27;[32mUser Go To admin panel&amp#27;[0m                         &amp#27;[90m# WebsiteStepDefs.clickAdminPanel()&amp#27;[0m
    &amp#27;[32mThen &amp#27;[0m&amp#27;[32mCheck if user is at Admin panel&amp#27;[0m               &amp#27;[90m# WebsiteStepDefs.checkIfAdminPanelPageAppears()&amp#27;[0m

  @Admin @SmokeTest @BuildingPanel
  Scenario: Test Connector                     &amp#27;[90m# src/test/resource/BuildingPanel.feature:107&amp#27;[0m
    &amp#27;[32mWhen &amp#27;[0m&amp#27;[32mUser Open &amp#27;[0m&amp#27;[32m&amp#27;[1mAuto Test Building&amp#27;[0m          &amp#27;[90m# WebsiteStepDefs.openBuilding(String)&amp#27;[0m
    &amp#27;[32mAnd &amp#27;[0m&amp#27;[32mUser goto on Connectors Tab&amp#27;[0m            &amp#27;[90m# WebsiteStepDefs.openConnectorsTab()&amp#27;[0m
    &amp#27;[32mAnd &amp#27;[0m&amp#27;[32mUser click test connector&amp#27;[0m              &amp#27;[90m# WebsiteStepDefs.testConnector()&amp#27;[0m
    &amp#27;[31mThen &amp#27;[0m&amp#27;[31mCheck if connector connection is good&amp#27;[0m &amp#27;[90m# WebsiteStepDefs.checkConnectConnector()&amp#27;[0m
      &amp#27;[31morg.openqa.selenium.TimeoutException: Expected condition failed: waiting for visibility of element located by By.xpath: //*[text()[contains(.,'check_circle')]] (tried for 15 second(s) with 500 milliseconds interval)
	at org.openqa.selenium.support.ui.WebDriverWait.timeoutException(WebDriverWait.java:95)
	at org.openqa.selenium.support.ui.FluentWait.until(FluentWait.java:272)
	at pageobjects.pages.PageObjectUtils.IsElementVisible(PageObjectUtils.java:28)
	at stepdefs.WebsiteStepDefs.checkConnectConnector(WebsiteStepDefs.java:506)
	at ?.Check if connector connection is good(src/test/resource/BuildingPanel.feature:111)
Caused by: org.openqa.selenium.NoSuchElementException: no such element: Unable to locate element: {"method":"xpath","selector":"//*[text()[contains(.,'check_circle')]]"}
  (Session info: headless chrome=76.0.3809.132)
For documentation on this error, please visit: https://www.seleniumhq.org/exceptions/no_such_element.html
Build info: version: '3.141.59', revision: 'e82be7d358', time: '2018-11-14T08:17:03'
System info: host: 'DESKTOP-E0L3QD7', ip: '192.168.1.124', os.name: 'Windows 10', os.arch: 'amd64', os.version: '10.0', java.version: '1.8.0_191'
Driver info: org.openqa.selenium.chrome.ChromeDriver
Capabilities {acceptInsecureCerts: false, browserName: chrome, browserVersion: 76.0.3809.132, chrome: {chromedriverVersion: 75.0.3770.90 (a6dcaf7e3ec6f..., userDataDir: C:\Users\sopja\AppData\Loca...}, goog:chromeOptions: {debuggerAddress: localhost:52343}, javascriptEnabled: true, networkConnectionEnabled: false, pageLoadStrategy: normal, platform: XP, platformName: XP, proxy: Proxy(), setWindowRect: true, strictFileInteractability: false, timeouts: {implicit: 0, pageLoad: 300000, script: 30000}, unhandledPromptBehavior: dismiss and notify}
Session ID: df891a332dcfb96cc559a42801d7cc25
*** Element info: {Using=xpath, value=//*[text()[contains(.,'check_circle')]]}
	at sun.reflect.GeneratedConstructorAccessor14.newInstance(Unknown Source)
	at sun.reflect.DelegatingConstructorAccessorImpl.newInstance(DelegatingConstructorAccessorImpl.java:45)
	at java.lang.reflect.Constructor.newInstance(Constructor.java:423)
	at org.openqa.selenium.remote.http.W3CHttpResponseCodec.createException(W3CHttpResponseCodec.java:187)
	at org.openqa.selenium.remote.http.W3CHttpResponseCodec.decode(W3CHttpResponseCodec.java:122)
	at org.openqa.selenium.remote.http.W3CHttpResponseCodec.decode(W3CHttpResponseCodec.java:49)
	at org.openqa.selenium.remote.HttpCommandExecutor.execute(HttpCommandExecutor.java:158)
	at org.openqa.selenium.remote.service.DriverCommandExecutor.execute(DriverCommandExecutor.java:83)
	at org.openqa.selenium.remote.RemoteWebDriver.execute(RemoteWebDriver.java:552)
	at org.openqa.selenium.remote.RemoteWebDriver.findElement(RemoteWebDriver.java:323)
	at org.openqa.selenium.remote.RemoteWebDriver.findElementByXPath(RemoteWebDriver.java:428)
	at org.openqa.selenium.By$ByXPath.findElement(By.java:353)
	at org.openqa.selenium.remote.RemoteWebDriver.findElement(RemoteWebDriver.java:315)
	at org.openqa.selenium.support.ui.ExpectedConditions$7.apply(ExpectedConditions.java:205)
	at org.openqa.selenium.support.ui.ExpectedConditions$7.apply(ExpectedConditions.java:201)
	at org.openqa.selenium.support.ui.FluentWait.until(FluentWait.java:249)
	at pageobjects.pages.PageObjectUtils.IsElementVisible(PageObjectUtils.java:28)
	at stepdefs.WebsiteStepDefs.checkConnectConnector(WebsiteStepDefs.java:506)
	at sun.reflect.NativeMethodAccessorImpl.invoke0(Native Method)
	at sun.reflect.NativeMethodAccessorImpl.invoke(NativeMethodAccessorImpl.java:62)
	at sun.reflect.DelegatingMethodAccessorImpl.invoke(DelegatingMethodAccessorImpl.java:43)
	at java.lang.reflect.Method.invoke(Method.java:498)
	at cucumber.runtime.Utils$1.call(Utils.java:32)
	at cucumber.runtime.Timeout.timeout(Timeout.java:16)
	at cucumber.runtime.Utils.invoke(Utils.java:26)
	at cucumber.runtime.java.JavaStepDefinition.execute(JavaStepDefinition.java:37)
	at cucumber.runtime.StepDefinitionMatch.runStep(StepDefinitionMatch.java:40)
	at cucumber.api.TestStep.executeStep(TestStep.java:102)
	at cucumber.api.TestStep.run(TestStep.java:83)
	at cucumber.api.TestCase.run(TestCase.java:58)
	at cucumber.runner.Runner.runPickle(Runner.java:80)
	at cucumber.runtime.junit.PickleRunners$NoStepDescriptions.run(PickleRunners.java:140)
	at cucumber.runtime.junit.FeatureRunner.runChild(FeatureRunner.java:68)
	at cucumber.runtime.junit.FeatureRunner.runChild(FeatureRunner.java:23)
	at org.junit.runners.ParentRunner$4.run(ParentRunner.java:330)
	at org.junit.runners.ParentRunner$1.schedule(ParentRunner.java:78)
	at org.junit.runners.ParentRunner.runChildren(ParentRunner.java:328)
	at org.junit.runners.ParentRunner.access$100(ParentRunner.java:65)
	at org.junit.runners.ParentRunner$2.evaluate(ParentRunner.java:292)
	at org.junit.runners.ParentRunner$3.evaluate(ParentRunner.java:305)
	at org.junit.runners.ParentRunner.run(ParentRunner.java:412)
	at cucumber.runtime.junit.FeatureRunner.run(FeatureRunner.java:73)
	at cucumber.api.junit.Cucumber.runChild(Cucumber.java:117)
	at cucumber.api.junit.Cucumber.runChild(Cucumber.java:55)
	at org.junit.runners.ParentRunner$4.run(ParentRunner.java:330)
	at org.junit.runners.ParentRunner$1.schedule(ParentRunner.java:78)
	at org.junit.runners.ParentRunner.runChildren(ParentRunner.java:328)
	at org.junit.runners.ParentRunner.access$100(ParentRunner.java:65)
	at org.junit.runners.ParentRunner$2.evaluate(ParentRunner.java:292)
	at cucumber.api.junit.Cucumber$1.evaluate(Cucumber.java:126)
	at org.junit.internal.runners.statements.RunAfters.evaluate(RunAfters.java:27)
	at org.junit.runners.ParentRunner$3.evaluate(ParentRunner.java:305)
	at org.junit.runners.ParentRunner.run(ParentRunner.java:412)
	at org.apache.maven.surefire.junit4.JUnit4Provider.execute(JUnit4Provider.java:365)
	at org.apache.maven.surefire.junit4.JUnit4Provider.executeWithRerun(JUnit4Provider.java:273)
	at org.apache.maven.surefire.junit4.JUnit4Provider.executeTestSet(JUnit4Provider.java:238)
	at org.apache.maven.surefire.junit4.JUnit4Provider.invoke(JUnit4Provider.java:159)
	at org.apache.maven.surefire.booter.ForkedBooter.invokeProviderInSameClassLoader(ForkedBooter.java:383)
	at org.apache.maven.surefire.booter.ForkedBooter.runSuitesInProcess(ForkedBooter.java:344)
	at org.apache.maven.surefire.booter.ForkedBooter.execute(ForkedBooter.java:125)
	at org.apache.maven.surefire.booter.ForkedBooter.main(ForkedBooter.java:417)
&amp#27;[0m
]]></system-out>

      </testcase>

      <testcase classname="Building Panel Tests" name="Edit Connector" time="11.273" />

      <testcase classname="Building Panel Tests" name="Delete Connector" time="10.293" />

      <testcase classname="Building Panel Tests" name="Delete Building" time="10.46" />

      <testcase classname="Devices Tests" name="Search For Device" time="11.429" />

      <testcase classname="Devices Tests" name="Filter By Type" time="7.93" />

      <testcase classname="Devices Tests" name="Filter by Area" time="7.681" />

      <testcase classname="Devices Tests" name="Go to Device Details Page" time="7.255" />

      <testcase classname="Devices Tests" name="Update Device using Batch Update" time="18.937" />

      <testcase classname="Devices Tests" name="Add point to Template from Point Batch Update" time="24.441" />

      <testcase classname="Devices Tests" name="Remove point from Template at Point Batch Update" time="22.347" />

      <testcase classname="Devices Tests" name="Update Device from device page" time="19.696" />

      <testcase classname="Devices Tests" name="Update Device from Details page" time="19.654" />

      <testcase classname="Devices Tests" name="Show Device References on Details page" time="12.971" />

      <testcase classname="Devices Tests" name="Change Default view to Dashboard view" time="12.259" />

      <testcase classname="Events" name="Add New Event Class" time="9.757" />

      <testcase classname="Events" name="Delete Event Class" time="9.728" />

      <testcase classname="Events" name="Add New Event Type" time="11.338" />

      <testcase classname="Events" name="Delete Event Type" time="11.573" />

      <testcase classname="Events" name="Create Event and check if it appears on Event Dashboard" time="20.666">
          <error message="Expected condition failed: waiting for visibility of element located by By.xpath: //div[@class=&apos;selection-control&apos; and text()[contains(.,&apos;Inactive&apos;)]] (tried for 15 second(s) with 500 milliseconds interval)" type="org.openqa.selenium.TimeoutException">org.openqa.selenium.TimeoutException: Expected condition failed: waiting for visibility of element located by By.xpath: //div[@class=&apos;selection-control&apos; and text()[contains(.,&apos;Inactive&apos;)]] (tried for 15 second(s) with 500 milliseconds interval)
Caused by: org.openqa.selenium.NoSuchElementException: 
no such element: Unable to locate element: {&quot;method&quot;:&quot;xpath&quot;,&quot;selector&quot;:&quot;//div[@class=&apos;selection-control&apos; and text()[contains(.,&apos;Inactive&apos;)]]&quot;}
  (Session info: headless chrome=76.0.3809.132)
For documentation on this error, please visit: https://www.seleniumhq.org/exceptions/no_such_element.html
Build info: version: &apos;3.141.59&apos;, revision: &apos;e82be7d358&apos;, time: &apos;2018-11-14T08:17:03&apos;
System info: host: &apos;DESKTOP-E0L3QD7&apos;, ip: &apos;192.168.1.124&apos;, os.name: &apos;Windows 10&apos;, os.arch: &apos;amd64&apos;, os.version: &apos;10.0&apos;, java.version: &apos;1.8.0_191&apos;
Driver info: org.openqa.selenium.chrome.ChromeDriver
Capabilities {acceptInsecureCerts: false, browserName: chrome, browserVersion: 76.0.3809.132, chrome: {chromedriverVersion: 75.0.3770.90 (a6dcaf7e3ec6f..., userDataDir: C:\Users\sopja\AppData\Loca...}, goog:chromeOptions: {debuggerAddress: localhost:52343}, javascriptEnabled: true, networkConnectionEnabled: false, pageLoadStrategy: normal, platform: XP, platformName: XP, proxy: Proxy(), setWindowRect: true, strictFileInteractability: false, timeouts: {implicit: 0, pageLoad: 300000, script: 30000}, unhandledPromptBehavior: dismiss and notify}
Session ID: df891a332dcfb96cc559a42801d7cc25
*** Element info: {Using=xpath, value=//div[@class=&apos;selection-control&apos; and text()[contains(.,&apos;Inactive&apos;)]]}
</error>

          <system-out><![CDATA[
  Background: Steps That execute before every scenario &amp#27;[90m# src/test/resource/Events.feature:4&amp#27;[0m
    &amp#27;[32mGiven &amp#27;[0m&amp#27;[32mOpen KodeLabs Page&amp#27;[0m                           &amp#27;[90m# WebsiteStepDefs.thePreconditionForTheTestGoesToWebsiteOrLogsIn()&amp#27;[0m
    &amp#27;[32mThen &amp#27;[0m&amp#27;[32mCheck if user is logged in&amp#27;[0m                    &amp#27;[90m# WebsiteStepDefs.checkIfUserIsLoggedIn()&amp#27;[0m

  @SmokeTest @EventsDashboard @Events
  Scenario: Create Event and check if it appears on Event Dashboard &amp#27;[90m# src/test/resource/Events.feature:73&amp#27;[0m
    &amp#27;[32mAnd &amp#27;[0m&amp#27;[32mUser click twice on &amp#27;[0m&amp#27;[32m&amp#27;[1mKODE Labs&amp#27;[0m&amp#27;[32m building&amp#27;[0m                      &amp#27;[90m# SitesStepDefs.openBuilding(String)&amp#27;[0m
    &amp#27;[32mThen &amp#27;[0m&amp#27;[32mCheck if &amp#27;[0m&amp#27;[32m&amp#27;[1mKODE Labs&amp#27;[0m&amp#27;[32m Dashboard appears&amp#27;[0m                       &amp#27;[90m# SitesStepDefs.checkDashboard(String)&amp#27;[0m
    &amp#27;[32mAnd &amp#27;[0m&amp#27;[32mUser click &amp#27;[0m&amp#27;[32m&amp#27;[1mBO1&amp#27;[0m&amp#27;[32m point write button&amp#27;[0m                           &amp#27;[90m# PointsStepDefs.clickWritePoint(String)&amp#27;[0m
    &amp#27;[31mAnd &amp#27;[0m&amp#27;[31mUser make point value false and click save&amp#27;[0m                  &amp#27;[90m# EventsStepDefs.turnOffPoint()&amp#27;[0m
      &amp#27;[31morg.openqa.selenium.TimeoutException: Expected condition failed: waiting for visibility of element located by By.xpath: //div[@class='selection-control' and text()[contains(.,'Inactive')]] (tried for 15 second(s) with 500 milliseconds interval)
	at org.openqa.selenium.support.ui.WebDriverWait.timeoutException(WebDriverWait.java:95)
	at org.openqa.selenium.support.ui.FluentWait.until(FluentWait.java:272)
	at pageobjects.pages.PageObjectUtils.IsElementVisible(PageObjectUtils.java:28)
	at stepdefs.EventsStepDefs.turnOffPoint(EventsStepDefs.java:261)
	at ?.User make point value false and click save(src/test/resource/Events.feature:78)
Caused by: org.openqa.selenium.NoSuchElementException: no such element: Unable to locate element: {"method":"xpath","selector":"//div[@class='selection-control' and text()[contains(.,'Inactive')]]"}
  (Session info: headless chrome=76.0.3809.132)
For documentation on this error, please visit: https://www.seleniumhq.org/exceptions/no_such_element.html
Build info: version: '3.141.59', revision: 'e82be7d358', time: '2018-11-14T08:17:03'
System info: host: 'DESKTOP-E0L3QD7', ip: '192.168.1.124', os.name: 'Windows 10', os.arch: 'amd64', os.version: '10.0', java.version: '1.8.0_191'
Driver info: org.openqa.selenium.chrome.ChromeDriver
Capabilities {acceptInsecureCerts: false, browserName: chrome, browserVersion: 76.0.3809.132, chrome: {chromedriverVersion: 75.0.3770.90 (a6dcaf7e3ec6f..., userDataDir: C:\Users\sopja\AppData\Loca...}, goog:chromeOptions: {debuggerAddress: localhost:52343}, javascriptEnabled: true, networkConnectionEnabled: false, pageLoadStrategy: normal, platform: XP, platformName: XP, proxy: Proxy(), setWindowRect: true, strictFileInteractability: false, timeouts: {implicit: 0, pageLoad: 300000, script: 30000}, unhandledPromptBehavior: dismiss and notify}
Session ID: df891a332dcfb96cc559a42801d7cc25
*** Element info: {Using=xpath, value=//div[@class='selection-control' and text()[contains(.,'Inactive')]]}
	at sun.reflect.GeneratedConstructorAccessor14.newInstance(Unknown Source)
	at sun.reflect.DelegatingConstructorAccessorImpl.newInstance(DelegatingConstructorAccessorImpl.java:45)
	at java.lang.reflect.Constructor.newInstance(Constructor.java:423)
	at org.openqa.selenium.remote.http.W3CHttpResponseCodec.createException(W3CHttpResponseCodec.java:187)
	at org.openqa.selenium.remote.http.W3CHttpResponseCodec.decode(W3CHttpResponseCodec.java:122)
	at org.openqa.selenium.remote.http.W3CHttpResponseCodec.decode(W3CHttpResponseCodec.java:49)
	at org.openqa.selenium.remote.HttpCommandExecutor.execute(HttpCommandExecutor.java:158)
	at org.openqa.selenium.remote.service.DriverCommandExecutor.execute(DriverCommandExecutor.java:83)
	at org.openqa.selenium.remote.RemoteWebDriver.execute(RemoteWebDriver.java:552)
	at org.openqa.selenium.remote.RemoteWebDriver.findElement(RemoteWebDriver.java:323)
	at org.openqa.selenium.remote.RemoteWebDriver.findElementByXPath(RemoteWebDriver.java:428)
	at org.openqa.selenium.By$ByXPath.findElement(By.java:353)
	at org.openqa.selenium.remote.RemoteWebDriver.findElement(RemoteWebDriver.java:315)
	at org.openqa.selenium.support.ui.ExpectedConditions$7.apply(ExpectedConditions.java:205)
	at org.openqa.selenium.support.ui.ExpectedConditions$7.apply(ExpectedConditions.java:201)
	at org.openqa.selenium.support.ui.FluentWait.until(FluentWait.java:249)
	at pageobjects.pages.PageObjectUtils.IsElementVisible(PageObjectUtils.java:28)
	at stepdefs.EventsStepDefs.turnOffPoint(EventsStepDefs.java:261)
	at sun.reflect.NativeMethodAccessorImpl.invoke0(Native Method)
	at sun.reflect.NativeMethodAccessorImpl.invoke(NativeMethodAccessorImpl.java:62)
	at sun.reflect.DelegatingMethodAccessorImpl.invoke(DelegatingMethodAccessorImpl.java:43)
	at java.lang.reflect.Method.invoke(Method.java:498)
	at cucumber.runtime.Utils$1.call(Utils.java:32)
	at cucumber.runtime.Timeout.timeout(Timeout.java:16)
	at cucumber.runtime.Utils.invoke(Utils.java:26)
	at cucumber.runtime.java.JavaStepDefinition.execute(JavaStepDefinition.java:37)
	at cucumber.runtime.StepDefinitionMatch.runStep(StepDefinitionMatch.java:40)
	at cucumber.api.TestStep.executeStep(TestStep.java:102)
	at cucumber.api.TestStep.run(TestStep.java:83)
	at cucumber.api.TestCase.run(TestCase.java:58)
	at cucumber.runner.Runner.runPickle(Runner.java:80)
	at cucumber.runtime.junit.PickleRunners$NoStepDescriptions.run(PickleRunners.java:140)
	at cucumber.runtime.junit.FeatureRunner.runChild(FeatureRunner.java:68)
	at cucumber.runtime.junit.FeatureRunner.runChild(FeatureRunner.java:23)
	at org.junit.runners.ParentRunner$4.run(ParentRunner.java:330)
	at org.junit.runners.ParentRunner$1.schedule(ParentRunner.java:78)
	at org.junit.runners.ParentRunner.runChildren(ParentRunner.java:328)
	at org.junit.runners.ParentRunner.access$100(ParentRunner.java:65)
	at org.junit.runners.ParentRunner$2.evaluate(ParentRunner.java:292)
	at org.junit.runners.ParentRunner$3.evaluate(ParentRunner.java:305)
	at org.junit.runners.ParentRunner.run(ParentRunner.java:412)
	at cucumber.runtime.junit.FeatureRunner.run(FeatureRunner.java:73)
	at cucumber.api.junit.Cucumber.runChild(Cucumber.java:117)
	at cucumber.api.junit.Cucumber.runChild(Cucumber.java:55)
	at org.junit.runners.ParentRunner$4.run(ParentRunner.java:330)
	at org.junit.runners.ParentRunner$1.schedule(ParentRunner.java:78)
	at org.junit.runners.ParentRunner.runChildren(ParentRunner.java:328)
	at org.junit.runners.ParentRunner.access$100(ParentRunner.java:65)
	at org.junit.runners.ParentRunner$2.evaluate(ParentRunner.java:292)
	at cucumber.api.junit.Cucumber$1.evaluate(Cucumber.java:126)
	at org.junit.internal.runners.statements.RunAfters.evaluate(RunAfters.java:27)
	at org.junit.runners.ParentRunner$3.evaluate(ParentRunner.java:305)
	at org.junit.runners.ParentRunner.run(ParentRunner.java:412)
	at org.apache.maven.surefire.junit4.JUnit4Provider.execute(JUnit4Provider.java:365)
	at org.apache.maven.surefire.junit4.JUnit4Provider.executeWithRerun(JUnit4Provider.java:273)
	at org.apache.maven.surefire.junit4.JUnit4Provider.executeTestSet(JUnit4Provider.java:238)
	at org.apache.maven.surefire.junit4.JUnit4Provider.invoke(JUnit4Provider.java:159)
	at org.apache.maven.surefire.booter.ForkedBooter.invokeProviderInSameClassLoader(ForkedBooter.java:383)
	at org.apache.maven.surefire.booter.ForkedBooter.runSuitesInProcess(ForkedBooter.java:344)
	at org.apache.maven.surefire.booter.ForkedBooter.execute(ForkedBooter.java:125)
	at org.apache.maven.surefire.booter.ForkedBooter.main(ForkedBooter.java:417)
&amp#27;[0m
    &amp#27;[36mThen &amp#27;[0m&amp#27;[36mCheck if write point is saved successfully&amp#27;[0m                 &amp#27;[90m# PointsStepDefs.checkPointIsUpdated()&amp#27;[0m
    &amp#27;[36mThen &amp#27;[0m&amp#27;[36mCheck if &amp#27;[0m&amp#27;[36m&amp#27;[1mLight is OFF&amp#27;[0m&amp#27;[36m event appears on list&amp#27;[0m                &amp#27;[90m# EventsStepDefs.checkEventAppearsOnDashboard(String)&amp#27;[0m
    &amp#27;[36mAnd &amp#27;[0m&amp#27;[36mUser click &amp#27;[0m&amp#27;[36m&amp#27;[1mBO1&amp#27;[0m&amp#27;[36m point write button&amp#27;[0m                           &amp#27;[90m# PointsStepDefs.clickWritePoint(String)&amp#27;[0m
    &amp#27;[36mAnd &amp#27;[0m&amp#27;[36mUser turn on point and click save&amp#27;[0m                           &amp#27;[90m# PointsStepDefs.turnOnPoint()&amp#27;[0m
    &amp#27;[36mThen &amp#27;[0m&amp#27;[36mCheck if write point is saved successfully&amp#27;[0m                 &amp#27;[90m# PointsStepDefs.checkPointIsUpdated()&amp#27;[0m
    &amp#27;[36mThen &amp#27;[0m&amp#27;[36mCheck if &amp#27;[0m&amp#27;[36m&amp#27;[1mLight is OFF&amp#27;[0m&amp#27;[36m event disappears on list&amp#27;[0m             &amp#27;[90m# EventsStepDefs.checkEventDisappearsOnDashboard(String)&amp#27;[0m
]]></system-out>

      </testcase>

      <testcase classname="Events" name="Acknowledge Event" time="8.076" />

      <testcase classname="Events" name="Go To Event Details" time="4.636" />

      <testcase classname="Events" name="Disable/Enable event configuration" time="9.938" />

      <testcase classname="Events" name="Create/Delete Event Configuration" time="12.902" />

      <testcase classname="Floor Tests" name="Add Floor plan" time="17.179" />

      <testcase classname="Floor Tests" name="Add Devices at Floor" time="40.777">
          <error message="Expected condition failed: waiting for visibility of element located by By.xpath: //*[text()[contains(.,&apos;BR126&apos;)]] (tried for 30 second(s) with 500 milliseconds interval)" type="org.openqa.selenium.TimeoutException">org.openqa.selenium.TimeoutException: Expected condition failed: waiting for visibility of element located by By.xpath: //*[text()[contains(.,&apos;BR126&apos;)]] (tried for 30 second(s) with 500 milliseconds interval)
Caused by: org.openqa.selenium.NoSuchElementException: 
no such element: Unable to locate element: {&quot;method&quot;:&quot;xpath&quot;,&quot;selector&quot;:&quot;//*[text()[contains(.,&apos;BR126&apos;)]]&quot;}
  (Session info: headless chrome=76.0.3809.132)
For documentation on this error, please visit: https://www.seleniumhq.org/exceptions/no_such_element.html
Build info: version: &apos;3.141.59&apos;, revision: &apos;e82be7d358&apos;, time: &apos;2018-11-14T08:17:03&apos;
System info: host: &apos;DESKTOP-E0L3QD7&apos;, ip: &apos;192.168.1.124&apos;, os.name: &apos;Windows 10&apos;, os.arch: &apos;amd64&apos;, os.version: &apos;10.0&apos;, java.version: &apos;1.8.0_191&apos;
Driver info: org.openqa.selenium.chrome.ChromeDriver
Capabilities {acceptInsecureCerts: false, browserName: chrome, browserVersion: 76.0.3809.132, chrome: {chromedriverVersion: 75.0.3770.90 (a6dcaf7e3ec6f..., userDataDir: C:\Users\sopja\AppData\Loca...}, goog:chromeOptions: {debuggerAddress: localhost:52343}, javascriptEnabled: true, networkConnectionEnabled: false, pageLoadStrategy: normal, platform: XP, platformName: XP, proxy: Proxy(), setWindowRect: true, strictFileInteractability: false, timeouts: {implicit: 0, pageLoad: 300000, script: 30000}, unhandledPromptBehavior: dismiss and notify}
Session ID: df891a332dcfb96cc559a42801d7cc25
*** Element info: {Using=xpath, value=//*[text()[contains(.,&apos;BR126&apos;)]]}
</error>

          <system-out><![CDATA[
  Background: Steps That execute before every scenario  &amp#27;[90m# src/test/resource/FloorDetails.feature:4&amp#27;[0m
    &amp#27;[32mGiven &amp#27;[0m&amp#27;[32mOpen KodeLabs Page&amp#27;[0m                            &amp#27;[90m# WebsiteStepDefs.thePreconditionForTheTestGoesToWebsiteOrLogsIn()&amp#27;[0m
    &amp#27;[32mThen &amp#27;[0m&amp#27;[32mCheck if user is logged in&amp#27;[0m                     &amp#27;[90m# WebsiteStepDefs.checkIfUserIsLoggedIn()&amp#27;[0m
    &amp#27;[32mAnd &amp#27;[0m&amp#27;[32mUser click twice on &amp#27;[0m&amp#27;[32m&amp#27;[1mAutomation Testing&amp#27;[0m&amp#27;[32m building&amp#27;[0m &amp#27;[90m# SitesStepDefs.openBuilding(String)&amp#27;[0m
    &amp#27;[32mThen &amp#27;[0m&amp#27;[32mCheck if &amp#27;[0m&amp#27;[32m&amp#27;[1mAutomation Testing&amp#27;[0m&amp#27;[32m Dashboard appears&amp#27;[0m  &amp#27;[90m# SitesStepDefs.checkDashboard(String)&amp#27;[0m
    &amp#27;[32mWhen &amp#27;[0m&amp#27;[32mClicks &amp#27;[0m&amp#27;[32m&amp#27;[1mBasement&amp#27;[0m&amp#27;[32m from the list&amp#27;[0m                  &amp#27;[90m# DashboardStepDefs.clickBuildingFromList(String)&amp#27;[0m
    &amp#27;[32mThen &amp#27;[0m&amp#27;[32mCheck if &amp#27;[0m&amp#27;[32m&amp#27;[1mBasement&amp#27;[0m&amp#27;[32m page is opened&amp#27;[0m               &amp#27;[90m# DashboardStepDefs.checkBuildingPageAppears(String)&amp#27;[0m

  @SmokeTest @FloorPlan
  Scenario: Add Devices at Floor               &amp#27;[90m# src/test/resource/FloorDetails.feature:20&amp#27;[0m
    &amp#27;[32mWhen &amp#27;[0m&amp#27;[32mUser go to edit page&amp#27;[0m                  &amp#27;[90m# FloorStepDefs.goToEditPage()&amp#27;[0m
    &amp#27;[32mAnd &amp#27;[0m&amp#27;[32muser go to list view&amp#27;[0m                   &amp#27;[90m# FloorStepDefs.goToListView()&amp#27;[0m
    &amp#27;[31mAnd &amp#27;[0m&amp#27;[31muser drag and drop the device to floor&amp#27;[0m &amp#27;[90m# FloorStepDefs.dragDeviceToFloor()&amp#27;[0m
      &amp#27;[31morg.openqa.selenium.TimeoutException: Expected condition failed: waiting for visibility of element located by By.xpath: //*[text()[contains(.,'BR126')]] (tried for 30 second(s) with 500 milliseconds interval)
	at org.openqa.selenium.support.ui.WebDriverWait.timeoutException(WebDriverWait.java:95)
	at org.openqa.selenium.support.ui.FluentWait.until(FluentWait.java:272)
	at pageobjects.pages.PageObjectUtils.IsElementVisible(PageObjectUtils.java:28)
	at stepdefs.FloorStepDefs.dragDeviceToFloor(FloorStepDefs.java:62)
	at ?.user drag and drop the device to floor(src/test/resource/FloorDetails.feature:23)
Caused by: org.openqa.selenium.NoSuchElementException: no such element: Unable to locate element: {"method":"xpath","selector":"//*[text()[contains(.,'BR126')]]"}
  (Session info: headless chrome=76.0.3809.132)
For documentation on this error, please visit: https://www.seleniumhq.org/exceptions/no_such_element.html
Build info: version: '3.141.59', revision: 'e82be7d358', time: '2018-11-14T08:17:03'
System info: host: 'DESKTOP-E0L3QD7', ip: '192.168.1.124', os.name: 'Windows 10', os.arch: 'amd64', os.version: '10.0', java.version: '1.8.0_191'
Driver info: org.openqa.selenium.chrome.ChromeDriver
Capabilities {acceptInsecureCerts: false, browserName: chrome, browserVersion: 76.0.3809.132, chrome: {chromedriverVersion: 75.0.3770.90 (a6dcaf7e3ec6f..., userDataDir: C:\Users\sopja\AppData\Loca...}, goog:chromeOptions: {debuggerAddress: localhost:52343}, javascriptEnabled: true, networkConnectionEnabled: false, pageLoadStrategy: normal, platform: XP, platformName: XP, proxy: Proxy(), setWindowRect: true, strictFileInteractability: false, timeouts: {implicit: 0, pageLoad: 300000, script: 30000}, unhandledPromptBehavior: dismiss and notify}
Session ID: df891a332dcfb96cc559a42801d7cc25
*** Element info: {Using=xpath, value=//*[text()[contains(.,'BR126')]]}
	at sun.reflect.GeneratedConstructorAccessor14.newInstance(Unknown Source)
	at sun.reflect.DelegatingConstructorAccessorImpl.newInstance(DelegatingConstructorAccessorImpl.java:45)
	at java.lang.reflect.Constructor.newInstance(Constructor.java:423)
	at org.openqa.selenium.remote.http.W3CHttpResponseCodec.createException(W3CHttpResponseCodec.java:187)
	at org.openqa.selenium.remote.http.W3CHttpResponseCodec.decode(W3CHttpResponseCodec.java:122)
	at org.openqa.selenium.remote.http.W3CHttpResponseCodec.decode(W3CHttpResponseCodec.java:49)
	at org.openqa.selenium.remote.HttpCommandExecutor.execute(HttpCommandExecutor.java:158)
	at org.openqa.selenium.remote.service.DriverCommandExecutor.execute(DriverCommandExecutor.java:83)
	at org.openqa.selenium.remote.RemoteWebDriver.execute(RemoteWebDriver.java:552)
	at org.openqa.selenium.remote.RemoteWebDriver.findElement(RemoteWebDriver.java:323)
	at org.openqa.selenium.remote.RemoteWebDriver.findElementByXPath(RemoteWebDriver.java:428)
	at org.openqa.selenium.By$ByXPath.findElement(By.java:353)
	at org.openqa.selenium.remote.RemoteWebDriver.findElement(RemoteWebDriver.java:315)
	at org.openqa.selenium.support.ui.ExpectedConditions$7.apply(ExpectedConditions.java:205)
	at org.openqa.selenium.support.ui.ExpectedConditions$7.apply(ExpectedConditions.java:201)
	at org.openqa.selenium.support.ui.FluentWait.until(FluentWait.java:249)
	at pageobjects.pages.PageObjectUtils.IsElementVisible(PageObjectUtils.java:28)
	at stepdefs.FloorStepDefs.dragDeviceToFloor(FloorStepDefs.java:62)
	at sun.reflect.NativeMethodAccessorImpl.invoke0(Native Method)
	at sun.reflect.NativeMethodAccessorImpl.invoke(NativeMethodAccessorImpl.java:62)
	at sun.reflect.DelegatingMethodAccessorImpl.invoke(DelegatingMethodAccessorImpl.java:43)
	at java.lang.reflect.Method.invoke(Method.java:498)
	at cucumber.runtime.Utils$1.call(Utils.java:32)
	at cucumber.runtime.Timeout.timeout(Timeout.java:16)
	at cucumber.runtime.Utils.invoke(Utils.java:26)
	at cucumber.runtime.java.JavaStepDefinition.execute(JavaStepDefinition.java:37)
	at cucumber.runtime.StepDefinitionMatch.runStep(StepDefinitionMatch.java:40)
	at cucumber.api.TestStep.executeStep(TestStep.java:102)
	at cucumber.api.TestStep.run(TestStep.java:83)
	at cucumber.api.TestCase.run(TestCase.java:58)
	at cucumber.runner.Runner.runPickle(Runner.java:80)
	at cucumber.runtime.junit.PickleRunners$NoStepDescriptions.run(PickleRunners.java:140)
	at cucumber.runtime.junit.FeatureRunner.runChild(FeatureRunner.java:68)
	at cucumber.runtime.junit.FeatureRunner.runChild(FeatureRunner.java:23)
	at org.junit.runners.ParentRunner$4.run(ParentRunner.java:330)
	at org.junit.runners.ParentRunner$1.schedule(ParentRunner.java:78)
	at org.junit.runners.ParentRunner.runChildren(ParentRunner.java:328)
	at org.junit.runners.ParentRunner.access$100(ParentRunner.java:65)
	at org.junit.runners.ParentRunner$2.evaluate(ParentRunner.java:292)
	at org.junit.runners.ParentRunner$3.evaluate(ParentRunner.java:305)
	at org.junit.runners.ParentRunner.run(ParentRunner.java:412)
	at cucumber.runtime.junit.FeatureRunner.run(FeatureRunner.java:73)
	at cucumber.api.junit.Cucumber.runChild(Cucumber.java:117)
	at cucumber.api.junit.Cucumber.runChild(Cucumber.java:55)
	at org.junit.runners.ParentRunner$4.run(ParentRunner.java:330)
	at org.junit.runners.ParentRunner$1.schedule(ParentRunner.java:78)
	at org.junit.runners.ParentRunner.runChildren(ParentRunner.java:328)
	at org.junit.runners.ParentRunner.access$100(ParentRunner.java:65)
	at org.junit.runners.ParentRunner$2.evaluate(ParentRunner.java:292)
	at cucumber.api.junit.Cucumber$1.evaluate(Cucumber.java:126)
	at org.junit.internal.runners.statements.RunAfters.evaluate(RunAfters.java:27)
	at org.junit.runners.ParentRunner$3.evaluate(ParentRunner.java:305)
	at org.junit.runners.ParentRunner.run(ParentRunner.java:412)
	at org.apache.maven.surefire.junit4.JUnit4Provider.execute(JUnit4Provider.java:365)
	at org.apache.maven.surefire.junit4.JUnit4Provider.executeWithRerun(JUnit4Provider.java:273)
	at org.apache.maven.surefire.junit4.JUnit4Provider.executeTestSet(JUnit4Provider.java:238)
	at org.apache.maven.surefire.junit4.JUnit4Provider.invoke(JUnit4Provider.java:159)
	at org.apache.maven.surefire.booter.ForkedBooter.invokeProviderInSameClassLoader(ForkedBooter.java:383)
	at org.apache.maven.surefire.booter.ForkedBooter.runSuitesInProcess(ForkedBooter.java:344)
	at org.apache.maven.surefire.booter.ForkedBooter.execute(ForkedBooter.java:125)
	at org.apache.maven.surefire.booter.ForkedBooter.main(ForkedBooter.java:417)
&amp#27;[0m
    &amp#27;[36mAnd &amp#27;[0m&amp#27;[36muser drag and drop point to device&amp#27;[0m     &amp#27;[90m# FloorStepDefs.dragPointToDevice()&amp#27;[0m
    &amp#27;[36mAnd &amp#27;[0m&amp#27;[36mUser save the changes at Floor&amp#27;[0m         &amp#27;[90m# FloorStepDefs.saveChanges()&amp#27;[0m
    &amp#27;[36mThen &amp#27;[0m&amp#27;[36mCheck if device appears at floor plan&amp#27;[0m &amp#27;[90m# FloorStepDefs.checkDeviceAppearsAtFloor()&amp#27;[0m
]]></system-out>

      </testcase>

      <testcase classname="Floor Tests" name="Hide Zones and Names at Floor" time="8.649" />

      <testcase classname="Floor Tests" name="Reset Floor to Default" time="25.773">
          <error message="Expected condition failed: waiting for visibility of element located by By.xpath: //*[text()[contains(.,&apos;Reset&apos;)]] (tried for 15 second(s) with 500 milliseconds interval)" type="org.openqa.selenium.TimeoutException">org.openqa.selenium.TimeoutException: Expected condition failed: waiting for visibility of element located by By.xpath: //*[text()[contains(.,&apos;Reset&apos;)]] (tried for 15 second(s) with 500 milliseconds interval)
Caused by: org.openqa.selenium.NoSuchElementException: 
no such element: Unable to locate element: {&quot;method&quot;:&quot;xpath&quot;,&quot;selector&quot;:&quot;//*[text()[contains(.,&apos;Reset&apos;)]]&quot;}
  (Session info: headless chrome=76.0.3809.132)
For documentation on this error, please visit: https://www.seleniumhq.org/exceptions/no_such_element.html
Build info: version: &apos;3.141.59&apos;, revision: &apos;e82be7d358&apos;, time: &apos;2018-11-14T08:17:03&apos;
System info: host: &apos;DESKTOP-E0L3QD7&apos;, ip: &apos;192.168.1.124&apos;, os.name: &apos;Windows 10&apos;, os.arch: &apos;amd64&apos;, os.version: &apos;10.0&apos;, java.version: &apos;1.8.0_191&apos;
Driver info: org.openqa.selenium.chrome.ChromeDriver
Capabilities {acceptInsecureCerts: false, browserName: chrome, browserVersion: 76.0.3809.132, chrome: {chromedriverVersion: 75.0.3770.90 (a6dcaf7e3ec6f..., userDataDir: C:\Users\sopja\AppData\Loca...}, goog:chromeOptions: {debuggerAddress: localhost:52343}, javascriptEnabled: true, networkConnectionEnabled: false, pageLoadStrategy: normal, platform: XP, platformName: XP, proxy: Proxy(), setWindowRect: true, strictFileInteractability: false, timeouts: {implicit: 0, pageLoad: 300000, script: 30000}, unhandledPromptBehavior: dismiss and notify}
Session ID: df891a332dcfb96cc559a42801d7cc25
*** Element info: {Using=xpath, value=//*[text()[contains(.,&apos;Reset&apos;)]]}
</error>

          <system-out><![CDATA[
  Background: Steps That execute before every scenario  &amp#27;[90m# src/test/resource/FloorDetails.feature:4&amp#27;[0m
    &amp#27;[32mGiven &amp#27;[0m&amp#27;[32mOpen KodeLabs Page&amp#27;[0m                            &amp#27;[90m# WebsiteStepDefs.thePreconditionForTheTestGoesToWebsiteOrLogsIn()&amp#27;[0m
    &amp#27;[32mThen &amp#27;[0m&amp#27;[32mCheck if user is logged in&amp#27;[0m                     &amp#27;[90m# WebsiteStepDefs.checkIfUserIsLoggedIn()&amp#27;[0m
    &amp#27;[32mAnd &amp#27;[0m&amp#27;[32mUser click twice on &amp#27;[0m&amp#27;[32m&amp#27;[1mAutomation Testing&amp#27;[0m&amp#27;[32m building&amp#27;[0m &amp#27;[90m# SitesStepDefs.openBuilding(String)&amp#27;[0m
    &amp#27;[32mThen &amp#27;[0m&amp#27;[32mCheck if &amp#27;[0m&amp#27;[32m&amp#27;[1mAutomation Testing&amp#27;[0m&amp#27;[32m Dashboard appears&amp#27;[0m  &amp#27;[90m# SitesStepDefs.checkDashboard(String)&amp#27;[0m
    &amp#27;[32mWhen &amp#27;[0m&amp#27;[32mClicks &amp#27;[0m&amp#27;[32m&amp#27;[1mBasement&amp#27;[0m&amp#27;[32m from the list&amp#27;[0m                  &amp#27;[90m# DashboardStepDefs.clickBuildingFromList(String)&amp#27;[0m
    &amp#27;[32mThen &amp#27;[0m&amp#27;[32mCheck if &amp#27;[0m&amp#27;[32m&amp#27;[1mBasement&amp#27;[0m&amp#27;[32m page is opened&amp#27;[0m               &amp#27;[90m# DashboardStepDefs.checkBuildingPageAppears(String)&amp#27;[0m

  @SmokeTest @FloorPlan
  Scenario: Reset Floor to Default            &amp#27;[90m# src/test/resource/FloorDetails.feature:34&amp#27;[0m
    &amp#27;[32mWhen &amp#27;[0m&amp#27;[32mUser go to edit page&amp#27;[0m                 &amp#27;[90m# FloorStepDefs.goToEditPage()&amp#27;[0m
    &amp#27;[31mAnd &amp#27;[0m&amp#27;[31muser Click reset floor to default&amp#27;[0m     &amp#27;[90m# FloorStepDefs.resetFloor()&amp#27;[0m
      &amp#27;[31morg.openqa.selenium.TimeoutException: Expected condition failed: waiting for visibility of element located by By.xpath: //*[text()[contains(.,'Reset')]] (tried for 15 second(s) with 500 milliseconds interval)
	at org.openqa.selenium.support.ui.WebDriverWait.timeoutException(WebDriverWait.java:95)
	at org.openqa.selenium.support.ui.FluentWait.until(FluentWait.java:272)
	at pageobjects.pages.PageObjectUtils.IsElementVisible(PageObjectUtils.java:28)
	at stepdefs.FloorStepDefs.resetFloor(FloorStepDefs.java:119)
	at ?.user Click reset floor to default(src/test/resource/FloorDetails.feature:36)
Caused by: org.openqa.selenium.NoSuchElementException: no such element: Unable to locate element: {"method":"xpath","selector":"//*[text()[contains(.,'Reset')]]"}
  (Session info: headless chrome=76.0.3809.132)
For documentation on this error, please visit: https://www.seleniumhq.org/exceptions/no_such_element.html
Build info: version: '3.141.59', revision: 'e82be7d358', time: '2018-11-14T08:17:03'
System info: host: 'DESKTOP-E0L3QD7', ip: '192.168.1.124', os.name: 'Windows 10', os.arch: 'amd64', os.version: '10.0', java.version: '1.8.0_191'
Driver info: org.openqa.selenium.chrome.ChromeDriver
Capabilities {acceptInsecureCerts: false, browserName: chrome, browserVersion: 76.0.3809.132, chrome: {chromedriverVersion: 75.0.3770.90 (a6dcaf7e3ec6f..., userDataDir: C:\Users\sopja\AppData\Loca...}, goog:chromeOptions: {debuggerAddress: localhost:52343}, javascriptEnabled: true, networkConnectionEnabled: false, pageLoadStrategy: normal, platform: XP, platformName: XP, proxy: Proxy(), setWindowRect: true, strictFileInteractability: false, timeouts: {implicit: 0, pageLoad: 300000, script: 30000}, unhandledPromptBehavior: dismiss and notify}
Session ID: df891a332dcfb96cc559a42801d7cc25
*** Element info: {Using=xpath, value=//*[text()[contains(.,'Reset')]]}
	at sun.reflect.GeneratedConstructorAccessor14.newInstance(Unknown Source)
	at sun.reflect.DelegatingConstructorAccessorImpl.newInstance(DelegatingConstructorAccessorImpl.java:45)
	at java.lang.reflect.Constructor.newInstance(Constructor.java:423)
	at org.openqa.selenium.remote.http.W3CHttpResponseCodec.createException(W3CHttpResponseCodec.java:187)
	at org.openqa.selenium.remote.http.W3CHttpResponseCodec.decode(W3CHttpResponseCodec.java:122)
	at org.openqa.selenium.remote.http.W3CHttpResponseCodec.decode(W3CHttpResponseCodec.java:49)
	at org.openqa.selenium.remote.HttpCommandExecutor.execute(HttpCommandExecutor.java:158)
	at org.openqa.selenium.remote.service.DriverCommandExecutor.execute(DriverCommandExecutor.java:83)
	at org.openqa.selenium.remote.RemoteWebDriver.execute(RemoteWebDriver.java:552)
	at org.openqa.selenium.remote.RemoteWebDriver.findElement(RemoteWebDriver.java:323)
	at org.openqa.selenium.remote.RemoteWebDriver.findElementByXPath(RemoteWebDriver.java:428)
	at org.openqa.selenium.By$ByXPath.findElement(By.java:353)
	at org.openqa.selenium.remote.RemoteWebDriver.findElement(RemoteWebDriver.java:315)
	at org.openqa.selenium.support.ui.ExpectedConditions$7.apply(ExpectedConditions.java:205)
	at org.openqa.selenium.support.ui.ExpectedConditions$7.apply(ExpectedConditions.java:201)
	at org.openqa.selenium.support.ui.FluentWait.until(FluentWait.java:249)
	at pageobjects.pages.PageObjectUtils.IsElementVisible(PageObjectUtils.java:28)
	at stepdefs.FloorStepDefs.resetFloor(FloorStepDefs.java:119)
	at sun.reflect.NativeMethodAccessorImpl.invoke0(Native Method)
	at sun.reflect.NativeMethodAccessorImpl.invoke(NativeMethodAccessorImpl.java:62)
	at sun.reflect.DelegatingMethodAccessorImpl.invoke(DelegatingMethodAccessorImpl.java:43)
	at java.lang.reflect.Method.invoke(Method.java:498)
	at cucumber.runtime.Utils$1.call(Utils.java:32)
	at cucumber.runtime.Timeout.timeout(Timeout.java:16)
	at cucumber.runtime.Utils.invoke(Utils.java:26)
	at cucumber.runtime.java.JavaStepDefinition.execute(JavaStepDefinition.java:37)
	at cucumber.runtime.StepDefinitionMatch.runStep(StepDefinitionMatch.java:40)
	at cucumber.api.TestStep.executeStep(TestStep.java:102)
	at cucumber.api.TestStep.run(TestStep.java:83)
	at cucumber.api.TestCase.run(TestCase.java:58)
	at cucumber.runner.Runner.runPickle(Runner.java:80)
	at cucumber.runtime.junit.PickleRunners$NoStepDescriptions.run(PickleRunners.java:140)
	at cucumber.runtime.junit.FeatureRunner.runChild(FeatureRunner.java:68)
	at cucumber.runtime.junit.FeatureRunner.runChild(FeatureRunner.java:23)
	at org.junit.runners.ParentRunner$4.run(ParentRunner.java:330)
	at org.junit.runners.ParentRunner$1.schedule(ParentRunner.java:78)
	at org.junit.runners.ParentRunner.runChildren(ParentRunner.java:328)
	at org.junit.runners.ParentRunner.access$100(ParentRunner.java:65)
	at org.junit.runners.ParentRunner$2.evaluate(ParentRunner.java:292)
	at org.junit.runners.ParentRunner$3.evaluate(ParentRunner.java:305)
	at org.junit.runners.ParentRunner.run(ParentRunner.java:412)
	at cucumber.runtime.junit.FeatureRunner.run(FeatureRunner.java:73)
	at cucumber.api.junit.Cucumber.runChild(Cucumber.java:117)
	at cucumber.api.junit.Cucumber.runChild(Cucumber.java:55)
	at org.junit.runners.ParentRunner$4.run(ParentRunner.java:330)
	at org.junit.runners.ParentRunner$1.schedule(ParentRunner.java:78)
	at org.junit.runners.ParentRunner.runChildren(ParentRunner.java:328)
	at org.junit.runners.ParentRunner.access$100(ParentRunner.java:65)
	at org.junit.runners.ParentRunner$2.evaluate(ParentRunner.java:292)
	at cucumber.api.junit.Cucumber$1.evaluate(Cucumber.java:126)
	at org.junit.internal.runners.statements.RunAfters.evaluate(RunAfters.java:27)
	at org.junit.runners.ParentRunner$3.evaluate(ParentRunner.java:305)
	at org.junit.runners.ParentRunner.run(ParentRunner.java:412)
	at org.apache.maven.surefire.junit4.JUnit4Provider.execute(JUnit4Provider.java:365)
	at org.apache.maven.surefire.junit4.JUnit4Provider.executeWithRerun(JUnit4Provider.java:273)
	at org.apache.maven.surefire.junit4.JUnit4Provider.executeTestSet(JUnit4Provider.java:238)
	at org.apache.maven.surefire.junit4.JUnit4Provider.invoke(JUnit4Provider.java:159)
	at org.apache.maven.surefire.booter.ForkedBooter.invokeProviderInSameClassLoader(ForkedBooter.java:383)
	at org.apache.maven.surefire.booter.ForkedBooter.runSuitesInProcess(ForkedBooter.java:344)
	at org.apache.maven.surefire.booter.ForkedBooter.execute(ForkedBooter.java:125)
	at org.apache.maven.surefire.booter.ForkedBooter.main(ForkedBooter.java:417)
&amp#27;[0m
    &amp#27;[36mAnd &amp#27;[0m&amp#27;[36mUser save the changes at Floor&amp#27;[0m        &amp#27;[90m# FloorStepDefs.saveChanges()&amp#27;[0m
    &amp#27;[36mThen &amp#27;[0m&amp#27;[36mCheck if Floor is reseted to default&amp#27;[0m &amp#27;[90m# FloorStepDefs.checkFloorIsReset()&amp#27;[0m
]]></system-out>

      </testcase>

      <testcase classname="Points Tests" name="Connect Points from Edit Points page" time="24.445" />

      <testcase classname="Points Tests" name="Write Point on Device details" time="30.237">
          <error message="Expected condition failed: waiting for visibility of element located by By.xpath: //div[@class=&apos;selection-control&apos; and text()[contains(.,&apos;Active&apos;)]] (tried for 15 second(s) with 500 milliseconds interval)" type="org.openqa.selenium.TimeoutException">org.openqa.selenium.TimeoutException: Expected condition failed: waiting for visibility of element located by By.xpath: //div[@class=&apos;selection-control&apos; and text()[contains(.,&apos;Active&apos;)]] (tried for 15 second(s) with 500 milliseconds interval)
Caused by: org.openqa.selenium.NoSuchElementException: 
no such element: Unable to locate element: {&quot;method&quot;:&quot;xpath&quot;,&quot;selector&quot;:&quot;//div[@class=&apos;selection-control&apos; and text()[contains(.,&apos;Active&apos;)]]&quot;}
  (Session info: headless chrome=76.0.3809.132)
For documentation on this error, please visit: https://www.seleniumhq.org/exceptions/no_such_element.html
Build info: version: &apos;3.141.59&apos;, revision: &apos;e82be7d358&apos;, time: &apos;2018-11-14T08:17:03&apos;
System info: host: &apos;DESKTOP-E0L3QD7&apos;, ip: &apos;192.168.1.124&apos;, os.name: &apos;Windows 10&apos;, os.arch: &apos;amd64&apos;, os.version: &apos;10.0&apos;, java.version: &apos;1.8.0_191&apos;
Driver info: org.openqa.selenium.chrome.ChromeDriver
Capabilities {acceptInsecureCerts: false, browserName: chrome, browserVersion: 76.0.3809.132, chrome: {chromedriverVersion: 75.0.3770.90 (a6dcaf7e3ec6f..., userDataDir: C:\Users\sopja\AppData\Loca...}, goog:chromeOptions: {debuggerAddress: localhost:52343}, javascriptEnabled: true, networkConnectionEnabled: false, pageLoadStrategy: normal, platform: XP, platformName: XP, proxy: Proxy(), setWindowRect: true, strictFileInteractability: false, timeouts: {implicit: 0, pageLoad: 300000, script: 30000}, unhandledPromptBehavior: dismiss and notify}
Session ID: df891a332dcfb96cc559a42801d7cc25
*** Element info: {Using=xpath, value=//div[@class=&apos;selection-control&apos; and text()[contains(.,&apos;Active&apos;)]]}
</error>

          <system-out><![CDATA[
  Background: Steps That execute before every scenario  &amp#27;[90m# src/test/resource/PointsDetails.feature:4&amp#27;[0m
    &amp#27;[32mGiven &amp#27;[0m&amp#27;[32mOpen KodeLabs Page&amp#27;[0m                            &amp#27;[90m# WebsiteStepDefs.thePreconditionForTheTestGoesToWebsiteOrLogsIn()&amp#27;[0m
    &amp#27;[32mThen &amp#27;[0m&amp#27;[32mCheck if user is logged in&amp#27;[0m                     &amp#27;[90m# WebsiteStepDefs.checkIfUserIsLoggedIn()&amp#27;[0m
    &amp#27;[32mAnd &amp#27;[0m&amp#27;[32mUser click twice on &amp#27;[0m&amp#27;[32m&amp#27;[1mAutomation Testing&amp#27;[0m&amp#27;[32m building&amp#27;[0m &amp#27;[90m# SitesStepDefs.openBuilding(String)&amp#27;[0m
    &amp#27;[32mThen &amp#27;[0m&amp#27;[32mCheck if &amp#27;[0m&amp#27;[32m&amp#27;[1mAutomation Testing&amp#27;[0m&amp#27;[32m Dashboard appears&amp#27;[0m  &amp#27;[90m# SitesStepDefs.checkDashboard(String)&amp#27;[0m

  @SmokeTest @Points
  Scenario: Write Point on Device details           &amp#27;[90m# src/test/resource/PointsDetails.feature:26&amp#27;[0m
    &amp#27;[32mAnd &amp#27;[0m&amp#27;[32mUser Click on Devices button&amp#27;[0m                &amp#27;[90m# DashboardStepDefs.clickSystems()&amp#27;[0m
    &amp#27;[32mThen &amp#27;[0m&amp#27;[32mCheck if the list of &amp#27;[0m&amp#27;[32m&amp#27;[1mDevices&amp#27;[0m&amp#27;[32m appears&amp#27;[0m       &amp#27;[90m# DashboardStepDefs.checkIfListOfPointsAppears(String)&amp#27;[0m
    &amp#27;[32mWhen &amp#27;[0m&amp#27;[32mUser is Searching for &amp#27;[0m&amp#27;[32m&amp#27;[1mBR126&amp#27;[0m                &amp#27;[90m# DeviceStepDefs.searchField(String)&amp#27;[0m
    &amp#27;[32mThen &amp#27;[0m&amp#27;[32mCheck if &amp#27;[0m&amp#27;[32m&amp#27;[1mBR126&amp#27;[0m&amp#27;[32m Device appears on list&amp#27;[0m      &amp#27;[90m# DeviceStepDefs.checkDeviceAppearsOnList(String)&amp#27;[0m
    &amp#27;[32mAnd &amp#27;[0m&amp#27;[32mUser click open &amp#27;[0m&amp#27;[32m&amp#27;[1mBR126&amp#27;[0m&amp#27;[32m Device Page&amp#27;[0m           &amp#27;[90m# DeviceStepDefs.openDevicePage(String)&amp#27;[0m
    &amp#27;[32mAnd &amp#27;[0m&amp#27;[32mUser click &amp#27;[0m&amp#27;[32m&amp#27;[1mBO1&amp#27;[0m&amp#27;[32m point write button&amp#27;[0m           &amp#27;[90m# PointsStepDefs.clickWritePoint(String)&amp#27;[0m
    &amp#27;[31mAnd &amp#27;[0m&amp#27;[31mUser turn on point and click save&amp#27;[0m           &amp#27;[90m# PointsStepDefs.turnOnPoint()&amp#27;[0m
      &amp#27;[31morg.openqa.selenium.TimeoutException: Expected condition failed: waiting for visibility of element located by By.xpath: //div[@class='selection-control' and text()[contains(.,'Active')]] (tried for 15 second(s) with 500 milliseconds interval)
	at org.openqa.selenium.support.ui.WebDriverWait.timeoutException(WebDriverWait.java:95)
	at org.openqa.selenium.support.ui.FluentWait.until(FluentWait.java:272)
	at pageobjects.pages.PageObjectUtils.IsElementVisible(PageObjectUtils.java:28)
	at stepdefs.PointsStepDefs.turnOnPoint(PointsStepDefs.java:109)
	at ?.User turn on point and click save(src/test/resource/PointsDetails.feature:34)
Caused by: org.openqa.selenium.NoSuchElementException: no such element: Unable to locate element: {"method":"xpath","selector":"//div[@class='selection-control' and text()[contains(.,'Active')]]"}
  (Session info: headless chrome=76.0.3809.132)
For documentation on this error, please visit: https://www.seleniumhq.org/exceptions/no_such_element.html
Build info: version: '3.141.59', revision: 'e82be7d358', time: '2018-11-14T08:17:03'
System info: host: 'DESKTOP-E0L3QD7', ip: '192.168.1.124', os.name: 'Windows 10', os.arch: 'amd64', os.version: '10.0', java.version: '1.8.0_191'
Driver info: org.openqa.selenium.chrome.ChromeDriver
Capabilities {acceptInsecureCerts: false, browserName: chrome, browserVersion: 76.0.3809.132, chrome: {chromedriverVersion: 75.0.3770.90 (a6dcaf7e3ec6f..., userDataDir: C:\Users\sopja\AppData\Loca...}, goog:chromeOptions: {debuggerAddress: localhost:52343}, javascriptEnabled: true, networkConnectionEnabled: false, pageLoadStrategy: normal, platform: XP, platformName: XP, proxy: Proxy(), setWindowRect: true, strictFileInteractability: false, timeouts: {implicit: 0, pageLoad: 300000, script: 30000}, unhandledPromptBehavior: dismiss and notify}
Session ID: df891a332dcfb96cc559a42801d7cc25
*** Element info: {Using=xpath, value=//div[@class='selection-control' and text()[contains(.,'Active')]]}
	at sun.reflect.GeneratedConstructorAccessor14.newInstance(Unknown Source)
	at sun.reflect.DelegatingConstructorAccessorImpl.newInstance(DelegatingConstructorAccessorImpl.java:45)
	at java.lang.reflect.Constructor.newInstance(Constructor.java:423)
	at org.openqa.selenium.remote.http.W3CHttpResponseCodec.createException(W3CHttpResponseCodec.java:187)
	at org.openqa.selenium.remote.http.W3CHttpResponseCodec.decode(W3CHttpResponseCodec.java:122)
	at org.openqa.selenium.remote.http.W3CHttpResponseCodec.decode(W3CHttpResponseCodec.java:49)
	at org.openqa.selenium.remote.HttpCommandExecutor.execute(HttpCommandExecutor.java:158)
	at org.openqa.selenium.remote.service.DriverCommandExecutor.execute(DriverCommandExecutor.java:83)
	at org.openqa.selenium.remote.RemoteWebDriver.execute(RemoteWebDriver.java:552)
	at org.openqa.selenium.remote.RemoteWebDriver.findElement(RemoteWebDriver.java:323)
	at org.openqa.selenium.remote.RemoteWebDriver.findElementByXPath(RemoteWebDriver.java:428)
	at org.openqa.selenium.By$ByXPath.findElement(By.java:353)
	at org.openqa.selenium.remote.RemoteWebDriver.findElement(RemoteWebDriver.java:315)
	at org.openqa.selenium.support.ui.ExpectedConditions$7.apply(ExpectedConditions.java:205)
	at org.openqa.selenium.support.ui.ExpectedConditions$7.apply(ExpectedConditions.java:201)
	at org.openqa.selenium.support.ui.FluentWait.until(FluentWait.java:249)
	at pageobjects.pages.PageObjectUtils.IsElementVisible(PageObjectUtils.java:28)
	at stepdefs.PointsStepDefs.turnOnPoint(PointsStepDefs.java:109)
	at sun.reflect.NativeMethodAccessorImpl.invoke0(Native Method)
	at sun.reflect.NativeMethodAccessorImpl.invoke(NativeMethodAccessorImpl.java:62)
	at sun.reflect.DelegatingMethodAccessorImpl.invoke(DelegatingMethodAccessorImpl.java:43)
	at java.lang.reflect.Method.invoke(Method.java:498)
	at cucumber.runtime.Utils$1.call(Utils.java:32)
	at cucumber.runtime.Timeout.timeout(Timeout.java:16)
	at cucumber.runtime.Utils.invoke(Utils.java:26)
	at cucumber.runtime.java.JavaStepDefinition.execute(JavaStepDefinition.java:37)
	at cucumber.runtime.StepDefinitionMatch.runStep(StepDefinitionMatch.java:40)
	at cucumber.api.TestStep.executeStep(TestStep.java:102)
	at cucumber.api.TestStep.run(TestStep.java:83)
	at cucumber.api.TestCase.run(TestCase.java:58)
	at cucumber.runner.Runner.runPickle(Runner.java:80)
	at cucumber.runtime.junit.PickleRunners$NoStepDescriptions.run(PickleRunners.java:140)
	at cucumber.runtime.junit.FeatureRunner.runChild(FeatureRunner.java:68)
	at cucumber.runtime.junit.FeatureRunner.runChild(FeatureRunner.java:23)
	at org.junit.runners.ParentRunner$4.run(ParentRunner.java:330)
	at org.junit.runners.ParentRunner$1.schedule(ParentRunner.java:78)
	at org.junit.runners.ParentRunner.runChildren(ParentRunner.java:328)
	at org.junit.runners.ParentRunner.access$100(ParentRunner.java:65)
	at org.junit.runners.ParentRunner$2.evaluate(ParentRunner.java:292)
	at org.junit.runners.ParentRunner$3.evaluate(ParentRunner.java:305)
	at org.junit.runners.ParentRunner.run(ParentRunner.java:412)
	at cucumber.runtime.junit.FeatureRunner.run(FeatureRunner.java:73)
	at cucumber.api.junit.Cucumber.runChild(Cucumber.java:117)
	at cucumber.api.junit.Cucumber.runChild(Cucumber.java:55)
	at org.junit.runners.ParentRunner$4.run(ParentRunner.java:330)
	at org.junit.runners.ParentRunner$1.schedule(ParentRunner.java:78)
	at org.junit.runners.ParentRunner.runChildren(ParentRunner.java:328)
	at org.junit.runners.ParentRunner.access$100(ParentRunner.java:65)
	at org.junit.runners.ParentRunner$2.evaluate(ParentRunner.java:292)
	at cucumber.api.junit.Cucumber$1.evaluate(Cucumber.java:126)
	at org.junit.internal.runners.statements.RunAfters.evaluate(RunAfters.java:27)
	at org.junit.runners.ParentRunner$3.evaluate(ParentRunner.java:305)
	at org.junit.runners.ParentRunner.run(ParentRunner.java:412)
	at org.apache.maven.surefire.junit4.JUnit4Provider.execute(JUnit4Provider.java:365)
	at org.apache.maven.surefire.junit4.JUnit4Provider.executeWithRerun(JUnit4Provider.java:273)
	at org.apache.maven.surefire.junit4.JUnit4Provider.executeTestSet(JUnit4Provider.java:238)
	at org.apache.maven.surefire.junit4.JUnit4Provider.invoke(JUnit4Provider.java:159)
	at org.apache.maven.surefire.booter.ForkedBooter.invokeProviderInSameClassLoader(ForkedBooter.java:383)
	at org.apache.maven.surefire.booter.ForkedBooter.runSuitesInProcess(ForkedBooter.java:344)
	at org.apache.maven.surefire.booter.ForkedBooter.execute(ForkedBooter.java:125)
	at org.apache.maven.surefire.booter.ForkedBooter.main(ForkedBooter.java:417)
&amp#27;[0m
    &amp#27;[36mThen &amp#27;[0m&amp#27;[36mCheck if write point is saved successfully&amp#27;[0m &amp#27;[90m# PointsStepDefs.checkPointIsUpdated()&amp#27;[0m
    &amp#27;[36mAnd &amp#27;[0m&amp#27;[36mUser click &amp#27;[0m&amp#27;[36m&amp#27;[1mBO1&amp#27;[0m&amp#27;[36m point write button&amp#27;[0m           &amp#27;[90m# PointsStepDefs.clickWritePoint(String)&amp#27;[0m
    &amp#27;[36mAnd &amp#27;[0m&amp#27;[36mUser turn off point and click save&amp#27;[0m          &amp#27;[90m# PointsStepDefs.turnOffPoint()&amp#27;[0m
    &amp#27;[36mThen &amp#27;[0m&amp#27;[36mCheck if write point is saved successfully&amp#27;[0m &amp#27;[90m# PointsStepDefs.checkPointIsUpdated()&amp#27;[0m
]]></system-out>

      </testcase>

      <testcase classname="Points Tests" name="Edit Point Using Point batch Update" time="28.92" />

      <testcase classname="Points Tests" name="Edit Point at Device Details page" time="27.212" />

      <testcase classname="Points Tests" name="Open Point detail pop-up" time="14.363" />

      <testcase classname="User Roles Tests" name="Login as Super Admin" time="10.782" />

      <testcase classname="User Roles Tests" name="Login as System Admin" time="7.23" />

      <testcase classname="User Roles Tests" name="Login as User Admin" time="7.02" />

      <testcase classname="User Roles Tests" name="Login as User Admin can&apos;t add Units" time="8.298" />

      <testcase classname="User Roles Tests" name="Login as System Admin can&apos;t add Units" time="8.247" />

      <testcase classname="User Roles Tests" name="Login as User Admin can&apos;t add Tags" time="8.229" />

      <testcase classname="User Roles Tests" name="Login as System Admin can&apos;t add Tags" time="7.642" />

      <testcase classname="User Roles Tests" name="Login as User Admin can&apos;t see unassigned buildings" time="6.473" />

      <testcase classname="User Roles Tests" name="Login as User Only can&apos;t see unassigned buildings" time="6.364" />

      <testcase classname="User Roles Tests" name="Login as ViewOnly User can&apos;t see unassigned buildings" time="6.506" />

      <testcase classname="User Roles Tests" name="Login as User Admin can&apos;t edit building dashboard" time="8.512" />

      <testcase classname="User Roles Tests" name="Login as User Only can&apos;t edit building dashboard" time="8.565" />

      <testcase classname="User Roles Tests" name="Login as ViewOnly User can&apos;t edit building dashboard" time="8.701" />

      <testcase classname="User Roles Tests" name="Login as User Admin can&apos;t see Templates on Admin Panel" time="7.004" />

      <testcase classname="User Roles Tests" name="Login as System Admin can&apos;t see Templates on Admin Panel" time="7.043" />

      <testcase classname="User Roles Tests" name="Login as User" time="6.919" />

      <testcase classname="User Roles Tests" name="Login as User can&apos;t see Admin Panel" time="6.484" />

      <testcase classname="User Roles Tests" name="Login as ViewOnly" time="6.909" />

      <testcase classname="User Roles Tests" name="Login as ViewOnly can&apos;t see Admin Panel" time="6.461" />

      <testcase classname="Schedulers Tests" name="Discover Schedulers" time="11.058" />

      <testcase classname="Schedulers Tests" name="Add Time-Period on Scheduler" time="14.395">
          <error message="element click intercepted: Element &lt;a _ngcontent-jwf-c15=&quot;&quot; class=&quot;calendar-button&quot; href=&quot;/real-estate/schedulers/5c1cbd2c7fb20f5d9b7f637f/calendar&quot;&gt;...&lt;/a&gt; is not clickable at point (1777, 97). Other element would receive the click: &lt;div class=&quot;cdk-overlay-backdrop cdk-overlay-dark-backdrop cdk-overlay-backdrop-showing&quot;&gt;&lt;/div&gt;
  (Session info: headless chrome=76.0.3809.132)
Build info: version: &apos;3.141.59&apos;, revision: &apos;e82be7d358&apos;, time: &apos;2018-11-14T08:17:03&apos;
System info: host: &apos;DESKTOP-E0L3QD7&apos;, ip: &apos;192.168.1.124&apos;, os.name: &apos;Windows 10&apos;, os.arch: &apos;amd64&apos;, os.version: &apos;10.0&apos;, java.version: &apos;1.8.0_191&apos;
Driver info: org.openqa.selenium.chrome.ChromeDriver
Capabilities {acceptInsecureCerts: false, browserName: chrome, browserVersion: 76.0.3809.132, chrome: {chromedriverVersion: 75.0.3770.90 (a6dcaf7e3ec6f..., userDataDir: C:\Users\sopja\AppData\Loca...}, goog:chromeOptions: {debuggerAddress: localhost:52343}, javascriptEnabled: true, networkConnectionEnabled: false, pageLoadStrategy: normal, platform: XP, platformName: XP, proxy: Proxy(), setWindowRect: true, strictFileInteractability: false, timeouts: {implicit: 0, pageLoad: 300000, script: 30000}, unhandledPromptBehavior: dismiss and notify}
Session ID: df891a332dcfb96cc559a42801d7cc25" type="org.openqa.selenium.ElementClickInterceptedException"><![CDATA[org.openqa.selenium.ElementClickInterceptedException: 
element click intercepted: Element <a _ngcontent-jwf-c15="" class="calendar-button" href="/real-estate/schedulers/5c1cbd2c7fb20f5d9b7f637f/calendar">...</a> is not clickable at point (1777, 97). Other element would receive the click: <div class="cdk-overlay-backdrop cdk-overlay-dark-backdrop cdk-overlay-backdrop-showing"></div>
  (Session info: headless chrome=76.0.3809.132)
Build info: version: '3.141.59', revision: 'e82be7d358', time: '2018-11-14T08:17:03'
System info: host: 'DESKTOP-E0L3QD7', ip: '192.168.1.124', os.name: 'Windows 10', os.arch: 'amd64', os.version: '10.0', java.version: '1.8.0_191'
Driver info: org.openqa.selenium.chrome.ChromeDriver
Capabilities {acceptInsecureCerts: false, browserName: chrome, browserVersion: 76.0.3809.132, chrome: {chromedriverVersion: 75.0.3770.90 (a6dcaf7e3ec6f..., userDataDir: C:\Users\sopja\AppData\Loca...}, goog:chromeOptions: {debuggerAddress: localhost:52343}, javascriptEnabled: true, networkConnectionEnabled: false, pageLoadStrategy: normal, platform: XP, platformName: XP, proxy: Proxy(), setWindowRect: true, strictFileInteractability: false, timeouts: {implicit: 0, pageLoad: 300000, script: 30000}, unhandledPromptBehavior: dismiss and notify}
Session ID: df891a332dcfb96cc559a42801d7cc25
]]></error>

          <system-out><![CDATA[
  Background: Steps That execute before every scenario &amp#27;[90m# src/test/resource/Schedulers.feature:4&amp#27;[0m
    &amp#27;[32mGiven &amp#27;[0m&amp#27;[32mOpen KodeLabs Page&amp#27;[0m                           &amp#27;[90m# WebsiteStepDefs.thePreconditionForTheTestGoesToWebsiteOrLogsIn()&amp#27;[0m
    &amp#27;[32mThen &amp#27;[0m&amp#27;[32mCheck if user is logged in&amp#27;[0m                    &amp#27;[90m# WebsiteStepDefs.checkIfUserIsLoggedIn()&amp#27;[0m
    &amp#27;[32mAnd &amp#27;[0m&amp#27;[32mUser Click on Schedulers button&amp#27;[0m                &amp#27;[90m# SchedulersStepDefs.clickSchedulers()&amp#27;[0m
    &amp#27;[32mAnd &amp#27;[0m&amp#27;[32mUser select &amp#27;[0m&amp#27;[32m&amp#27;[1mKODE Labs&amp#27;[0m&amp#27;[32m building&amp#27;[0m                 &amp#27;[90m# SchedulersStepDefs.selectBuilding(String)&amp#27;[0m
    &amp#27;[32mThen &amp#27;[0m&amp#27;[32mCheck if Schedulers page appears&amp#27;[0m              &amp#27;[90m# SchedulersStepDefs.checkSchedulerPage()&amp#27;[0m

  @Schedulers @SmokeTest
  Scenario: Add Time-Period on Scheduler                           &amp#27;[90m# src/test/resource/Schedulers.feature:17&amp#27;[0m
    &amp#27;[32mWhen &amp#27;[0m&amp#27;[32mUser click &amp#27;[0m&amp#27;[32m&amp#27;[1mexactlogicschedule&amp#27;[0m&amp#27;[32m from the list&amp#27;[0m               &amp#27;[90m# SchedulersStepDefs.clickScheduler(String)&amp#27;[0m
    &amp#27;[32mAnd &amp#27;[0m&amp#27;[32mUser click add scheduler button&amp#27;[0m                            &amp#27;[90m# SchedulersStepDefs.addScheduler()&amp#27;[0m
    &amp#27;[32mAnd &amp#27;[0m&amp#27;[32mUser change date to &amp#27;[0m&amp#27;[32m&amp#27;[1mSaturday&amp#27;[0m                               &amp#27;[90m# SchedulersStepDefs.changeSchedulerDate(String)&amp#27;[0m
    &amp#27;[32mAnd &amp#27;[0m&amp#27;[32mClose date dropdown&amp#27;[0m                                        &amp#27;[90m# SchedulersStepDefs.closePopup()&amp#27;[0m
    &amp#27;[32mAnd &amp#27;[0m&amp#27;[32mUser click add scheduler in list&amp#27;[0m                           &amp#27;[90m# SchedulersStepDefs.addSchedulerInList()&amp#27;[0m
    &amp#27;[32mAnd &amp#27;[0m&amp#27;[32mUser click save scheduler button&amp#27;[0m                           &amp#27;[90m# SchedulersStepDefs.saveScheduler()&amp#27;[0m
    &amp#27;[31mAnd &amp#27;[0m&amp#27;[31mUser go to calendar&amp#27;[0m                                        &amp#27;[90m# SchedulersStepDefs.goToCalendar()&amp#27;[0m
      &amp#27;[31morg.openqa.selenium.ElementClickInterceptedException: element click intercepted: Element <a _ngcontent-jwf-c15="" class="calendar-button" href="/real-estate/schedulers/5c1cbd2c7fb20f5d9b7f637f/calendar">...</a> is not clickable at point (1777, 97). Other element would receive the click: <div class="cdk-overlay-backdrop cdk-overlay-dark-backdrop cdk-overlay-backdrop-showing"></div>
  (Session info: headless chrome=76.0.3809.132)
Build info: version: '3.141.59', revision: 'e82be7d358', time: '2018-11-14T08:17:03'
System info: host: 'DESKTOP-E0L3QD7', ip: '192.168.1.124', os.name: 'Windows 10', os.arch: 'amd64', os.version: '10.0', java.version: '1.8.0_191'
Driver info: org.openqa.selenium.chrome.ChromeDriver
Capabilities {acceptInsecureCerts: false, browserName: chrome, browserVersion: 76.0.3809.132, chrome: {chromedriverVersion: 75.0.3770.90 (a6dcaf7e3ec6f..., userDataDir: C:\Users\sopja\AppData\Loca...}, goog:chromeOptions: {debuggerAddress: localhost:52343}, javascriptEnabled: true, networkConnectionEnabled: false, pageLoadStrategy: normal, platform: XP, platformName: XP, proxy: Proxy(), setWindowRect: true, strictFileInteractability: false, timeouts: {implicit: 0, pageLoad: 300000, script: 30000}, unhandledPromptBehavior: dismiss and notify}
Session ID: df891a332dcfb96cc559a42801d7cc25
	at sun.reflect.NativeConstructorAccessorImpl.newInstance0(Native Method)
	at sun.reflect.NativeConstructorAccessorImpl.newInstance(NativeConstructorAccessorImpl.java:62)
	at sun.reflect.DelegatingConstructorAccessorImpl.newInstance(DelegatingConstructorAccessorImpl.java:45)
	at java.lang.reflect.Constructor.newInstance(Constructor.java:423)
	at org.openqa.selenium.remote.http.W3CHttpResponseCodec.createException(W3CHttpResponseCodec.java:187)
	at org.openqa.selenium.remote.http.W3CHttpResponseCodec.decode(W3CHttpResponseCodec.java:122)
	at org.openqa.selenium.remote.http.W3CHttpResponseCodec.decode(W3CHttpResponseCodec.java:49)
	at org.openqa.selenium.remote.HttpCommandExecutor.execute(HttpCommandExecutor.java:158)
	at org.openqa.selenium.remote.service.DriverCommandExecutor.execute(DriverCommandExecutor.java:83)
	at org.openqa.selenium.remote.RemoteWebDriver.execute(RemoteWebDriver.java:552)
	at org.openqa.selenium.remote.RemoteWebElement.execute(RemoteWebElement.java:285)
	at org.openqa.selenium.remote.RemoteWebElement.click(RemoteWebElement.java:84)
	at stepdefs.SchedulersStepDefs.goToCalendar(SchedulersStepDefs.java:104)
	at ?.User go to calendar(src/test/resource/Schedulers.feature:24)
&amp#27;[0m
    &amp#27;[36mThen &amp#27;[0m&amp#27;[36mCheck if &amp#27;[0m&amp#27;[36m&amp#27;[1mexactlogicschedule&amp#27;[0m&amp#27;[36m Scheduler appears on calendar&amp#27;[0m &amp#27;[90m# SchedulersStepDefs.checkSchedulerIsAdded(String)&amp#27;[0m
]]></system-out>

      </testcase>

      <testcase classname="Schedulers Tests" name="Delete Time-Period on Scheduler" time="23.244">
          <error message="Expected condition failed: waiting for visibility of element located by By.xpath: //mat-icon[text()[contains(.,&apos;remove_circle&apos;)]] (tried for 15 second(s) with 500 milliseconds interval)" type="org.openqa.selenium.TimeoutException">org.openqa.selenium.TimeoutException: Expected condition failed: waiting for visibility of element located by By.xpath: //mat-icon[text()[contains(.,&apos;remove_circle&apos;)]] (tried for 15 second(s) with 500 milliseconds interval)
Caused by: org.openqa.selenium.NoSuchElementException: 
no such element: Unable to locate element: {&quot;method&quot;:&quot;xpath&quot;,&quot;selector&quot;:&quot;//mat-icon[text()[contains(.,&apos;remove_circle&apos;)]]&quot;}
  (Session info: headless chrome=76.0.3809.132)
For documentation on this error, please visit: https://www.seleniumhq.org/exceptions/no_such_element.html
Build info: version: &apos;3.141.59&apos;, revision: &apos;e82be7d358&apos;, time: &apos;2018-11-14T08:17:03&apos;
System info: host: &apos;DESKTOP-E0L3QD7&apos;, ip: &apos;192.168.1.124&apos;, os.name: &apos;Windows 10&apos;, os.arch: &apos;amd64&apos;, os.version: &apos;10.0&apos;, java.version: &apos;1.8.0_191&apos;
Driver info: org.openqa.selenium.chrome.ChromeDriver
Capabilities {acceptInsecureCerts: false, browserName: chrome, browserVersion: 76.0.3809.132, chrome: {chromedriverVersion: 75.0.3770.90 (a6dcaf7e3ec6f..., userDataDir: C:\Users\sopja\AppData\Loca...}, goog:chromeOptions: {debuggerAddress: localhost:52343}, javascriptEnabled: true, networkConnectionEnabled: false, pageLoadStrategy: normal, platform: XP, platformName: XP, proxy: Proxy(), setWindowRect: true, strictFileInteractability: false, timeouts: {implicit: 0, pageLoad: 300000, script: 30000}, unhandledPromptBehavior: dismiss and notify}
Session ID: df891a332dcfb96cc559a42801d7cc25
*** Element info: {Using=xpath, value=//mat-icon[text()[contains(.,&apos;remove_circle&apos;)]]}
</error>

          <system-out><![CDATA[
  Background: Steps That execute before every scenario &amp#27;[90m# src/test/resource/Schedulers.feature:4&amp#27;[0m
    &amp#27;[32mGiven &amp#27;[0m&amp#27;[32mOpen KodeLabs Page&amp#27;[0m                           &amp#27;[90m# WebsiteStepDefs.thePreconditionForTheTestGoesToWebsiteOrLogsIn()&amp#27;[0m
    &amp#27;[32mThen &amp#27;[0m&amp#27;[32mCheck if user is logged in&amp#27;[0m                    &amp#27;[90m# WebsiteStepDefs.checkIfUserIsLoggedIn()&amp#27;[0m
    &amp#27;[32mAnd &amp#27;[0m&amp#27;[32mUser Click on Schedulers button&amp#27;[0m                &amp#27;[90m# SchedulersStepDefs.clickSchedulers()&amp#27;[0m
    &amp#27;[32mAnd &amp#27;[0m&amp#27;[32mUser select &amp#27;[0m&amp#27;[32m&amp#27;[1mKODE Labs&amp#27;[0m&amp#27;[32m building&amp#27;[0m                 &amp#27;[90m# SchedulersStepDefs.selectBuilding(String)&amp#27;[0m
    &amp#27;[32mThen &amp#27;[0m&amp#27;[32mCheck if Schedulers page appears&amp#27;[0m              &amp#27;[90m# SchedulersStepDefs.checkSchedulerPage()&amp#27;[0m

  @Schedulers @SmokeTest
  Scenario: Delete Time-Period on Scheduler                           &amp#27;[90m# src/test/resource/Schedulers.feature:37&amp#27;[0m
    &amp#27;[32mWhen &amp#27;[0m&amp#27;[32mUser click &amp#27;[0m&amp#27;[32m&amp#27;[1mexactlogicschedule&amp#27;[0m&amp#27;[32m from the list&amp#27;[0m                  &amp#27;[90m# SchedulersStepDefs.clickScheduler(String)&amp#27;[0m
    &amp#27;[31mAnd &amp#27;[0m&amp#27;[31mUser clicks delete scheduler button&amp#27;[0m                           &amp#27;[90m# SchedulersStepDefs.deleteScheduler()&amp#27;[0m
      &amp#27;[31morg.openqa.selenium.TimeoutException: Expected condition failed: waiting for visibility of element located by By.xpath: //mat-icon[text()[contains(.,'remove_circle')]] (tried for 15 second(s) with 500 milliseconds interval)
	at org.openqa.selenium.support.ui.WebDriverWait.timeoutException(WebDriverWait.java:95)
	at org.openqa.selenium.support.ui.FluentWait.until(FluentWait.java:272)
	at pageobjects.pages.PageObjectUtils.IsElementVisible(PageObjectUtils.java:28)
	at stepdefs.SchedulersStepDefs.deleteScheduler(SchedulersStepDefs.java:143)
	at ?.User clicks delete scheduler button(src/test/resource/Schedulers.feature:39)
Caused by: org.openqa.selenium.NoSuchElementException: no such element: Unable to locate element: {"method":"xpath","selector":"//mat-icon[text()[contains(.,'remove_circle')]]"}
  (Session info: headless chrome=76.0.3809.132)
For documentation on this error, please visit: https://www.seleniumhq.org/exceptions/no_such_element.html
Build info: version: '3.141.59', revision: 'e82be7d358', time: '2018-11-14T08:17:03'
System info: host: 'DESKTOP-E0L3QD7', ip: '192.168.1.124', os.name: 'Windows 10', os.arch: 'amd64', os.version: '10.0', java.version: '1.8.0_191'
Driver info: org.openqa.selenium.chrome.ChromeDriver
Capabilities {acceptInsecureCerts: false, browserName: chrome, browserVersion: 76.0.3809.132, chrome: {chromedriverVersion: 75.0.3770.90 (a6dcaf7e3ec6f..., userDataDir: C:\Users\sopja\AppData\Loca...}, goog:chromeOptions: {debuggerAddress: localhost:52343}, javascriptEnabled: true, networkConnectionEnabled: false, pageLoadStrategy: normal, platform: XP, platformName: XP, proxy: Proxy(), setWindowRect: true, strictFileInteractability: false, timeouts: {implicit: 0, pageLoad: 300000, script: 30000}, unhandledPromptBehavior: dismiss and notify}
Session ID: df891a332dcfb96cc559a42801d7cc25
*** Element info: {Using=xpath, value=//mat-icon[text()[contains(.,'remove_circle')]]}
	at sun.reflect.GeneratedConstructorAccessor14.newInstance(Unknown Source)
	at sun.reflect.DelegatingConstructorAccessorImpl.newInstance(DelegatingConstructorAccessorImpl.java:45)
	at java.lang.reflect.Constructor.newInstance(Constructor.java:423)
	at org.openqa.selenium.remote.http.W3CHttpResponseCodec.createException(W3CHttpResponseCodec.java:187)
	at org.openqa.selenium.remote.http.W3CHttpResponseCodec.decode(W3CHttpResponseCodec.java:122)
	at org.openqa.selenium.remote.http.W3CHttpResponseCodec.decode(W3CHttpResponseCodec.java:49)
	at org.openqa.selenium.remote.HttpCommandExecutor.execute(HttpCommandExecutor.java:158)
	at org.openqa.selenium.remote.service.DriverCommandExecutor.execute(DriverCommandExecutor.java:83)
	at org.openqa.selenium.remote.RemoteWebDriver.execute(RemoteWebDriver.java:552)
	at org.openqa.selenium.remote.RemoteWebDriver.findElement(RemoteWebDriver.java:323)
	at org.openqa.selenium.remote.RemoteWebDriver.findElementByXPath(RemoteWebDriver.java:428)
	at org.openqa.selenium.By$ByXPath.findElement(By.java:353)
	at org.openqa.selenium.remote.RemoteWebDriver.findElement(RemoteWebDriver.java:315)
	at org.openqa.selenium.support.ui.ExpectedConditions$7.apply(ExpectedConditions.java:205)
	at org.openqa.selenium.support.ui.ExpectedConditions$7.apply(ExpectedConditions.java:201)
	at org.openqa.selenium.support.ui.FluentWait.until(FluentWait.java:249)
	at pageobjects.pages.PageObjectUtils.IsElementVisible(PageObjectUtils.java:28)
	at stepdefs.SchedulersStepDefs.deleteScheduler(SchedulersStepDefs.java:143)
	at sun.reflect.NativeMethodAccessorImpl.invoke0(Native Method)
	at sun.reflect.NativeMethodAccessorImpl.invoke(NativeMethodAccessorImpl.java:62)
	at sun.reflect.DelegatingMethodAccessorImpl.invoke(DelegatingMethodAccessorImpl.java:43)
	at java.lang.reflect.Method.invoke(Method.java:498)
	at cucumber.runtime.Utils$1.call(Utils.java:32)
	at cucumber.runtime.Timeout.timeout(Timeout.java:16)
	at cucumber.runtime.Utils.invoke(Utils.java:26)
	at cucumber.runtime.java.JavaStepDefinition.execute(JavaStepDefinition.java:37)
	at cucumber.runtime.StepDefinitionMatch.runStep(StepDefinitionMatch.java:40)
	at cucumber.api.TestStep.executeStep(TestStep.java:102)
	at cucumber.api.TestStep.run(TestStep.java:83)
	at cucumber.api.TestCase.run(TestCase.java:58)
	at cucumber.runner.Runner.runPickle(Runner.java:80)
	at cucumber.runtime.junit.PickleRunners$NoStepDescriptions.run(PickleRunners.java:140)
	at cucumber.runtime.junit.FeatureRunner.runChild(FeatureRunner.java:68)
	at cucumber.runtime.junit.FeatureRunner.runChild(FeatureRunner.java:23)
	at org.junit.runners.ParentRunner$4.run(ParentRunner.java:330)
	at org.junit.runners.ParentRunner$1.schedule(ParentRunner.java:78)
	at org.junit.runners.ParentRunner.runChildren(ParentRunner.java:328)
	at org.junit.runners.ParentRunner.access$100(ParentRunner.java:65)
	at org.junit.runners.ParentRunner$2.evaluate(ParentRunner.java:292)
	at org.junit.runners.ParentRunner$3.evaluate(ParentRunner.java:305)
	at org.junit.runners.ParentRunner.run(ParentRunner.java:412)
	at cucumber.runtime.junit.FeatureRunner.run(FeatureRunner.java:73)
	at cucumber.api.junit.Cucumber.runChild(Cucumber.java:117)
	at cucumber.api.junit.Cucumber.runChild(Cucumber.java:55)
	at org.junit.runners.ParentRunner$4.run(ParentRunner.java:330)
	at org.junit.runners.ParentRunner$1.schedule(ParentRunner.java:78)
	at org.junit.runners.ParentRunner.runChildren(ParentRunner.java:328)
	at org.junit.runners.ParentRunner.access$100(ParentRunner.java:65)
	at org.junit.runners.ParentRunner$2.evaluate(ParentRunner.java:292)
	at cucumber.api.junit.Cucumber$1.evaluate(Cucumber.java:126)
	at org.junit.internal.runners.statements.RunAfters.evaluate(RunAfters.java:27)
	at org.junit.runners.ParentRunner$3.evaluate(ParentRunner.java:305)
	at org.junit.runners.ParentRunner.run(ParentRunner.java:412)
	at org.apache.maven.surefire.junit4.JUnit4Provider.execute(JUnit4Provider.java:365)
	at org.apache.maven.surefire.junit4.JUnit4Provider.executeWithRerun(JUnit4Provider.java:273)
	at org.apache.maven.surefire.junit4.JUnit4Provider.executeTestSet(JUnit4Provider.java:238)
	at org.apache.maven.surefire.junit4.JUnit4Provider.invoke(JUnit4Provider.java:159)
	at org.apache.maven.surefire.booter.ForkedBooter.invokeProviderInSameClassLoader(ForkedBooter.java:383)
	at org.apache.maven.surefire.booter.ForkedBooter.runSuitesInProcess(ForkedBooter.java:344)
	at org.apache.maven.surefire.booter.ForkedBooter.execute(ForkedBooter.java:125)
	at org.apache.maven.surefire.booter.ForkedBooter.main(ForkedBooter.java:417)
&amp#27;[0m
    &amp#27;[36mAnd &amp#27;[0m&amp#27;[36mUser click save scheduler button&amp#27;[0m                              &amp#27;[90m# SchedulersStepDefs.saveScheduler()&amp#27;[0m
    &amp#27;[36mAnd &amp#27;[0m&amp#27;[36mUser go to calendar&amp#27;[0m                                           &amp#27;[90m# SchedulersStepDefs.goToCalendar()&amp#27;[0m
    &amp#27;[36mThen &amp#27;[0m&amp#27;[36mCheck if &amp#27;[0m&amp#27;[36m&amp#27;[1mexactlogicschedule&amp#27;[0m&amp#27;[36m Scheduler disappears on calendar&amp#27;[0m &amp#27;[90m# SchedulersStepDefs.checkSchedulerDisappears(String)&amp#27;[0m
]]></system-out>

      </testcase>

      <testcase classname="Search Tests" name="Search has 3 different part" time="2.694" />

      <testcase classname="Search Tests" name="View all for Buildings" time="4.789" />

      <testcase classname="Search Tests" name="View all for Floors" time="4.813" />

      <testcase classname="Search Tests" name="View all for Devices" time="4.958" />

      <testcase classname="Search Tests" name="User Search with Building name" time="3.919" />

      <testcase classname="Search Tests" name="User Search with Floor name" time="3.983" />

      <testcase classname="Search Tests" name="User Search with Devices name" time="3.828" />

      <testcase classname="Search Tests" name="User Search with Point name" time="3.98" />

      <testcase classname="Sites Page Tests" name="Search for Building" time="3.853" />

      <testcase classname="Sites Page Tests" name="Go To Building Dashboard" time="5.013" />

      <testcase classname="Systems Tests" name="Create System" time="14.833" />

      <testcase classname="Systems Tests" name="Add content to System" time="18.146" />

      <testcase classname="Systems Tests" name="Edit System" time="17.897" />

      <testcase classname="Systems Tests" name="Delete Systems" time="12.482" />

      <testcase classname="Tags Tests" name="Add New Tag" time="6.351" />

      <testcase classname="Tags Tests" name="Search Tag" time="7.486" />

      <testcase classname="Tags Tests" name="Edit Tag" time="11.552" />

      <testcase classname="Tags Tests" name="Delete Tag" time="13.019" />

      <testcase classname="Templates Tests" name="Add New Section and Add new Point" time="10.981" />

      <testcase classname="Templates Tests" name="Edit Section Name" time="16.31" />

      <testcase classname="Templates Tests" name="Edit Point" time="5.542" />

      <testcase classname="Templates Tests" name="Link Points" time="7.012" />

      <testcase classname="Templates Tests" name="Delete Point" time="13.409" />

      <testcase classname="Templates Tests" name="Delete Section" time="10.129" />

      <testcase classname="Units Tests" name="Add New Unit Category" time="5.652" />

      <testcase classname="Units Tests" name="Add new Unit" time="13.592" />

      <testcase classname="Units Tests" name="Edit Unit" time="10.264" />

      <testcase classname="Units Tests" name="Delete Unit" time="8.435" />

      <testcase classname="User Panel Tests" name="Add New User" time="8.301" />

      <testcase classname="User Panel Tests" name="Add New User Account" time="9.998" />

      <testcase classname="User Panel Tests" name="Update User Account Role" time="5.034" />

      <testcase classname="User Panel Tests" name="Update User Account Email" time="5.746" />

      <testcase classname="User Panel Tests" name="Update User Account Password" time="4.771" />

      <testcase classname="User Panel Tests" name="Deactivate User Account" time="5.395" />

      <testcase classname="User Panel Tests" name="Update User to User Account" time="5.298" />

      <testcase classname="User Panel Tests" name="Edit User" time="6.536" />

      <testcase classname="User Panel Tests" name="Assign Buildings to User" time="9.463" />

      <testcase classname="User Panel Tests" name="Remove Building from User" time="14.501">
          <failure message="Building is still on list" type="java.lang.AssertionError">java.lang.AssertionError: Building is still on list
</failure>

          <system-out><![CDATA[
  Background: Steps That execute before every scenario &amp#27;[90m# src/test/resource/UserPanel.feature:3&amp#27;[0m
    &amp#27;[32mGiven &amp#27;[0m&amp#27;[32mOpen KodeLabs Page&amp#27;[0m                           &amp#27;[90m# WebsiteStepDefs.thePreconditionForTheTestGoesToWebsiteOrLogsIn()&amp#27;[0m
    &amp#27;[32mThen &amp#27;[0m&amp#27;[32mCheck if user is logged in&amp#27;[0m                    &amp#27;[90m# WebsiteStepDefs.checkIfUserIsLoggedIn()&amp#27;[0m
    &amp#27;[32mAnd &amp#27;[0m&amp#27;[32mUser Go To admin panel&amp#27;[0m                         &amp#27;[90m# WebsiteStepDefs.clickAdminPanel()&amp#27;[0m
    &amp#27;[32mThen &amp#27;[0m&amp#27;[32mCheck if user is at Admin panel&amp#27;[0m               &amp#27;[90m# WebsiteStepDefs.checkIfAdminPanelPageAppears()&amp#27;[0m
    &amp#27;[32mAnd &amp#27;[0m&amp#27;[32mClick User Panel tab&amp#27;[0m                           &amp#27;[90m# WebsiteStepDefs.clickUserPanel()&amp#27;[0m
    &amp#27;[32mThen &amp#27;[0m&amp#27;[32mCheck if user is at User panel&amp#27;[0m                &amp#27;[90m# WebsiteStepDefs.checkUserPanel()&amp#27;[0m

  @Admin @SmokeTest @UserPanel
  Scenario: Remove Building from User            &amp#27;[90m# src/test/resource/UserPanel.feature:80&amp#27;[0m
    &amp#27;[32mWhen &amp#27;[0m&amp#27;[32mUser click &amp#27;[0m&amp#27;[32m&amp#27;[1mEdonis&amp#27;[0m&amp#27;[32m User&amp#27;[0m                  &amp#27;[90m# WebsiteStepDefs.openUser(String)&amp#27;[0m
    &amp#27;[32mAnd &amp#27;[0m&amp#27;[32mUser go to buildings tab&amp#27;[0m                 &amp#27;[90m# WebsiteStepDefs.goToBuildingsTab()&amp#27;[0m
    &amp#27;[32mAnd &amp#27;[0m&amp#27;[32mUser clicks delete assigned buildings&amp#27;[0m    &amp#27;[90m# WebsiteStepDefs.clickRemoveBuilding()&amp#27;[0m
    &amp#27;[32mAnd &amp#27;[0m&amp#27;[32mUser select building &amp#27;[0m&amp#27;[32m&amp#27;[1mKODE Labs&amp#27;[0m           &amp#27;[90m# WebsiteStepDefs.selectBuilding(String)&amp#27;[0m
    &amp#27;[32mAnd &amp#27;[0m&amp#27;[32mUser click Save changes&amp#27;[0m                  &amp#27;[90m# WebsiteStepDefs.saveButton()&amp#27;[0m
    &amp#27;[31mThen &amp#27;[0m&amp#27;[31mCheck if &amp#27;[0m&amp#27;[31m&amp#27;[1mKODE Labs&amp#27;[0m&amp#27;[31m is removed from user&amp#27;[0m &amp#27;[90m# WebsiteStepDefs.checkRemovedBuilding(String)&amp#27;[0m
      &amp#27;[31mjava.lang.AssertionError: Building is still on list
	at org.junit.Assert.fail(Assert.java:89)
	at org.junit.Assert.assertTrue(Assert.java:42)
	at stepdefs.WebsiteStepDefs.checkRemovedBuilding(WebsiteStepDefs.java:1026)
	at ?.Check if KODE Labs is removed from user(src/test/resource/UserPanel.feature:86)
&amp#27;[0m
]]></system-out>

      </testcase>

      <testcase classname="User Panel Tests" name="Delete Users" time="8.73" />

      <testcase classname="User Panel Tests" name="Delete Users Account" time="8.717" />

      <testcase classname="User Profile Tests" name="Change Password" time="8.732" />

      <testcase classname="User Profile Tests" name="Logout" time="4.884" />

      <testcase classname="User Profile Tests" name="Terminate Session" time="7.677" />

      <testcase classname="Virtual Devices Tests" name="Create Virtual Device" time="11.294" />

      <testcase classname="Virtual Devices Tests" name="Add Points to Virtual Device" time="15.301" />

      <testcase classname="Virtual Devices Tests" name="Remove Points to Virtual Device" time="12.285" />

  </testsuite>
</testsuites>
